------------------------------------------------------------------------------------------------------------------------

[2022-05-14 10:17:22 #1 store] 
Database '/home/xairaur/eclipse-workspace1/Bets21.zip_expanded/Bets21/src/main/resources/bets.temp' is opened by 8542@gorria

[2022-05-14 10:17:22 #2 type.registry] 
New type domain.User

[2022-05-14 10:17:22 #3 type.registry] 
New type domain.Admin

[2022-05-14 10:17:22 #4 type] 
Type domain.Admin is not enhanced.

[2022-05-14 10:17:22 #5 type.registry] 
New type java.util.Vector<domain.User>

[2022-05-14 10:17:23 #6 type.registry] 
New type domain.Erabiltzailea

[2022-05-14 10:17:23 #7 type] 
Type domain.Erabiltzailea is not enhanced.

[2022-05-14 10:17:23 #8 type.registry] 
New type domain.Apustua

[2022-05-14 10:17:23 #9 type.registry] 
New type java.util.Vector<domain.Apustua>

[2022-05-14 10:17:23 #10 type.registry] 
New type domain.Mugimendua

[2022-05-14 10:17:23 #11 type.registry] 
New type java.util.Vector<domain.Mugimendua>

[2022-05-14 10:17:23 #12 type.registry] 
New type java.util.Vector<java.lang.Integer>

[2022-05-14 10:17:23 #13 type] 
Type domain.Apustua is not enhanced.

[2022-05-14 10:17:23 #14 type.registry] 
New type domain.Kuota

[2022-05-14 10:17:23 #15 type.registry] 
New type domain.ApustuAnitza

[2022-05-14 10:17:23 #16 type] 
Type domain.Mugimendua is not enhanced.

[2022-05-14 10:17:23 #17 type] 
Type domain.Kuota is not enhanced.

[2022-05-14 10:17:23 #18 type.registry] 
New type java.util.Vector<domain.ApustuAnitza>

[2022-05-14 10:17:23 #19 type.registry] 
New type domain.Question

[2022-05-14 10:17:23 #20 type] 
Type domain.ApustuAnitza is not enhanced.

[2022-05-14 10:17:23 #21 type] 
Type domain.Question is not enhanced.

[2022-05-14 10:17:23 #22 type.registry] 
New type java.util.Vector<domain.Kuota>

[2022-05-14 10:17:23 #23 type.registry] 
New type domain.Event

[2022-05-14 10:17:23 #24 type] 
Type domain.Event is not enhanced.

[2022-05-14 10:17:23 #25 type.registry] 
New type java.util.Vector<domain.Question>

[2022-05-14 10:17:23 #26 type.registry] 
New type java.util.Vector<java.lang.Object>

[2022-05-14 10:17:26 #27 type.registry] 
New type domain.Kontaktua

[2022-05-14 10:17:26 #28 type] 
Type domain.Kontaktua is not enhanced.

[2022-05-14 10:17:29 #29 type.registry] 
New type domain.Mezua

[2022-05-14 10:17:29 #30 type] 
Type domain.Mezua is not enhanced.

------------------------------------------------------------------------------------------------------------------------

[2022-05-14 10:18:09 #1 store] 
Database '/home/xairaur/eclipse-workspace1/Bets21.zip_expanded/Bets21/src/main/resources/bets.temp' is opened by 8661@gorria

[2022-05-14 10:18:09 #2 type.registry] 
New type domain.User

[2022-05-14 10:18:09 #3 type.registry] 
New type domain.Admin

[2022-05-14 10:18:09 #4 type] 
Type domain.Admin is not enhanced.

[2022-05-14 10:18:09 #5 type.registry] 
New type java.util.Vector<domain.User>

[2022-05-14 10:18:09 #6 type.registry] 
New type domain.Erabiltzailea

[2022-05-14 10:18:09 #7 type] 
Type domain.Erabiltzailea is not enhanced.

[2022-05-14 10:18:09 #8 type.registry] 
New type domain.Apustua

[2022-05-14 10:18:09 #9 type.registry] 
New type java.util.Vector<domain.Apustua>

[2022-05-14 10:18:10 #10 type.registry] 
New type domain.Mugimendua

[2022-05-14 10:18:10 #11 type.registry] 
New type java.util.Vector<domain.Mugimendua>

[2022-05-14 10:18:10 #12 type.registry] 
New type java.util.Vector<java.lang.Integer>

[2022-05-14 10:18:10 #13 type] 
Type domain.Apustua is not enhanced.

[2022-05-14 10:18:10 #14 type.registry] 
New type domain.Kuota

[2022-05-14 10:18:10 #15 type.registry] 
New type domain.ApustuAnitza

[2022-05-14 10:18:10 #16 type] 
Type domain.Mugimendua is not enhanced.

[2022-05-14 10:18:10 #17 type] 
Type domain.Kuota is not enhanced.

[2022-05-14 10:18:10 #18 type.registry] 
New type java.util.Vector<domain.ApustuAnitza>

[2022-05-14 10:18:10 #19 type.registry] 
New type domain.Question

[2022-05-14 10:18:10 #20 type] 
Type domain.ApustuAnitza is not enhanced.

[2022-05-14 10:18:10 #21 type] 
Type domain.Question is not enhanced.

[2022-05-14 10:18:10 #22 type.registry] 
New type java.util.Vector<domain.Kuota>

[2022-05-14 10:18:10 #23 type.registry] 
New type domain.Event

[2022-05-14 10:18:10 #24 type] 
Type domain.Event is not enhanced.

[2022-05-14 10:18:10 #25 type.registry] 
New type java.util.Vector<domain.Question>

[2022-05-14 10:18:10 #26 type.registry] 
New type java.util.Vector<java.lang.Object>

[2022-05-14 10:18:13 #27 type.registry] 
New type domain.Kontaktua

[2022-05-14 10:18:13 #28 type] 
Type domain.Kontaktua is not enhanced.

[2022-05-14 10:18:15 #29 type.registry] 
New type domain.Mezua

[2022-05-14 10:18:15 #30 type] 
Type domain.Mezua is not enhanced.

------------------------------------------------------------------------------------------------------------------------

[2022-05-14 10:21:15 #1 store] 
Database '/home/xairaur/eclipse-workspace1/Bets21.zip_expanded/Bets21/src/main/resources/bets.temp' is opened by 8776@gorria

[2022-05-14 10:21:15 #2 type.registry] 
New type domain.User

[2022-05-14 10:21:15 #3 type.registry] 
New type domain.Admin

[2022-05-14 10:21:15 #4 type] 
Type domain.Admin is not enhanced.

[2022-05-14 10:21:15 #5 type.registry] 
New type java.util.Vector<domain.User>

[2022-05-14 10:21:15 #6 type.registry] 
New type domain.Erabiltzailea

[2022-05-14 10:21:15 #7 type] 
Type domain.Erabiltzailea is not enhanced.

[2022-05-14 10:21:15 #8 type.registry] 
New type domain.Apustua

[2022-05-14 10:21:15 #9 type.registry] 
New type java.util.Vector<domain.Apustua>

[2022-05-14 10:21:15 #10 type.registry] 
New type domain.Mugimendua

[2022-05-14 10:21:15 #11 type.registry] 
New type java.util.Vector<domain.Mugimendua>

[2022-05-14 10:21:15 #12 type.registry] 
New type java.util.Vector<java.lang.Integer>

[2022-05-14 10:21:15 #13 type] 
Type domain.Apustua is not enhanced.

[2022-05-14 10:21:15 #14 type.registry] 
New type domain.Kuota

[2022-05-14 10:21:15 #15 type.registry] 
New type domain.ApustuAnitza

[2022-05-14 10:21:15 #16 type] 
Type domain.Mugimendua is not enhanced.

[2022-05-14 10:21:15 #17 type] 
Type domain.Kuota is not enhanced.

[2022-05-14 10:21:15 #18 type.registry] 
New type java.util.Vector<domain.ApustuAnitza>

[2022-05-14 10:21:15 #19 type.registry] 
New type domain.Question

[2022-05-14 10:21:15 #20 type] 
Type domain.ApustuAnitza is not enhanced.

[2022-05-14 10:21:15 #21 type] 
Type domain.Question is not enhanced.

[2022-05-14 10:21:15 #22 type.registry] 
New type java.util.Vector<domain.Kuota>

[2022-05-14 10:21:15 #23 type.registry] 
New type domain.Event

[2022-05-14 10:21:15 #24 type] 
Type domain.Event is not enhanced.

[2022-05-14 10:21:15 #25 type.registry] 
New type java.util.Vector<domain.Question>

[2022-05-14 10:21:15 #26 type.registry] 
New type java.util.Vector<java.lang.Object>

[2022-05-14 10:21:20 #27 type.registry] 
New type domain.Kontaktua

[2022-05-14 10:21:20 #28 type] 
Type domain.Kontaktua is not enhanced.

[2022-05-14 10:21:23 #29 type.registry] 
New type domain.Mezua

[2022-05-14 10:21:23 #30 type] 
Type domain.Mezua is not enhanced.

------------------------------------------------------------------------------------------------------------------------

[2022-05-14 10:24:32 #1 store] 
Database '/home/xairaur/eclipse-workspace1/Bets21.zip_expanded/Bets21/src/main/resources/bets.temp' is opened by 8956@gorria

[2022-05-14 10:24:33 #2 type.registry] 
New type domain.User

[2022-05-14 10:24:33 #3 type.registry] 
New type domain.Admin

[2022-05-14 10:24:33 #4 type] 
Type domain.Admin is not enhanced.

[2022-05-14 10:24:33 #5 type.registry] 
New type java.util.Vector<domain.User>

[2022-05-14 10:24:33 #6 type.registry] 
New type domain.Erabiltzailea

[2022-05-14 10:24:33 #7 type] 
Type domain.Erabiltzailea is not enhanced.

[2022-05-14 10:24:33 #8 type.registry] 
New type domain.Apustua

[2022-05-14 10:24:33 #9 type.registry] 
New type java.util.Vector<domain.Apustua>

[2022-05-14 10:24:33 #10 type.registry] 
New type domain.Mugimendua

[2022-05-14 10:24:33 #11 type.registry] 
New type java.util.Vector<domain.Mugimendua>

[2022-05-14 10:24:33 #12 type.registry] 
New type java.util.Vector<java.lang.Integer>

[2022-05-14 10:24:33 #13 type] 
Type domain.Apustua is not enhanced.

[2022-05-14 10:24:33 #14 type.registry] 
New type domain.Kuota

[2022-05-14 10:24:33 #15 type.registry] 
New type domain.ApustuAnitza

[2022-05-14 10:24:33 #16 type] 
Type domain.Mugimendua is not enhanced.

[2022-05-14 10:24:33 #17 type] 
Type domain.Kuota is not enhanced.

[2022-05-14 10:24:33 #18 type.registry] 
New type java.util.Vector<domain.ApustuAnitza>

[2022-05-14 10:24:33 #19 type.registry] 
New type domain.Question

[2022-05-14 10:24:33 #20 type] 
Type domain.ApustuAnitza is not enhanced.

[2022-05-14 10:24:33 #21 type] 
Type domain.Question is not enhanced.

[2022-05-14 10:24:33 #22 type.registry] 
New type java.util.Vector<domain.Kuota>

[2022-05-14 10:24:33 #23 type.registry] 
New type domain.Event

[2022-05-14 10:24:33 #24 type] 
Type domain.Event is not enhanced.

[2022-05-14 10:24:33 #25 type.registry] 
New type java.util.Vector<domain.Question>

[2022-05-14 10:24:33 #26 type.registry] 
New type java.util.Vector<java.lang.Object>

[2022-05-14 10:24:37 #27 type.registry] 
New type domain.Kontaktua

[2022-05-14 10:24:37 #28 type] 
Type domain.Kontaktua is not enhanced.

[2022-05-14 10:24:39 #29 type.registry] 
New type domain.Mezua

[2022-05-14 10:24:39 #30 type] 
Type domain.Mezua is not enhanced.

------------------------------------------------------------------------------------------------------------------------

[2022-05-14 11:03:39 #1 store] 
Database '/home/xairaur/eclipse-workspace1/Bets21.zip_expanded/Bets21/src/main/resources/bets.temp' is opened by 12434@gorria

[2022-05-14 11:03:39 #2 type.registry] 
New type domain.User

[2022-05-14 11:03:39 #3 type.registry] 
New type domain.Admin

[2022-05-14 11:03:39 #4 type] 
Type domain.Admin is not enhanced.

[2022-05-14 11:03:39 #5 type.registry] 
New type java.util.Vector<domain.User>

[2022-05-14 11:03:39 #6 type.registry] 
New type domain.Erabiltzailea

[2022-05-14 11:03:39 #7 type] 
Type domain.Erabiltzailea is not enhanced.

[2022-05-14 11:03:39 #8 type.registry] 
New type domain.Apustua

[2022-05-14 11:03:39 #9 type.registry] 
New type java.util.Vector<domain.Apustua>

[2022-05-14 11:03:39 #10 type.registry] 
New type domain.Mugimendua

[2022-05-14 11:03:39 #11 type.registry] 
New type java.util.Vector<domain.Mugimendua>

[2022-05-14 11:03:39 #12 type.registry] 
New type java.util.Vector<java.lang.Integer>

[2022-05-14 11:03:39 #13 type] 
Type domain.Apustua is not enhanced.

[2022-05-14 11:03:39 #14 type.registry] 
New type domain.Kuota

[2022-05-14 11:03:39 #15 type.registry] 
New type domain.ApustuAnitza

[2022-05-14 11:03:39 #16 type] 
Type domain.Mugimendua is not enhanced.

[2022-05-14 11:03:39 #17 type] 
Type domain.Kuota is not enhanced.

[2022-05-14 11:03:39 #18 type.registry] 
New type java.util.Vector<domain.ApustuAnitza>

[2022-05-14 11:03:39 #19 type.registry] 
New type domain.Question

[2022-05-14 11:03:39 #20 type] 
Type domain.ApustuAnitza is not enhanced.

[2022-05-14 11:03:39 #21 type] 
Type domain.Question is not enhanced.

[2022-05-14 11:03:39 #22 type.registry] 
New type java.util.Vector<domain.Kuota>

[2022-05-14 11:03:39 #23 type.registry] 
New type domain.Event

[2022-05-14 11:03:39 #24 type] 
Type domain.Event is not enhanced.

[2022-05-14 11:03:39 #25 type.registry] 
New type java.util.Vector<domain.Question>

[2022-05-14 11:03:39 #26 type.registry] 
New type java.util.Vector<java.lang.Object>

[2022-05-14 11:03:46 #27 type.registry] 
New type domain.Kontaktua

[2022-05-14 11:03:46 #28 type] 
Type domain.Kontaktua is not enhanced.

[2022-05-14 11:03:48 #29 type.registry] 
New type domain.Mezua

[2022-05-14 11:03:48 #30 type] 
Type domain.Mezua is not enhanced.

------------------------------------------------------------------------------------------------------------------------

[2022-05-14 11:06:10 #1 store] 
Database '/home/xairaur/eclipse-workspace1/Bets21.zip_expanded/Bets21/src/main/resources/bets.temp' is opened by 12523@gorria

[2022-05-14 11:06:10 #2 type.registry] 
New type domain.User

[2022-05-14 11:06:10 #3 type.registry] 
New type domain.Admin

[2022-05-14 11:06:10 #4 type] 
Type domain.Admin is not enhanced.

[2022-05-14 11:06:10 #5 type.registry] 
New type java.util.Vector<domain.User>

[2022-05-14 11:06:10 #6 type.registry] 
New type domain.Erabiltzailea

[2022-05-14 11:06:10 #7 type] 
Type domain.Erabiltzailea is not enhanced.

[2022-05-14 11:06:10 #8 type.registry] 
New type domain.Apustua

[2022-05-14 11:06:10 #9 type.registry] 
New type java.util.Vector<domain.Apustua>

[2022-05-14 11:06:10 #10 type.registry] 
New type domain.Mugimendua

[2022-05-14 11:06:10 #11 type.registry] 
New type java.util.Vector<domain.Mugimendua>

[2022-05-14 11:06:10 #12 type.registry] 
New type java.util.Vector<java.lang.Integer>

[2022-05-14 11:06:10 #13 type] 
Type domain.Apustua is not enhanced.

[2022-05-14 11:06:10 #14 type.registry] 
New type domain.Kuota

[2022-05-14 11:06:10 #15 type.registry] 
New type domain.ApustuAnitza

[2022-05-14 11:06:10 #16 type] 
Type domain.Mugimendua is not enhanced.

[2022-05-14 11:06:10 #17 type] 
Type domain.Kuota is not enhanced.

[2022-05-14 11:06:10 #18 type.registry] 
New type java.util.Vector<domain.ApustuAnitza>

[2022-05-14 11:06:10 #19 type.registry] 
New type domain.Question

[2022-05-14 11:06:10 #20 type] 
Type domain.ApustuAnitza is not enhanced.

[2022-05-14 11:06:10 #21 type] 
Type domain.Question is not enhanced.

[2022-05-14 11:06:10 #22 type.registry] 
New type java.util.Vector<domain.Kuota>

[2022-05-14 11:06:10 #23 type.registry] 
New type domain.Event

[2022-05-14 11:06:10 #24 type] 
Type domain.Event is not enhanced.

[2022-05-14 11:06:10 #25 type.registry] 
New type java.util.Vector<domain.Question>

[2022-05-14 11:06:10 #26 type.registry] 
New type java.util.Vector<java.lang.Object>

[2022-05-14 11:06:14 #27 type.registry] 
New type domain.Kontaktua

[2022-05-14 11:06:14 #28 type] 
Type domain.Kontaktua is not enhanced.

[2022-05-14 11:06:22 #29 type.registry] 
New type domain.Mezua

[2022-05-14 11:06:22 #30 type] 
Type domain.Mezua is not enhanced.

------------------------------------------------------------------------------------------------------------------------

[2022-05-14 11:08:54 #1 store] 
Database '/home/xairaur/eclipse-workspace1/Bets21.zip_expanded/Bets21/src/main/resources/bets.temp' is opened by 12663@gorria

[2022-05-14 11:08:55 #2 type.registry] 
New type domain.User

[2022-05-14 11:08:55 #3 type.registry] 
New type domain.Admin

[2022-05-14 11:08:55 #4 type] 
Type domain.Admin is not enhanced.

[2022-05-14 11:08:55 #5 type.registry] 
New type java.util.Vector<domain.User>

[2022-05-14 11:08:55 #6 type.registry] 
New type domain.Erabiltzailea

[2022-05-14 11:08:55 #7 type] 
Type domain.Erabiltzailea is not enhanced.

[2022-05-14 11:08:55 #8 type.registry] 
New type domain.Apustua

[2022-05-14 11:08:55 #9 type.registry] 
New type java.util.Vector<domain.Apustua>

[2022-05-14 11:08:55 #10 type.registry] 
New type domain.Mugimendua

[2022-05-14 11:08:55 #11 type.registry] 
New type java.util.Vector<domain.Mugimendua>

[2022-05-14 11:08:55 #12 type.registry] 
New type java.util.Vector<java.lang.Integer>

[2022-05-14 11:08:55 #13 type] 
Type domain.Apustua is not enhanced.

[2022-05-14 11:08:55 #14 type.registry] 
New type domain.Kuota

[2022-05-14 11:08:55 #15 type.registry] 
New type domain.ApustuAnitza

[2022-05-14 11:08:55 #16 type] 
Type domain.Mugimendua is not enhanced.

[2022-05-14 11:08:55 #17 type] 
Type domain.Kuota is not enhanced.

[2022-05-14 11:08:55 #18 type.registry] 
New type java.util.Vector<domain.ApustuAnitza>

[2022-05-14 11:08:55 #19 type.registry] 
New type domain.Question

[2022-05-14 11:08:55 #20 type] 
Type domain.ApustuAnitza is not enhanced.

[2022-05-14 11:08:55 #21 type] 
Type domain.Question is not enhanced.

[2022-05-14 11:08:55 #22 type.registry] 
New type java.util.Vector<domain.Kuota>

[2022-05-14 11:08:55 #23 type.registry] 
New type domain.Event

[2022-05-14 11:08:55 #24 type] 
Type domain.Event is not enhanced.

[2022-05-14 11:08:55 #25 type.registry] 
New type java.util.Vector<domain.Question>

[2022-05-14 11:08:55 #26 type.registry] 
New type java.util.Vector<java.lang.Object>

[2022-05-14 11:08:59 #27 type.registry] 
New type domain.Kontaktua

[2022-05-14 11:08:59 #28 type] 
Type domain.Kontaktua is not enhanced.

[2022-05-14 11:09:02 #29 type.registry] 
New type domain.Mezua

[2022-05-14 11:09:02 #30 type] 
Type domain.Mezua is not enhanced.

------------------------------------------------------------------------------------------------------------------------

[2022-05-14 11:12:32 #1 store] 
Database '/home/xairaur/eclipse-workspace1/Bets21.zip_expanded/Bets21/src/main/resources/bets.temp' is opened by 12868@gorria

[2022-05-14 11:12:32 #2 type.registry] 
New type domain.User

[2022-05-14 11:12:32 #3 type.registry] 
New type domain.Admin

[2022-05-14 11:12:32 #4 type] 
Type domain.Admin is not enhanced.

[2022-05-14 11:12:32 #5 type.registry] 
New type java.util.Vector<domain.User>

[2022-05-14 11:12:32 #6 type.registry] 
New type domain.Erabiltzailea

[2022-05-14 11:12:32 #7 type] 
Type domain.Erabiltzailea is not enhanced.

[2022-05-14 11:12:32 #8 type.registry] 
New type domain.Apustua

[2022-05-14 11:12:32 #9 type.registry] 
New type java.util.Vector<domain.Apustua>

[2022-05-14 11:12:32 #10 type.registry] 
New type domain.Mugimendua

[2022-05-14 11:12:32 #11 type.registry] 
New type java.util.Vector<domain.Mugimendua>

[2022-05-14 11:12:32 #12 type.registry] 
New type java.util.Vector<java.lang.Integer>

[2022-05-14 11:12:32 #13 type] 
Type domain.Apustua is not enhanced.

[2022-05-14 11:12:32 #14 type.registry] 
New type domain.Kuota

[2022-05-14 11:12:32 #15 type.registry] 
New type domain.ApustuAnitza

[2022-05-14 11:12:32 #16 type] 
Type domain.Mugimendua is not enhanced.

[2022-05-14 11:12:32 #17 type] 
Type domain.Kuota is not enhanced.

[2022-05-14 11:12:32 #18 type.registry] 
New type java.util.Vector<domain.ApustuAnitza>

[2022-05-14 11:12:33 #19 type.registry] 
New type domain.Question

[2022-05-14 11:12:33 #20 type] 
Type domain.ApustuAnitza is not enhanced.

[2022-05-14 11:12:33 #21 type] 
Type domain.Question is not enhanced.

[2022-05-14 11:12:33 #22 type.registry] 
New type java.util.Vector<domain.Kuota>

[2022-05-14 11:12:33 #23 type.registry] 
New type domain.Event

[2022-05-14 11:12:33 #24 type] 
Type domain.Event is not enhanced.

[2022-05-14 11:12:33 #25 type.registry] 
New type java.util.Vector<domain.Question>

[2022-05-14 11:12:33 #26 type.registry] 
New type java.util.Vector<java.lang.Object>

[2022-05-14 11:12:36 #27 type.registry] 
New type domain.Kontaktua

[2022-05-14 11:12:36 #28 type] 
Type domain.Kontaktua is not enhanced.

[2022-05-14 11:12:39 #29 type.registry] 
New type domain.Mezua

[2022-05-14 11:12:39 #30 type] 
Type domain.Mezua is not enhanced.

------------------------------------------------------------------------------------------------------------------------

[2022-05-14 11:21:56 #1 store] 
Database '/home/xairaur/eclipse-workspace1/Bets21.zip_expanded/Bets21/src/main/resources/bets.temp' is opened by 13243@gorria

[2022-05-14 11:21:56 #2 type.registry] 
New type domain.User

[2022-05-14 11:21:56 #3 type.registry] 
New type domain.Admin

[2022-05-14 11:21:56 #4 type] 
Type domain.Admin is not enhanced.

[2022-05-14 11:21:56 #5 type.registry] 
New type java.util.Vector<domain.User>

[2022-05-14 11:21:56 #6 type.registry] 
New type domain.Erabiltzailea

[2022-05-14 11:21:56 #7 type] 
Type domain.Erabiltzailea is not enhanced.

[2022-05-14 11:21:56 #8 type.registry] 
New type domain.Apustua

[2022-05-14 11:21:56 #9 type.registry] 
New type java.util.Vector<domain.Apustua>

[2022-05-14 11:21:56 #10 type.registry] 
New type domain.Mugimendua

[2022-05-14 11:21:56 #11 type.registry] 
New type java.util.Vector<domain.Mugimendua>

[2022-05-14 11:21:56 #12 type.registry] 
New type java.util.Vector<java.lang.Integer>

[2022-05-14 11:21:56 #13 type] 
Type domain.Apustua is not enhanced.

[2022-05-14 11:21:56 #14 type.registry] 
New type domain.Kuota

[2022-05-14 11:21:56 #15 type.registry] 
New type domain.ApustuAnitza

[2022-05-14 11:21:56 #16 type] 
Type domain.Mugimendua is not enhanced.

[2022-05-14 11:21:56 #17 type] 
Type domain.Kuota is not enhanced.

[2022-05-14 11:21:56 #18 type.registry] 
New type java.util.Vector<domain.ApustuAnitza>

[2022-05-14 11:21:56 #19 type.registry] 
New type domain.Question

[2022-05-14 11:21:56 #20 type] 
Type domain.ApustuAnitza is not enhanced.

[2022-05-14 11:21:56 #21 type] 
Type domain.Question is not enhanced.

[2022-05-14 11:21:56 #22 type.registry] 
New type java.util.Vector<domain.Kuota>

[2022-05-14 11:21:56 #23 type.registry] 
New type domain.Event

[2022-05-14 11:21:56 #24 type] 
Type domain.Event is not enhanced.

[2022-05-14 11:21:56 #25 type.registry] 
New type java.util.Vector<domain.Question>

[2022-05-14 11:21:56 #26 type.registry] 
New type java.util.Vector<java.lang.Object>

[2022-05-14 11:22:00 #27 type.registry] 
New type domain.Kontaktua

[2022-05-14 11:22:00 #28 type] 
Type domain.Kontaktua is not enhanced.

[2022-05-14 11:22:03 #29 type.registry] 
New type domain.Mezua

[2022-05-14 11:22:03 #30 type] 
Type domain.Mezua is not enhanced.

------------------------------------------------------------------------------------------------------------------------

[2022-05-14 11:30:20 #1 store] 
Database '/home/xairaur/eclipse-workspace1/Bets21.zip_expanded/Bets21/src/main/resources/bets.temp' is opened by 13683@gorria

[2022-05-14 11:30:20 #2 type.registry] 
New type domain.User

[2022-05-14 11:30:20 #3 type.registry] 
New type domain.Admin

[2022-05-14 11:30:20 #4 type] 
Type domain.Admin is not enhanced.

[2022-05-14 11:30:20 #5 type.registry] 
New type java.util.Vector<domain.User>

[2022-05-14 11:30:20 #6 type.registry] 
New type domain.Erabiltzailea

[2022-05-14 11:30:20 #7 type] 
Type domain.Erabiltzailea is not enhanced.

[2022-05-14 11:30:20 #8 type.registry] 
New type domain.Apustua

[2022-05-14 11:30:20 #9 type.registry] 
New type java.util.Vector<domain.Apustua>

[2022-05-14 11:30:20 #10 type.registry] 
New type domain.Mugimendua

[2022-05-14 11:30:20 #11 type.registry] 
New type java.util.Vector<domain.Mugimendua>

[2022-05-14 11:30:20 #12 type.registry] 
New type java.util.Vector<java.lang.Integer>

[2022-05-14 11:30:20 #13 type] 
Type domain.Apustua is not enhanced.

[2022-05-14 11:30:20 #14 type.registry] 
New type domain.Kuota

[2022-05-14 11:30:20 #15 type.registry] 
New type domain.ApustuAnitza

[2022-05-14 11:30:20 #16 type] 
Type domain.Mugimendua is not enhanced.

[2022-05-14 11:30:20 #17 type] 
Type domain.Kuota is not enhanced.

[2022-05-14 11:30:20 #18 type.registry] 
New type java.util.Vector<domain.ApustuAnitza>

[2022-05-14 11:30:20 #19 type.registry] 
New type domain.Question

[2022-05-14 11:30:20 #20 type] 
Type domain.ApustuAnitza is not enhanced.

[2022-05-14 11:30:20 #21 type] 
Type domain.Question is not enhanced.

[2022-05-14 11:30:20 #22 type.registry] 
New type java.util.Vector<domain.Kuota>

[2022-05-14 11:30:20 #23 type.registry] 
New type domain.Event

[2022-05-14 11:30:20 #24 type] 
Type domain.Event is not enhanced.

[2022-05-14 11:30:20 #25 type.registry] 
New type java.util.Vector<domain.Question>

[2022-05-14 11:30:20 #26 type.registry] 
New type java.util.Vector<java.lang.Object>

[2022-05-14 11:30:26 #27 type.registry] 
New type domain.Kontaktua

[2022-05-14 11:30:26 #28 type] 
Type domain.Kontaktua is not enhanced.

[2022-05-14 11:30:28 #29 type.registry] 
New type domain.Mezua

[2022-05-14 11:30:28 #30 type] 
Type domain.Mezua is not enhanced.

------------------------------------------------------------------------------------------------------------------------

[2022-05-14 11:31:02 #1 store] 
Database '/home/xairaur/eclipse-workspace1/Bets21.zip_expanded/Bets21/src/main/resources/bets.temp' is opened by 13742@gorria

[2022-05-14 11:31:02 #2 type.registry] 
New type domain.User

[2022-05-14 11:31:02 #3 type.registry] 
New type domain.Admin

[2022-05-14 11:31:02 #4 type] 
Type domain.Admin is not enhanced.

[2022-05-14 11:31:02 #5 type.registry] 
New type java.util.Vector<domain.User>

[2022-05-14 11:31:02 #6 type.registry] 
New type domain.Erabiltzailea

[2022-05-14 11:31:02 #7 type] 
Type domain.Erabiltzailea is not enhanced.

[2022-05-14 11:31:02 #8 type.registry] 
New type domain.Apustua

[2022-05-14 11:31:02 #9 type.registry] 
New type java.util.Vector<domain.Apustua>

[2022-05-14 11:31:02 #10 type.registry] 
New type domain.Mugimendua

[2022-05-14 11:31:02 #11 type.registry] 
New type java.util.Vector<domain.Mugimendua>

[2022-05-14 11:31:02 #12 type.registry] 
New type java.util.Vector<java.lang.Integer>

[2022-05-14 11:31:02 #13 type] 
Type domain.Apustua is not enhanced.

[2022-05-14 11:31:02 #14 type.registry] 
New type domain.Kuota

[2022-05-14 11:31:02 #15 type.registry] 
New type domain.ApustuAnitza

[2022-05-14 11:31:02 #16 type] 
Type domain.Mugimendua is not enhanced.

[2022-05-14 11:31:02 #17 type] 
Type domain.Kuota is not enhanced.

[2022-05-14 11:31:02 #18 type.registry] 
New type java.util.Vector<domain.ApustuAnitza>

[2022-05-14 11:31:02 #19 type.registry] 
New type domain.Question

[2022-05-14 11:31:02 #20 type] 
Type domain.ApustuAnitza is not enhanced.

[2022-05-14 11:31:02 #21 type] 
Type domain.Question is not enhanced.

[2022-05-14 11:31:02 #22 type.registry] 
New type java.util.Vector<domain.Kuota>

[2022-05-14 11:31:02 #23 type.registry] 
New type domain.Event

[2022-05-14 11:31:02 #24 type] 
Type domain.Event is not enhanced.

[2022-05-14 11:31:02 #25 type.registry] 
New type java.util.Vector<domain.Question>

[2022-05-14 11:31:02 #26 type.registry] 
New type java.util.Vector<java.lang.Object>

[2022-05-14 11:31:09 #27 type.registry] 
New type domain.Kontaktua

[2022-05-14 11:31:09 #28 type] 
Type domain.Kontaktua is not enhanced.

[2022-05-14 11:31:12 #29 type.registry] 
New type domain.Mezua

[2022-05-14 11:31:12 #30 type] 
Type domain.Mezua is not enhanced.

------------------------------------------------------------------------------------------------------------------------

[2022-05-14 11:44:02 #1 store] 
Database '/home/xairaur/eclipse-workspace1/Bets21.zip_expanded/Bets21/src/main/resources/bets.temp' is opened by 14413@gorria

[2022-05-14 11:44:03 #2 type.registry] 
New type domain.User

[2022-05-14 11:44:03 #3 type.registry] 
New type domain.Admin

[2022-05-14 11:44:03 #4 type] 
Type domain.Admin is not enhanced.

[2022-05-14 11:44:03 #5 type.registry] 
New type java.util.Vector<domain.User>

[2022-05-14 11:44:03 #6 type.registry] 
New type domain.Erabiltzailea

[2022-05-14 11:44:03 #7 type] 
Type domain.Erabiltzailea is not enhanced.

[2022-05-14 11:44:03 #8 type.registry] 
New type domain.Apustua

[2022-05-14 11:44:03 #9 type.registry] 
New type java.util.Vector<domain.Apustua>

[2022-05-14 11:44:03 #10 type.registry] 
New type domain.Mugimendua

[2022-05-14 11:44:03 #11 type.registry] 
New type java.util.Vector<domain.Mugimendua>

[2022-05-14 11:44:03 #12 type.registry] 
New type java.util.Vector<java.lang.Integer>

[2022-05-14 11:44:03 #13 type] 
Type domain.Apustua is not enhanced.

[2022-05-14 11:44:03 #14 type.registry] 
New type domain.Kuota

[2022-05-14 11:44:03 #15 type.registry] 
New type domain.ApustuAnitza

[2022-05-14 11:44:03 #16 type] 
Type domain.Mugimendua is not enhanced.

[2022-05-14 11:44:03 #17 type] 
Type domain.Kuota is not enhanced.

[2022-05-14 11:44:03 #18 type.registry] 
New type java.util.Vector<domain.ApustuAnitza>

[2022-05-14 11:44:03 #19 type.registry] 
New type domain.Question

[2022-05-14 11:44:03 #20 type] 
Type domain.ApustuAnitza is not enhanced.

[2022-05-14 11:44:03 #21 type] 
Type domain.Question is not enhanced.

[2022-05-14 11:44:03 #22 type.registry] 
New type java.util.Vector<domain.Kuota>

[2022-05-14 11:44:03 #23 type.registry] 
New type domain.Event

[2022-05-14 11:44:03 #24 type] 
Type domain.Event is not enhanced.

[2022-05-14 11:44:03 #25 type.registry] 
New type java.util.Vector<domain.Question>

[2022-05-14 11:44:03 #26 type.registry] 
New type java.util.Vector<java.lang.Object>

------------------------------------------------------------------------------------------------------------------------

[2022-05-14 11:44:29 #1 store] 
Database '/home/xairaur/eclipse-workspace1/Bets21.zip_expanded/Bets21/src/main/resources/bets.temp' is opened by 14482@gorria

[2022-05-14 11:44:30 #2 type.registry] 
New type domain.User

[2022-05-14 11:44:30 #3 type.registry] 
New type domain.Admin

[2022-05-14 11:44:30 #4 type] 
Type domain.Admin is not enhanced.

[2022-05-14 11:44:30 #5 type.registry] 
New type java.util.Vector<domain.User>

[2022-05-14 11:44:30 #6 type.registry] 
New type domain.Erabiltzailea

[2022-05-14 11:44:30 #7 type] 
Type domain.Erabiltzailea is not enhanced.

[2022-05-14 11:44:30 #8 type.registry] 
New type domain.Apustua

[2022-05-14 11:44:30 #9 type.registry] 
New type java.util.Vector<domain.Apustua>

[2022-05-14 11:44:30 #10 type.registry] 
New type domain.Mugimendua

[2022-05-14 11:44:30 #11 type.registry] 
New type java.util.Vector<domain.Mugimendua>

[2022-05-14 11:44:30 #12 type.registry] 
New type java.util.Vector<java.lang.Integer>

[2022-05-14 11:44:30 #13 type] 
Type domain.Apustua is not enhanced.

[2022-05-14 11:44:30 #14 type.registry] 
New type domain.Kuota

[2022-05-14 11:44:30 #15 type.registry] 
New type domain.ApustuAnitza

[2022-05-14 11:44:30 #16 type] 
Type domain.Mugimendua is not enhanced.

[2022-05-14 11:44:30 #17 type] 
Type domain.Kuota is not enhanced.

[2022-05-14 11:44:30 #18 type.registry] 
New type java.util.Vector<domain.ApustuAnitza>

[2022-05-14 11:44:30 #19 type.registry] 
New type domain.Question

[2022-05-14 11:44:30 #20 type] 
Type domain.ApustuAnitza is not enhanced.

[2022-05-14 11:44:30 #21 type] 
Type domain.Question is not enhanced.

[2022-05-14 11:44:30 #22 type.registry] 
New type java.util.Vector<domain.Kuota>

[2022-05-14 11:44:30 #23 type.registry] 
New type domain.Event

[2022-05-14 11:44:30 #24 type] 
Type domain.Event is not enhanced.

[2022-05-14 11:44:30 #25 type.registry] 
New type java.util.Vector<domain.Question>

[2022-05-14 11:44:30 #26 type.registry] 
New type java.util.Vector<java.lang.Object>

[2022-05-14 11:44:34 #27 type.registry] 
New type domain.Kontaktua

[2022-05-14 11:44:34 #28 type] 
Type domain.Kontaktua is not enhanced.

------------------------------------------------------------------------------------------------------------------------

[2022-05-14 11:44:59 #1 store] 
Database '/home/xairaur/eclipse-workspace1/Bets21.zip_expanded/Bets21/src/main/resources/bets.temp' is opened by 14543@gorria

[2022-05-14 11:45:00 #2 type.registry] 
New type domain.User

[2022-05-14 11:45:00 #3 type.registry] 
New type domain.Admin

[2022-05-14 11:45:00 #4 type] 
Type domain.Admin is not enhanced.

[2022-05-14 11:45:00 #5 type.registry] 
New type java.util.Vector<domain.User>

[2022-05-14 11:45:00 #6 type.registry] 
New type domain.Erabiltzailea

[2022-05-14 11:45:00 #7 type] 
Type domain.Erabiltzailea is not enhanced.

[2022-05-14 11:45:00 #8 type.registry] 
New type domain.Apustua

[2022-05-14 11:45:00 #9 type.registry] 
New type java.util.Vector<domain.Apustua>

[2022-05-14 11:45:00 #10 type.registry] 
New type domain.Mugimendua

[2022-05-14 11:45:00 #11 type.registry] 
New type java.util.Vector<domain.Mugimendua>

[2022-05-14 11:45:00 #12 type.registry] 
New type java.util.Vector<java.lang.Integer>

[2022-05-14 11:45:00 #13 type] 
Type domain.Apustua is not enhanced.

[2022-05-14 11:45:00 #14 type.registry] 
New type domain.Kuota

[2022-05-14 11:45:00 #15 type.registry] 
New type domain.ApustuAnitza

[2022-05-14 11:45:00 #16 type] 
Type domain.Mugimendua is not enhanced.

[2022-05-14 11:45:00 #17 type] 
Type domain.Kuota is not enhanced.

[2022-05-14 11:45:00 #18 type.registry] 
New type java.util.Vector<domain.ApustuAnitza>

[2022-05-14 11:45:00 #19 type.registry] 
New type domain.Question

[2022-05-14 11:45:00 #20 type] 
Type domain.ApustuAnitza is not enhanced.

[2022-05-14 11:45:00 #21 type] 
Type domain.Question is not enhanced.

[2022-05-14 11:45:00 #22 type.registry] 
New type java.util.Vector<domain.Kuota>

[2022-05-14 11:45:00 #23 type.registry] 
New type domain.Event

[2022-05-14 11:45:00 #24 type] 
Type domain.Event is not enhanced.

[2022-05-14 11:45:00 #25 type.registry] 
New type java.util.Vector<domain.Question>

[2022-05-14 11:45:00 #26 type.registry] 
New type java.util.Vector<java.lang.Object>

[2022-05-14 11:45:03 #27 type.registry] 
New type domain.Kontaktua

[2022-05-14 11:45:03 #28 type] 
Type domain.Kontaktua is not enhanced.

[2022-05-14 11:45:15 #29 type.registry] 
New type domain.Mezua

[2022-05-14 11:45:15 #30 type] 
Type domain.Mezua is not enhanced.

------------------------------------------------------------------------------------------------------------------------

[2022-05-14 11:58:03 #1 store] 
Database '/home/xairaur/eclipse-workspace1/Bets21.zip_expanded/Bets21/src/main/resources/bets.temp' is opened by 14989@gorria

[2022-05-14 11:58:03 #2 type.registry] 
New type domain.User

[2022-05-14 11:58:03 #3 type.registry] 
New type domain.Admin

[2022-05-14 11:58:03 #4 type] 
Type domain.Admin is not enhanced.

[2022-05-14 11:58:03 #5 type.registry] 
New type java.util.Vector<domain.User>

[2022-05-14 11:58:03 #6 type.registry] 
New type domain.Erabiltzailea

[2022-05-14 11:58:03 #7 type] 
Type domain.Erabiltzailea is not enhanced.

[2022-05-14 11:58:03 #8 type.registry] 
New type domain.Apustua

[2022-05-14 11:58:03 #9 type.registry] 
New type java.util.Vector<domain.Apustua>

[2022-05-14 11:58:03 #10 type.registry] 
New type domain.Mugimendua

[2022-05-14 11:58:03 #11 type.registry] 
New type java.util.Vector<domain.Mugimendua>

[2022-05-14 11:58:03 #12 type.registry] 
New type java.util.Vector<java.lang.Integer>

[2022-05-14 11:58:03 #13 type] 
Type domain.Apustua is not enhanced.

[2022-05-14 11:58:03 #14 type.registry] 
New type domain.Kuota

[2022-05-14 11:58:03 #15 type.registry] 
New type domain.ApustuAnitza

[2022-05-14 11:58:03 #16 type] 
Type domain.Mugimendua is not enhanced.

[2022-05-14 11:58:03 #17 type] 
Type domain.Kuota is not enhanced.

[2022-05-14 11:58:03 #18 type.registry] 
New type java.util.Vector<domain.ApustuAnitza>

[2022-05-14 11:58:03 #19 type.registry] 
New type domain.Question

[2022-05-14 11:58:03 #20 type] 
Type domain.ApustuAnitza is not enhanced.

[2022-05-14 11:58:03 #21 type] 
Type domain.Question is not enhanced.

[2022-05-14 11:58:03 #22 type.registry] 
New type java.util.Vector<domain.Kuota>

[2022-05-14 11:58:03 #23 type.registry] 
New type domain.Event

[2022-05-14 11:58:03 #24 type] 
Type domain.Event is not enhanced.

[2022-05-14 11:58:03 #25 type.registry] 
New type java.util.Vector<domain.Question>

[2022-05-14 11:58:03 #26 type.registry] 
New type java.util.Vector<java.lang.Object>

------------------------------------------------------------------------------------------------------------------------

[2022-05-14 11:59:06 #1 store] 
Database '/home/xairaur/eclipse-workspace1/Bets21.zip_expanded/Bets21/src/main/resources/bets.temp' is opened by 15109@gorria

[2022-05-14 11:59:07 #2 type.registry] 
New type domain.User

[2022-05-14 11:59:07 #3 type.registry] 
New type domain.Admin

[2022-05-14 11:59:07 #4 type] 
Type domain.Admin is not enhanced.

[2022-05-14 11:59:07 #5 type.registry] 
New type java.util.Vector<domain.User>

[2022-05-14 11:59:07 #6 type.registry] 
New type domain.Erabiltzailea

[2022-05-14 11:59:07 #7 type] 
Type domain.Erabiltzailea is not enhanced.

[2022-05-14 11:59:07 #8 type.registry] 
New type domain.Apustua

[2022-05-14 11:59:07 #9 type.registry] 
New type java.util.Vector<domain.Apustua>

[2022-05-14 11:59:07 #10 type.registry] 
New type domain.Mugimendua

[2022-05-14 11:59:07 #11 type.registry] 
New type java.util.Vector<domain.Mugimendua>

[2022-05-14 11:59:07 #12 type.registry] 
New type java.util.Vector<java.lang.Integer>

[2022-05-14 11:59:07 #13 type] 
Type domain.Apustua is not enhanced.

[2022-05-14 11:59:07 #14 type.registry] 
New type domain.Kuota

[2022-05-14 11:59:07 #15 type.registry] 
New type domain.ApustuAnitza

[2022-05-14 11:59:07 #16 type] 
Type domain.Mugimendua is not enhanced.

[2022-05-14 11:59:07 #17 type] 
Type domain.Kuota is not enhanced.

[2022-05-14 11:59:07 #18 type.registry] 
New type java.util.Vector<domain.ApustuAnitza>

[2022-05-14 11:59:07 #19 type.registry] 
New type domain.Question

[2022-05-14 11:59:07 #20 type] 
Type domain.ApustuAnitza is not enhanced.

[2022-05-14 11:59:07 #21 type] 
Type domain.Question is not enhanced.

[2022-05-14 11:59:07 #22 type.registry] 
New type java.util.Vector<domain.Kuota>

[2022-05-14 11:59:07 #23 type.registry] 
New type domain.Event

[2022-05-14 11:59:07 #24 type] 
Type domain.Event is not enhanced.

[2022-05-14 11:59:07 #25 type.registry] 
New type java.util.Vector<domain.Question>

[2022-05-14 11:59:07 #26 type.registry] 
New type java.util.Vector<java.lang.Object>

------------------------------------------------------------------------------------------------------------------------

[2022-05-14 12:00:02 #1 store] 
Database '/home/xairaur/eclipse-workspace1/Bets21.zip_expanded/Bets21/src/main/resources/bets.temp' is opened by 15201@gorria

[2022-05-14 12:00:02 #2 type.registry] 
New type domain.User

[2022-05-14 12:00:02 #3 type.registry] 
New type domain.Admin

[2022-05-14 12:00:02 #4 type] 
Type domain.Admin is not enhanced.

[2022-05-14 12:00:02 #5 type.registry] 
New type java.util.Vector<domain.User>

[2022-05-14 12:00:02 #6 type.registry] 
New type domain.Erabiltzailea

[2022-05-14 12:00:02 #7 type] 
Type domain.Erabiltzailea is not enhanced.

[2022-05-14 12:00:02 #8 type.registry] 
New type domain.Apustua

[2022-05-14 12:00:02 #9 type.registry] 
New type java.util.Vector<domain.Apustua>

[2022-05-14 12:00:02 #10 type.registry] 
New type domain.Mugimendua

[2022-05-14 12:00:02 #11 type.registry] 
New type java.util.Vector<domain.Mugimendua>

[2022-05-14 12:00:02 #12 type.registry] 
New type java.util.Vector<java.lang.Integer>

[2022-05-14 12:00:02 #13 type] 
Type domain.Apustua is not enhanced.

[2022-05-14 12:00:02 #14 type.registry] 
New type domain.Kuota

[2022-05-14 12:00:02 #15 type.registry] 
New type domain.ApustuAnitza

[2022-05-14 12:00:02 #16 type] 
Type domain.Mugimendua is not enhanced.

[2022-05-14 12:00:02 #17 type] 
Type domain.Kuota is not enhanced.

[2022-05-14 12:00:02 #18 type.registry] 
New type java.util.Vector<domain.ApustuAnitza>

[2022-05-14 12:00:02 #19 type.registry] 
New type domain.Question

[2022-05-14 12:00:02 #20 type] 
Type domain.ApustuAnitza is not enhanced.

[2022-05-14 12:00:02 #21 type] 
Type domain.Question is not enhanced.

[2022-05-14 12:00:02 #22 type.registry] 
New type java.util.Vector<domain.Kuota>

[2022-05-14 12:00:02 #23 type.registry] 
New type domain.Event

[2022-05-14 12:00:02 #24 type] 
Type domain.Event is not enhanced.

[2022-05-14 12:00:02 #25 type.registry] 
New type java.util.Vector<domain.Question>

[2022-05-14 12:00:02 #26 type.registry] 
New type java.util.Vector<java.lang.Object>

------------------------------------------------------------------------------------------------------------------------

[2022-05-14 12:00:38 #1 store] 
Database '/home/xairaur/eclipse-workspace1/Bets21.zip_expanded/Bets21/src/main/resources/bets.temp' is opened by 15288@gorria

[2022-05-14 12:00:38 #2 type.registry] 
New type domain.User

[2022-05-14 12:00:38 #3 type.registry] 
New type domain.Admin

[2022-05-14 12:00:38 #4 type] 
Type domain.Admin is not enhanced.

[2022-05-14 12:00:38 #5 type.registry] 
New type java.util.Vector<domain.User>

[2022-05-14 12:00:38 #6 type.registry] 
New type domain.Erabiltzailea

[2022-05-14 12:00:38 #7 type] 
Type domain.Erabiltzailea is not enhanced.

[2022-05-14 12:00:38 #8 type.registry] 
New type domain.Apustua

[2022-05-14 12:00:38 #9 type.registry] 
New type java.util.Vector<domain.Apustua>

[2022-05-14 12:00:38 #10 type.registry] 
New type domain.Mugimendua

[2022-05-14 12:00:38 #11 type.registry] 
New type java.util.Vector<domain.Mugimendua>

[2022-05-14 12:00:38 #12 type.registry] 
New type java.util.Vector<java.lang.Integer>

[2022-05-14 12:00:38 #13 type] 
Type domain.Apustua is not enhanced.

[2022-05-14 12:00:38 #14 type.registry] 
New type domain.Kuota

[2022-05-14 12:00:38 #15 type.registry] 
New type domain.ApustuAnitza

[2022-05-14 12:00:38 #16 type] 
Type domain.Mugimendua is not enhanced.

[2022-05-14 12:00:38 #17 type] 
Type domain.Kuota is not enhanced.

[2022-05-14 12:00:38 #18 type.registry] 
New type java.util.Vector<domain.ApustuAnitza>

[2022-05-14 12:00:38 #19 type.registry] 
New type domain.Question

[2022-05-14 12:00:38 #20 type] 
Type domain.ApustuAnitza is not enhanced.

[2022-05-14 12:00:38 #21 type] 
Type domain.Question is not enhanced.

[2022-05-14 12:00:38 #22 type.registry] 
New type java.util.Vector<domain.Kuota>

[2022-05-14 12:00:38 #23 type.registry] 
New type domain.Event

[2022-05-14 12:00:38 #24 type] 
Type domain.Event is not enhanced.

[2022-05-14 12:00:38 #25 type.registry] 
New type java.util.Vector<domain.Question>

[2022-05-14 12:00:38 #26 type.registry] 
New type java.util.Vector<java.lang.Object>

------------------------------------------------------------------------------------------------------------------------

[2022-05-14 12:03:02 #1 store] 
Database '/home/xairaur/eclipse-workspace1/Bets21.zip_expanded/Bets21/src/main/resources/bets.temp' is opened by 15472@gorria

[2022-05-14 12:03:02 #2 type.registry] 
New type domain.User

[2022-05-14 12:03:02 #3 type.registry] 
New type domain.Admin

[2022-05-14 12:03:02 #4 type] 
Type domain.Admin is not enhanced.

[2022-05-14 12:03:02 #5 type.registry] 
New type java.util.Vector<domain.User>

[2022-05-14 12:03:02 #6 type.registry] 
New type domain.Erabiltzailea

[2022-05-14 12:03:02 #7 type] 
Type domain.Erabiltzailea is not enhanced.

[2022-05-14 12:03:02 #8 type.registry] 
New type domain.Apustua

[2022-05-14 12:03:02 #9 type.registry] 
New type java.util.Vector<domain.Apustua>

[2022-05-14 12:03:02 #10 type.registry] 
New type domain.Mugimendua

[2022-05-14 12:03:02 #11 type.registry] 
New type java.util.Vector<domain.Mugimendua>

[2022-05-14 12:03:02 #12 type.registry] 
New type java.util.Vector<java.lang.Integer>

[2022-05-14 12:03:02 #13 type] 
Type domain.Apustua is not enhanced.

[2022-05-14 12:03:02 #14 type.registry] 
New type domain.Kuota

[2022-05-14 12:03:02 #15 type.registry] 
New type domain.ApustuAnitza

[2022-05-14 12:03:02 #16 type] 
Type domain.Mugimendua is not enhanced.

[2022-05-14 12:03:02 #17 type] 
Type domain.Kuota is not enhanced.

[2022-05-14 12:03:02 #18 type.registry] 
New type java.util.Vector<domain.ApustuAnitza>

[2022-05-14 12:03:02 #19 type.registry] 
New type domain.Question

[2022-05-14 12:03:02 #20 type] 
Type domain.ApustuAnitza is not enhanced.

[2022-05-14 12:03:02 #21 type] 
Type domain.Question is not enhanced.

[2022-05-14 12:03:02 #22 type.registry] 
New type java.util.Vector<domain.Kuota>

[2022-05-14 12:03:02 #23 type.registry] 
New type domain.Event

[2022-05-14 12:03:02 #24 type] 
Type domain.Event is not enhanced.

[2022-05-14 12:03:02 #25 type.registry] 
New type java.util.Vector<domain.Question>

[2022-05-14 12:03:02 #26 type.registry] 
New type java.util.Vector<java.lang.Object>

------------------------------------------------------------------------------------------------------------------------

[2022-05-14 12:11:54 #1 store] 
Database '/home/xairaur/eclipse-workspace1/Bets21.zip_expanded/Bets21/src/main/resources/bets.temp' is opened by 15940@gorria

[2022-05-14 12:11:55 #2 type.registry] 
New type domain.User

[2022-05-14 12:11:55 #3 type.registry] 
New type domain.Admin

[2022-05-14 12:11:55 #4 type] 
Type domain.Admin is not enhanced.

[2022-05-14 12:11:55 #5 type.registry] 
New type java.util.Vector<domain.User>

[2022-05-14 12:11:55 #6 type.registry] 
New type domain.Erabiltzailea

[2022-05-14 12:11:55 #7 type] 
Type domain.Erabiltzailea is not enhanced.

[2022-05-14 12:11:55 #8 type.registry] 
New type domain.Apustua

[2022-05-14 12:11:55 #9 type.registry] 
New type java.util.Vector<domain.Apustua>

[2022-05-14 12:11:55 #10 type.registry] 
New type domain.Mugimendua

[2022-05-14 12:11:55 #11 type.registry] 
New type java.util.Vector<domain.Mugimendua>

[2022-05-14 12:11:55 #12 type.registry] 
New type java.util.Vector<java.lang.Integer>

[2022-05-14 12:11:55 #13 type] 
Type domain.Apustua is not enhanced.

[2022-05-14 12:11:55 #14 type.registry] 
New type domain.Kuota

[2022-05-14 12:11:55 #15 type.registry] 
New type domain.ApustuAnitza

[2022-05-14 12:11:55 #16 type] 
Type domain.Mugimendua is not enhanced.

[2022-05-14 12:11:55 #17 type] 
Type domain.Kuota is not enhanced.

[2022-05-14 12:11:55 #18 type.registry] 
New type java.util.Vector<domain.ApustuAnitza>

[2022-05-14 12:11:55 #19 type.registry] 
New type domain.Question

[2022-05-14 12:11:55 #20 type] 
Type domain.ApustuAnitza is not enhanced.

[2022-05-14 12:11:55 #21 type] 
Type domain.Question is not enhanced.

[2022-05-14 12:11:55 #22 type.registry] 
New type java.util.Vector<domain.Kuota>

[2022-05-14 12:11:55 #23 type.registry] 
New type domain.Event

[2022-05-14 12:11:55 #24 type] 
Type domain.Event is not enhanced.

[2022-05-14 12:11:55 #25 type.registry] 
New type java.util.Vector<domain.Question>

[2022-05-14 12:11:55 #26 type.registry] 
New type java.util.Vector<java.lang.Object>

------------------------------------------------------------------------------------------------------------------------

[2022-05-14 12:18:06 #1 store] 
Database '/home/xairaur/eclipse-workspace1/Bets21.zip_expanded/Bets21/src/main/resources/bets.temp' is opened by 16206@gorria

[2022-05-14 12:18:06 #2 type.registry] 
New type domain.User

[2022-05-14 12:18:06 #3 type.registry] 
New type domain.Admin

[2022-05-14 12:18:06 #4 type] 
Type domain.Admin is not enhanced.

[2022-05-14 12:18:06 #5 type.registry] 
New type java.util.Vector<domain.User>

[2022-05-14 12:18:06 #6 type.registry] 
New type domain.Erabiltzailea

[2022-05-14 12:18:06 #7 type] 
Type domain.Erabiltzailea is not enhanced.

[2022-05-14 12:18:06 #8 type.registry] 
New type domain.Apustua

[2022-05-14 12:18:06 #9 type.registry] 
New type java.util.Vector<domain.Apustua>

[2022-05-14 12:18:06 #10 type.registry] 
New type domain.Mugimendua

[2022-05-14 12:18:06 #11 type.registry] 
New type java.util.Vector<domain.Mugimendua>

[2022-05-14 12:18:06 #12 type.registry] 
New type java.util.Vector<java.lang.Integer>

[2022-05-14 12:18:06 #13 type] 
Type domain.Apustua is not enhanced.

[2022-05-14 12:18:06 #14 type.registry] 
New type domain.Kuota

[2022-05-14 12:18:06 #15 type.registry] 
New type domain.ApustuAnitza

[2022-05-14 12:18:06 #16 type] 
Type domain.Mugimendua is not enhanced.

[2022-05-14 12:18:06 #17 type] 
Type domain.Kuota is not enhanced.

[2022-05-14 12:18:06 #18 type.registry] 
New type java.util.Vector<domain.ApustuAnitza>

[2022-05-14 12:18:06 #19 type.registry] 
New type domain.Question

[2022-05-14 12:18:06 #20 type] 
Type domain.ApustuAnitza is not enhanced.

[2022-05-14 12:18:06 #21 type] 
Type domain.Question is not enhanced.

[2022-05-14 12:18:06 #22 type.registry] 
New type java.util.Vector<domain.Kuota>

[2022-05-14 12:18:06 #23 type.registry] 
New type domain.Event

[2022-05-14 12:18:06 #24 type] 
Type domain.Event is not enhanced.

[2022-05-14 12:18:06 #25 type.registry] 
New type java.util.Vector<domain.Question>

[2022-05-14 12:18:06 #26 type.registry] 
New type java.util.Vector<java.lang.Object>

------------------------------------------------------------------------------------------------------------------------

[2022-05-14 12:18:40 #1 store] 
Database '/home/xairaur/eclipse-workspace1/Bets21.zip_expanded/Bets21/src/main/resources/bets.temp' is opened by 16309@gorria

[2022-05-14 12:18:41 #2 type.registry] 
New type domain.User

[2022-05-14 12:18:41 #3 type.registry] 
New type domain.Admin

[2022-05-14 12:18:41 #4 type] 
Type domain.Admin is not enhanced.

[2022-05-14 12:18:41 #5 type.registry] 
New type java.util.Vector<domain.User>

[2022-05-14 12:18:41 #6 type.registry] 
New type domain.Erabiltzailea

[2022-05-14 12:18:41 #7 type] 
Type domain.Erabiltzailea is not enhanced.

[2022-05-14 12:18:41 #8 type.registry] 
New type domain.Apustua

[2022-05-14 12:18:41 #9 type.registry] 
New type java.util.Vector<domain.Apustua>

[2022-05-14 12:18:41 #10 type.registry] 
New type domain.Mugimendua

[2022-05-14 12:18:41 #11 type.registry] 
New type java.util.Vector<domain.Mugimendua>

[2022-05-14 12:18:41 #12 type.registry] 
New type java.util.Vector<java.lang.Integer>

[2022-05-14 12:18:41 #13 type] 
Type domain.Apustua is not enhanced.

[2022-05-14 12:18:41 #14 type.registry] 
New type domain.Kuota

[2022-05-14 12:18:41 #15 type.registry] 
New type domain.ApustuAnitza

[2022-05-14 12:18:41 #16 type] 
Type domain.Mugimendua is not enhanced.

[2022-05-14 12:18:41 #17 type] 
Type domain.Kuota is not enhanced.

[2022-05-14 12:18:41 #18 type.registry] 
New type java.util.Vector<domain.ApustuAnitza>

[2022-05-14 12:18:41 #19 type.registry] 
New type domain.Question

[2022-05-14 12:18:41 #20 type] 
Type domain.ApustuAnitza is not enhanced.

[2022-05-14 12:18:41 #21 type] 
Type domain.Question is not enhanced.

[2022-05-14 12:18:41 #22 type.registry] 
New type java.util.Vector<domain.Kuota>

[2022-05-14 12:18:41 #23 type.registry] 
New type domain.Event

[2022-05-14 12:18:41 #24 type] 
Type domain.Event is not enhanced.

[2022-05-14 12:18:41 #25 type.registry] 
New type java.util.Vector<domain.Question>

[2022-05-14 12:18:41 #26 type.registry] 
New type java.util.Vector<java.lang.Object>

[2022-05-14 12:18:46 #27 type.registry] 
New type domain.Kontaktua

[2022-05-14 12:18:46 #28 type] 
Type domain.Kontaktua is not enhanced.

[2022-05-14 12:18:49 #29 type.registry] 
New type domain.Mezua

[2022-05-14 12:18:49 #30 type] 
Type domain.Mezua is not enhanced.

------------------------------------------------------------------------------------------------------------------------

[2022-05-14 12:22:55 #1 store] 
Database '/home/xairaur/eclipse-workspace1/Bets21.zip_expanded/Bets21/src/main/resources/bets.temp' is opened by 16484@gorria

[2022-05-14 12:22:55 #2 type.registry] 
New type domain.User

[2022-05-14 12:22:55 #3 type.registry] 
New type domain.Admin

[2022-05-14 12:22:55 #4 type] 
Type domain.Admin is not enhanced.

[2022-05-14 12:22:55 #5 type.registry] 
New type java.util.Vector<domain.User>

[2022-05-14 12:22:55 #6 type.registry] 
New type domain.Erabiltzailea

[2022-05-14 12:22:55 #7 type] 
Type domain.Erabiltzailea is not enhanced.

[2022-05-14 12:22:55 #8 type.registry] 
New type domain.Apustua

[2022-05-14 12:22:55 #9 type.registry] 
New type java.util.Vector<domain.Apustua>

[2022-05-14 12:22:55 #10 type.registry] 
New type domain.Mugimendua

[2022-05-14 12:22:55 #11 type.registry] 
New type java.util.Vector<domain.Mugimendua>

[2022-05-14 12:22:55 #12 type.registry] 
New type java.util.Vector<java.lang.Integer>

[2022-05-14 12:22:55 #13 type] 
Type domain.Apustua is not enhanced.

[2022-05-14 12:22:55 #14 type.registry] 
New type domain.Kuota

[2022-05-14 12:22:55 #15 type.registry] 
New type domain.ApustuAnitza

[2022-05-14 12:22:55 #16 type] 
Type domain.Mugimendua is not enhanced.

[2022-05-14 12:22:55 #17 type] 
Type domain.Kuota is not enhanced.

[2022-05-14 12:22:55 #18 type.registry] 
New type java.util.Vector<domain.ApustuAnitza>

[2022-05-14 12:22:55 #19 type.registry] 
New type domain.Question

[2022-05-14 12:22:55 #20 type] 
Type domain.ApustuAnitza is not enhanced.

[2022-05-14 12:22:55 #21 type] 
Type domain.Question is not enhanced.

[2022-05-14 12:22:55 #22 type.registry] 
New type java.util.Vector<domain.Kuota>

[2022-05-14 12:22:55 #23 type.registry] 
New type domain.Event

[2022-05-14 12:22:55 #24 type] 
Type domain.Event is not enhanced.

[2022-05-14 12:22:55 #25 type.registry] 
New type java.util.Vector<domain.Question>

[2022-05-14 12:22:55 #26 type.registry] 
New type java.util.Vector<java.lang.Object>

------------------------------------------------------------------------------------------------------------------------

[2022-05-14 12:23:48 #1 store] 
Database '/home/xairaur/eclipse-workspace1/Bets21.zip_expanded/Bets21/src/main/resources/bets.temp' is opened by 16564@gorria

[2022-05-14 12:23:48 #2 type.registry] 
New type domain.User

[2022-05-14 12:23:48 #3 type.registry] 
New type domain.Admin

[2022-05-14 12:23:48 #4 type] 
Type domain.Admin is not enhanced.

[2022-05-14 12:23:48 #5 type.registry] 
New type java.util.Vector<domain.User>

[2022-05-14 12:23:48 #6 type.registry] 
New type domain.Erabiltzailea

[2022-05-14 12:23:48 #7 type] 
Type domain.Erabiltzailea is not enhanced.

[2022-05-14 12:23:48 #8 type.registry] 
New type domain.Apustua

[2022-05-14 12:23:48 #9 type.registry] 
New type java.util.Vector<domain.Apustua>

[2022-05-14 12:23:48 #10 type.registry] 
New type domain.Mugimendua

[2022-05-14 12:23:48 #11 type.registry] 
New type java.util.Vector<domain.Mugimendua>

[2022-05-14 12:23:48 #12 type.registry] 
New type java.util.Vector<java.lang.Integer>

[2022-05-14 12:23:48 #13 type] 
Type domain.Apustua is not enhanced.

[2022-05-14 12:23:48 #14 type.registry] 
New type domain.Kuota

[2022-05-14 12:23:48 #15 type.registry] 
New type domain.ApustuAnitza

[2022-05-14 12:23:48 #16 type] 
Type domain.Mugimendua is not enhanced.

[2022-05-14 12:23:48 #17 type] 
Type domain.Kuota is not enhanced.

[2022-05-14 12:23:48 #18 type.registry] 
New type java.util.Vector<domain.ApustuAnitza>

[2022-05-14 12:23:48 #19 type.registry] 
New type domain.Question

[2022-05-14 12:23:48 #20 type] 
Type domain.ApustuAnitza is not enhanced.

[2022-05-14 12:23:48 #21 type] 
Type domain.Question is not enhanced.

[2022-05-14 12:23:48 #22 type.registry] 
New type java.util.Vector<domain.Kuota>

[2022-05-14 12:23:48 #23 type.registry] 
New type domain.Event

[2022-05-14 12:23:48 #24 type] 
Type domain.Event is not enhanced.

[2022-05-14 12:23:48 #25 type.registry] 
New type java.util.Vector<domain.Question>

[2022-05-14 12:23:48 #26 type.registry] 
New type java.util.Vector<java.lang.Object>

------------------------------------------------------------------------------------------------------------------------

[2022-05-14 12:26:41 #1 store] 
Database '/home/xairaur/eclipse-workspace1/Bets21.zip_expanded/Bets21/src/main/resources/bets.temp' is opened by 16694@gorria

[2022-05-14 12:26:41 #2 type.registry] 
New type domain.User

[2022-05-14 12:26:41 #3 type.registry] 
New type domain.Admin

[2022-05-14 12:26:41 #4 type] 
Type domain.Admin is not enhanced.

[2022-05-14 12:26:41 #5 type.registry] 
New type java.util.Vector<domain.User>

[2022-05-14 12:26:41 #6 type.registry] 
New type domain.Erabiltzailea

[2022-05-14 12:26:41 #7 type] 
Type domain.Erabiltzailea is not enhanced.

[2022-05-14 12:26:41 #8 type.registry] 
New type domain.Apustua

[2022-05-14 12:26:41 #9 type.registry] 
New type java.util.Vector<domain.Apustua>

[2022-05-14 12:26:41 #10 type.registry] 
New type domain.Mugimendua

[2022-05-14 12:26:41 #11 type.registry] 
New type java.util.Vector<domain.Mugimendua>

[2022-05-14 12:26:41 #12 type.registry] 
New type java.util.Vector<java.lang.Integer>

[2022-05-14 12:26:41 #13 type] 
Type domain.Apustua is not enhanced.

[2022-05-14 12:26:41 #14 type.registry] 
New type domain.Kuota

[2022-05-14 12:26:41 #15 type.registry] 
New type domain.ApustuAnitza

[2022-05-14 12:26:41 #16 type] 
Type domain.Mugimendua is not enhanced.

[2022-05-14 12:26:41 #17 type] 
Type domain.Kuota is not enhanced.

[2022-05-14 12:26:41 #18 type.registry] 
New type java.util.Vector<domain.ApustuAnitza>

[2022-05-14 12:26:41 #19 type.registry] 
New type domain.Question

[2022-05-14 12:26:41 #20 type] 
Type domain.ApustuAnitza is not enhanced.

[2022-05-14 12:26:41 #21 type] 
Type domain.Question is not enhanced.

[2022-05-14 12:26:41 #22 type.registry] 
New type java.util.Vector<domain.Kuota>

[2022-05-14 12:26:41 #23 type.registry] 
New type domain.Event

[2022-05-14 12:26:41 #24 type] 
Type domain.Event is not enhanced.

[2022-05-14 12:26:41 #25 type.registry] 
New type java.util.Vector<domain.Question>

[2022-05-14 12:26:41 #26 type.registry] 
New type java.util.Vector<java.lang.Object>

------------------------------------------------------------------------------------------------------------------------

[2022-05-14 12:32:33 #1 store] 
Database '/home/xairaur/eclipse-workspace1/Bets21.zip_expanded/Bets21/src/main/resources/bets.temp' is opened by 17119@gorria

[2022-05-14 12:32:34 #2 type.registry] 
New type domain.User

[2022-05-14 12:32:34 #3 type.registry] 
New type domain.Admin

[2022-05-14 12:32:34 #4 type] 
Type domain.Admin is not enhanced.

[2022-05-14 12:32:34 #5 type.registry] 
New type domain.Erabiltzailea

[2022-05-14 12:32:34 #6 type] 
Type domain.Erabiltzailea is not enhanced.

[2022-05-14 12:32:34 #7 type.registry] 
New type domain.Apustua

[2022-05-14 12:32:34 #8 type.registry] 
New type java.util.Vector<domain.Apustua>

[2022-05-14 12:32:34 #9 type.registry] 
New type domain.Mugimendua

[2022-05-14 12:32:34 #10 type.registry] 
New type java.util.Vector<domain.Mugimendua>

[2022-05-14 12:32:34 #11 type.registry] 
New type java.util.Vector<java.lang.Integer>

[2022-05-14 12:32:34 #12 type] 
Type domain.Apustua is not enhanced.

[2022-05-14 12:32:34 #13 type.registry] 
New type domain.Kuota

[2022-05-14 12:32:34 #14 type.registry] 
New type domain.ApustuAnitza

[2022-05-14 12:32:34 #15 type] 
Type domain.Mugimendua is not enhanced.

[2022-05-14 12:32:34 #16 type] 
Type domain.Kuota is not enhanced.

[2022-05-14 12:32:34 #17 type.registry] 
New type java.util.Vector<domain.ApustuAnitza>

[2022-05-14 12:32:34 #18 type.registry] 
New type domain.Question

[2022-05-14 12:32:34 #19 type] 
Type domain.ApustuAnitza is not enhanced.

[2022-05-14 12:32:34 #20 type] 
Type domain.Question is not enhanced.

[2022-05-14 12:32:34 #21 type.registry] 
New type java.util.Vector<domain.Kuota>

[2022-05-14 12:32:34 #22 type.registry] 
New type domain.Event

[2022-05-14 12:32:34 #23 type] 
Type domain.Event is not enhanced.

[2022-05-14 12:32:34 #24 type.registry] 
New type java.util.Vector<domain.Question>

[2022-05-14 12:32:34 #25 type.registry] 
New type java.util.Vector<java.lang.Object>

------------------------------------------------------------------------------------------------------------------------

[2022-05-14 12:34:07 #1 store] 
Database '/home/xairaur/eclipse-workspace1/Bets21.zip_expanded/Bets21/src/main/resources/bets.temp' is opened by 17312@gorria

[2022-05-14 12:34:07 #2 type.registry] 
New type domain.User

[2022-05-14 12:34:07 #3 type.registry] 
New type domain.Admin

[2022-05-14 12:34:07 #4 type] 
Type domain.User is not enhanced.

[2022-05-14 12:34:07 #5 type.registry] 
New type java.util.Vector<domain.User>

[2022-05-14 12:34:07 #6 type] 
Type domain.Admin is not enhanced.

[2022-05-14 12:34:07 #7 type.registry] 
New type domain.Erabiltzailea

[2022-05-14 12:34:07 #8 type] 
Type domain.Erabiltzailea is not enhanced.

[2022-05-14 12:34:07 #9 type.registry] 
New type domain.Apustua

[2022-05-14 12:34:07 #10 type.registry] 
New type java.util.Vector<domain.Apustua>

[2022-05-14 12:34:07 #11 type.registry] 
New type domain.Mugimendua

[2022-05-14 12:34:07 #12 type.registry] 
New type java.util.Vector<domain.Mugimendua>

[2022-05-14 12:34:07 #13 type.registry] 
New type java.util.Vector<java.lang.Integer>

[2022-05-14 12:34:07 #14 type] 
Type domain.Apustua is not enhanced.

[2022-05-14 12:34:07 #15 type.registry] 
New type domain.Kuota

[2022-05-14 12:34:07 #16 type.registry] 
New type domain.ApustuAnitza

[2022-05-14 12:34:07 #17 type] 
Type domain.Mugimendua is not enhanced.

[2022-05-14 12:34:07 #18 type] 
Type domain.Kuota is not enhanced.

[2022-05-14 12:34:07 #19 type.registry] 
New type java.util.Vector<domain.ApustuAnitza>

[2022-05-14 12:34:07 #20 type.registry] 
New type domain.Question

[2022-05-14 12:34:07 #21 type] 
Type domain.ApustuAnitza is not enhanced.

[2022-05-14 12:34:07 #22 type] 
Type domain.Question is not enhanced.

[2022-05-14 12:34:07 #23 type.registry] 
New type java.util.Vector<domain.Kuota>

[2022-05-14 12:34:07 #24 type.registry] 
New type domain.Event

[2022-05-14 12:34:07 #25 type] 
Type domain.Event is not enhanced.

[2022-05-14 12:34:07 #26 type.registry] 
New type java.util.Vector<domain.Question>

[2022-05-14 12:34:07 #27 type.registry] 
New type java.util.Vector<java.lang.Object>

[2022-05-14 12:34:15 #28 type.registry] 
New type domain.Kontaktua

[2022-05-14 12:34:15 #29 type] 
Type domain.Kontaktua is not enhanced.

------------------------------------------------------------------------------------------------------------------------

[2022-05-14 12:36:18 #1 store] 
Database '/home/xairaur/eclipse-workspace1/Bets21.zip_expanded/Bets21/src/main/resources/bets.temp' is opened by 17453@gorria

[2022-05-14 12:36:19 #2 type.registry] 
New type domain.User

[2022-05-14 12:36:19 #3 type.registry] 
New type domain.Admin

[2022-05-14 12:36:19 #4 type] 
Type domain.User is not enhanced.

[2022-05-14 12:36:19 #5 type.registry] 
New type java.util.Vector<domain.User>

[2022-05-14 12:36:19 #6 type] 
Type domain.Admin is not enhanced.

[2022-05-14 12:36:19 #7 type.registry] 
New type domain.Erabiltzailea

[2022-05-14 12:36:19 #8 type] 
Type domain.Erabiltzailea is not enhanced.

[2022-05-14 12:36:19 #9 type.registry] 
New type domain.Apustua

[2022-05-14 12:36:19 #10 type.registry] 
New type java.util.Vector<domain.Apustua>

[2022-05-14 12:36:19 #11 type.registry] 
New type domain.Mugimendua

[2022-05-14 12:36:19 #12 type.registry] 
New type java.util.Vector<domain.Mugimendua>

[2022-05-14 12:36:19 #13 type.registry] 
New type java.util.Vector<java.lang.Integer>

[2022-05-14 12:36:19 #14 type] 
Type domain.Apustua is not enhanced.

[2022-05-14 12:36:19 #15 type.registry] 
New type domain.Kuota

[2022-05-14 12:36:19 #16 type.registry] 
New type domain.ApustuAnitza

[2022-05-14 12:36:19 #17 type] 
Type domain.Mugimendua is not enhanced.

[2022-05-14 12:36:19 #18 type] 
Type domain.Kuota is not enhanced.

[2022-05-14 12:36:19 #19 type.registry] 
New type java.util.Vector<domain.ApustuAnitza>

[2022-05-14 12:36:19 #20 type.registry] 
New type domain.Question

[2022-05-14 12:36:19 #21 type] 
Type domain.ApustuAnitza is not enhanced.

[2022-05-14 12:36:19 #22 type] 
Type domain.Question is not enhanced.

[2022-05-14 12:36:19 #23 type.registry] 
New type java.util.Vector<domain.Kuota>

[2022-05-14 12:36:19 #24 type.registry] 
New type domain.Event

[2022-05-14 12:36:19 #25 type] 
Type domain.Event is not enhanced.

[2022-05-14 12:36:19 #26 type.registry] 
New type java.util.Vector<domain.Question>

[2022-05-14 12:36:19 #27 type.registry] 
New type java.util.Vector<java.lang.Object>

[2022-05-14 12:36:23 #28 type.registry] 
New type domain.Kontaktua

[2022-05-14 12:36:23 #29 type] 
Type domain.Kontaktua is not enhanced.

[2022-05-14 12:36:26 #30 type.registry] 
New type domain.Mezua

[2022-05-14 12:36:26 #31 type] 
Type domain.Mezua is not enhanced.

