------------------------------------------------------------------------------------------------------------------------

[2022-05-09 16:29:59 #1 store] 
Database '/home/xairaur/eclipse-workspace1/Bets21.zip_expanded/Bets21/src/main/resources/bets.temp' is opened by 10526@gorria

[2022-05-09 16:29:59 #2 type.registry] 
New type domain.User

[2022-05-09 16:29:59 #3 type.registry] 
New type domain.Admin

[2022-05-09 16:29:59 #4 type] 
Type domain.Admin is not enhanced.

[2022-05-09 16:29:59 #5 type.registry] 
New type domain.Erabiltzailea

[2022-05-09 16:29:59 #6 type] 
Type domain.Erabiltzailea is not enhanced.

[2022-05-09 16:29:59 #7 type.registry] 
New type domain.Apustua

[2022-05-09 16:29:59 #8 type.registry] 
New type java.util.Vector<domain.Apustua>

[2022-05-09 16:29:59 #9 type.registry] 
New type domain.Mugimendua

[2022-05-09 16:29:59 #10 type.registry] 
New type java.util.Vector<domain.Mugimendua>

[2022-05-09 16:29:59 #11 type.registry] 
New type java.util.Vector<java.lang.Integer>

[2022-05-09 16:29:59 #12 type] 
Type domain.Apustua is not enhanced.

[2022-05-09 16:29:59 #13 type.registry] 
New type domain.Kuota

[2022-05-09 16:29:59 #14 type.registry] 
New type domain.ApustuAnitza

[2022-05-09 16:29:59 #15 type] 
Type domain.Mugimendua is not enhanced.

[2022-05-09 16:29:59 #16 type] 
Type domain.Kuota is not enhanced.

[2022-05-09 16:29:59 #17 type.registry] 
New type java.util.Vector<domain.ApustuAnitza>

[2022-05-09 16:29:59 #18 type.registry] 
New type domain.Question

[2022-05-09 16:29:59 #19 type] 
Type domain.ApustuAnitza is not enhanced.

[2022-05-09 16:29:59 #20 type] 
Type domain.Question is not enhanced.

[2022-05-09 16:29:59 #21 type.registry] 
New type java.util.Vector<domain.Kuota>

[2022-05-09 16:29:59 #22 type.registry] 
New type domain.Event

[2022-05-09 16:29:59 #23 type] 
Type domain.Event is not enhanced.

[2022-05-09 16:29:59 #24 type.registry] 
New type java.util.Vector<domain.Question>

[2022-05-09 16:29:59 #25 type.registry] 
New type java.util.Vector<java.lang.Object>

