------------------------------------------------------------------------------------------------------------------------

[2022-04-26 14:42:32 #1 store] 
Database '/home/xairaur/eclipse-workspace1/Bets21.zip_expanded/Bets21/src/main/resources/bets.temp' has been recovered (tr. 31-61)

[2022-04-26 14:42:32 #2 store] 
Database '/home/xairaur/eclipse-workspace1/Bets21.zip_expanded/Bets21/src/main/resources/bets.temp' is opened by 6547@gorria

[2022-04-26 14:42:32 #3 type] 
Type domain.Erabiltzailea is not enhanced.

[2022-04-26 14:42:32 #4 type] 
Type domain.Apustua is not enhanced.

[2022-04-26 14:42:32 #5 type] 
Type domain.Mugimendua is not enhanced.

[2022-04-26 14:42:32 #6 type] 
Type domain.Kuota is not enhanced.

[2022-04-26 14:42:32 #7 type] 
Type domain.Question is not enhanced.

[2022-04-26 14:42:32 #8 type] 
Type domain.Event is not enhanced.

------------------------------------------------------------------------------------------------------------------------

[2022-04-26 14:45:17 #1 store] 
Database '/home/xairaur/eclipse-workspace1/Bets21.zip_expanded/Bets21/src/main/resources/bets.temp' has been recovered (tr. 62-64)

[2022-04-26 14:45:17 #2 store] 
Database '/home/xairaur/eclipse-workspace1/Bets21.zip_expanded/Bets21/src/main/resources/bets.temp' is opened by 6672@gorria

[2022-04-26 14:45:17 #3 type] 
Type domain.Erabiltzailea is not enhanced.

[2022-04-26 14:45:17 #4 type] 
Type domain.Apustua is not enhanced.

[2022-04-26 14:45:17 #5 type] 
Type domain.Mugimendua is not enhanced.

[2022-04-26 14:45:17 #6 type] 
Type domain.Kuota is not enhanced.

[2022-04-26 14:45:17 #7 type] 
Type domain.Question is not enhanced.

[2022-04-26 14:45:17 #8 type] 
Type domain.Event is not enhanced.

------------------------------------------------------------------------------------------------------------------------

[2022-04-26 17:38:13 #1 store] 
Database '/home/xairaur/eclipse-workspace1/Bets21.zip_expanded/Bets21/src/main/resources/bets.temp' is opened by 9429@gorria

[2022-04-26 17:38:13 #2 type] 
Type domain.Erabiltzailea is not enhanced.

[2022-04-26 17:38:13 #3 type] 
Type domain.Apustua is not enhanced.

[2022-04-26 17:38:13 #4 type] 
Type domain.Mugimendua is not enhanced.

[2022-04-26 17:38:13 #5 type] 
Type domain.Kuota is not enhanced.

[2022-04-26 17:38:13 #6 type] 
Type domain.Question is not enhanced.

[2022-04-26 17:38:13 #7 type] 
Type domain.Event is not enhanced.

------------------------------------------------------------------------------------------------------------------------

[2022-04-26 17:53:38 #1 store] 
Database '/home/xairaur/eclipse-workspace1/Bets21.zip_expanded/Bets21/src/main/resources/bets.temp' has been recovered (tr. 65-70)

[2022-04-26 17:53:38 #2 store] 
Database '/home/xairaur/eclipse-workspace1/Bets21.zip_expanded/Bets21/src/main/resources/bets.temp' is opened by 10073@gorria

[2022-04-26 17:53:38 #3 type] 
Type domain.Erabiltzailea is not enhanced.

[2022-04-26 17:53:38 #4 type] 
Type domain.Apustua is not enhanced.

[2022-04-26 17:53:38 #5 type] 
Type domain.Mugimendua is not enhanced.

[2022-04-26 17:53:38 #6 type] 
Type domain.Kuota is not enhanced.

[2022-04-26 17:53:38 #7 type] 
Type domain.Question is not enhanced.

[2022-04-26 17:53:38 #8 type] 
Type domain.Event is not enhanced.

------------------------------------------------------------------------------------------------------------------------

[2022-04-26 17:55:35 #1 store] 
Database '/home/xairaur/eclipse-workspace1/Bets21.zip_expanded/Bets21/src/main/resources/bets.temp' has been recovered (tr. 71-76)

[2022-04-26 17:55:36 #2 store] 
Database '/home/xairaur/eclipse-workspace1/Bets21.zip_expanded/Bets21/src/main/resources/bets.temp' is opened by 11489@gorria

[2022-04-26 17:55:36 #3 type] 
Type domain.Erabiltzailea is not enhanced.

[2022-04-26 17:55:36 #4 type] 
Type domain.Apustua is not enhanced.

[2022-04-26 17:55:36 #5 type] 
Type domain.Mugimendua is not enhanced.

[2022-04-26 17:55:36 #6 type] 
Type domain.Kuota is not enhanced.

[2022-04-26 17:55:36 #7 type] 
Type domain.Question is not enhanced.

[2022-04-26 17:55:36 #8 type] 
Type domain.Event is not enhanced.

------------------------------------------------------------------------------------------------------------------------

[2022-04-26 17:56:26 #1 store] 
Database '/home/xairaur/eclipse-workspace1/Bets21.zip_expanded/Bets21/src/main/resources/bets.temp' has been recovered (tr. 77-78)

[2022-04-26 17:56:26 #2 store] 
Database '/home/xairaur/eclipse-workspace1/Bets21.zip_expanded/Bets21/src/main/resources/bets.temp' is opened by 11677@gorria

[2022-04-26 17:56:26 #3 type] 
Type domain.Erabiltzailea is not enhanced.

[2022-04-26 17:56:27 #4 type] 
Type domain.Apustua is not enhanced.

[2022-04-26 17:56:27 #5 type] 
Type domain.Mugimendua is not enhanced.

[2022-04-26 17:56:27 #6 type] 
Type domain.Kuota is not enhanced.

[2022-04-26 17:56:27 #7 type] 
Type domain.Question is not enhanced.

[2022-04-26 17:56:27 #8 type] 
Type domain.Event is not enhanced.

------------------------------------------------------------------------------------------------------------------------

[2022-04-26 17:56:57 #1 store] 
Database '/home/xairaur/eclipse-workspace1/Bets21.zip_expanded/Bets21/src/main/resources/bets.temp' has been recovered (tr. 79-80)

[2022-04-26 17:56:57 #2 store] 
Database '/home/xairaur/eclipse-workspace1/Bets21.zip_expanded/Bets21/src/main/resources/bets.temp' is opened by 11805@gorria

[2022-04-26 17:56:57 #3 type] 
Type domain.Erabiltzailea is not enhanced.

[2022-04-26 17:56:57 #4 type] 
Type domain.Apustua is not enhanced.

[2022-04-26 17:56:57 #5 type] 
Type domain.Mugimendua is not enhanced.

[2022-04-26 17:56:57 #6 type] 
Type domain.Kuota is not enhanced.

[2022-04-26 17:56:57 #7 type] 
Type domain.Question is not enhanced.

[2022-04-26 17:56:57 #8 type] 
Type domain.Event is not enhanced.

------------------------------------------------------------------------------------------------------------------------

[2022-04-26 17:57:42 #1 store] 
Database '/home/xairaur/eclipse-workspace1/Bets21.zip_expanded/Bets21/src/main/resources/bets.temp' has been recovered (tr. 81-82)

[2022-04-26 17:57:42 #2 store] 
Database '/home/xairaur/eclipse-workspace1/Bets21.zip_expanded/Bets21/src/main/resources/bets.temp' is opened by 11914@gorria

[2022-04-26 17:57:43 #3 type] 
Type domain.Erabiltzailea is not enhanced.

[2022-04-26 17:57:43 #4 type] 
Type domain.Apustua is not enhanced.

[2022-04-26 17:57:43 #5 type] 
Type domain.Mugimendua is not enhanced.

[2022-04-26 17:57:43 #6 type] 
Type domain.Kuota is not enhanced.

[2022-04-26 17:57:43 #7 type] 
Type domain.Question is not enhanced.

[2022-04-26 17:57:43 #8 type] 
Type domain.Event is not enhanced.

------------------------------------------------------------------------------------------------------------------------

[2022-04-26 17:58:34 #1 store] 
Database '/home/xairaur/eclipse-workspace1/Bets21.zip_expanded/Bets21/src/main/resources/bets.temp' has been recovered (tr. 83-84)

[2022-04-26 17:58:34 #2 store] 
Database '/home/xairaur/eclipse-workspace1/Bets21.zip_expanded/Bets21/src/main/resources/bets.temp' is opened by 11991@gorria

[2022-04-26 17:58:34 #3 type] 
Type domain.Erabiltzailea is not enhanced.

[2022-04-26 17:58:34 #4 type] 
Type domain.Apustua is not enhanced.

[2022-04-26 17:58:34 #5 type] 
Type domain.Mugimendua is not enhanced.

[2022-04-26 17:58:34 #6 type] 
Type domain.Kuota is not enhanced.

[2022-04-26 17:58:34 #7 type] 
Type domain.Question is not enhanced.

[2022-04-26 17:58:34 #8 type] 
Type domain.Event is not enhanced.

------------------------------------------------------------------------------------------------------------------------

[2022-04-26 17:59:24 #1 store] 
Database '/home/xairaur/eclipse-workspace1/Bets21.zip_expanded/Bets21/src/main/resources/bets.temp' has been recovered (tr. 85-88)

[2022-04-26 17:59:24 #2 store] 
Database '/home/xairaur/eclipse-workspace1/Bets21.zip_expanded/Bets21/src/main/resources/bets.temp' is opened by 12050@gorria

[2022-04-26 17:59:24 #3 type] 
Type domain.Erabiltzailea is not enhanced.

[2022-04-26 17:59:24 #4 type] 
Type domain.Apustua is not enhanced.

[2022-04-26 17:59:24 #5 type] 
Type domain.Mugimendua is not enhanced.

[2022-04-26 17:59:24 #6 type] 
Type domain.Kuota is not enhanced.

[2022-04-26 17:59:24 #7 type] 
Type domain.Question is not enhanced.

[2022-04-26 17:59:24 #8 type] 
Type domain.Event is not enhanced.

------------------------------------------------------------------------------------------------------------------------

[2022-04-26 18:00:09 #1 store] 
Database '/home/xairaur/eclipse-workspace1/Bets21.zip_expanded/Bets21/src/main/resources/bets.temp' has been recovered (tr. 89-90)

[2022-04-26 18:00:09 #2 store] 
Database '/home/xairaur/eclipse-workspace1/Bets21.zip_expanded/Bets21/src/main/resources/bets.temp' is opened by 12126@gorria

[2022-04-26 18:00:09 #3 type] 
Type domain.Erabiltzailea is not enhanced.

[2022-04-26 18:00:09 #4 type] 
Type domain.Apustua is not enhanced.

[2022-04-26 18:00:09 #5 type] 
Type domain.Mugimendua is not enhanced.

[2022-04-26 18:00:09 #6 type] 
Type domain.Kuota is not enhanced.

[2022-04-26 18:00:09 #7 type] 
Type domain.Question is not enhanced.

[2022-04-26 18:00:09 #8 type] 
Type domain.Event is not enhanced.

------------------------------------------------------------------------------------------------------------------------

[2022-04-26 18:48:28 #1 store] 
Database '/home/xairaur/eclipse-workspace1/Bets21.zip_expanded/Bets21/src/main/resources/bets.temp' has been recovered (tr. 91-92)

[2022-04-26 18:48:28 #2 store] 
Database '/home/xairaur/eclipse-workspace1/Bets21.zip_expanded/Bets21/src/main/resources/bets.temp' is opened by 13689@gorria

[2022-04-26 18:48:28 #3 type] 
Type domain.Erabiltzailea is not enhanced.

[2022-04-26 18:48:28 #4 type] 
Type domain.Apustua is not enhanced.

[2022-04-26 18:48:28 #5 type] 
Type domain.Mugimendua is not enhanced.

[2022-04-26 18:48:28 #6 type] 
Type domain.Kuota is not enhanced.

[2022-04-26 18:48:28 #7 type.registry] 
New type domain.ApustuAnitza

[2022-04-26 18:48:28 #8 type.registry] 
New type java.util.Vector<domain.ApustuAnitza>

[2022-04-26 18:48:28 #9 type] 
Type domain.Question is not enhanced.

[2022-04-26 18:48:28 #10 type] 
Type domain.Event is not enhanced.

------------------------------------------------------------------------------------------------------------------------

[2022-04-26 18:49:45 #1 store] 
Database '/home/xairaur/eclipse-workspace1/Bets21.zip_expanded/Bets21/src/main/resources/bets.temp' has been recovered (tr. 93-95)

[2022-04-26 18:49:46 #2 store] 
Database '/home/xairaur/eclipse-workspace1/Bets21.zip_expanded/Bets21/src/main/resources/bets.temp' is opened by 13769@gorria

[2022-04-26 18:49:46 #3 type] 
Type domain.Erabiltzailea is not enhanced.

[2022-04-26 18:49:46 #4 type] 
Type domain.Apustua is not enhanced.

[2022-04-26 18:49:46 #5 type] 
Type domain.Mugimendua is not enhanced.

[2022-04-26 18:49:46 #6 type] 
Type domain.Kuota is not enhanced.

[2022-04-26 18:49:46 #7 type] 
Type domain.Question is not enhanced.

[2022-04-26 18:49:46 #8 type] 
Type domain.Event is not enhanced.

------------------------------------------------------------------------------------------------------------------------

[2022-04-26 18:51:39 #1 store] 
Database '/home/xairaur/eclipse-workspace1/Bets21.zip_expanded/Bets21/src/main/resources/bets.temp' has been recovered (tr. 96-97)

[2022-04-26 18:51:39 #2 store] 
Database '/home/xairaur/eclipse-workspace1/Bets21.zip_expanded/Bets21/src/main/resources/bets.temp' is opened by 13889@gorria

[2022-04-26 18:51:39 #3 type] 
Type domain.Erabiltzailea is not enhanced.

[2022-04-26 18:51:39 #4 type] 
Type domain.Apustua is not enhanced.

[2022-04-26 18:51:39 #5 type] 
Type domain.Mugimendua is not enhanced.

[2022-04-26 18:51:39 #6 type] 
Type domain.Kuota is not enhanced.

[2022-04-26 18:51:39 #7 type] 
Type domain.Question is not enhanced.

[2022-04-26 18:51:39 #8 type] 
Type domain.Event is not enhanced.

------------------------------------------------------------------------------------------------------------------------

[2022-04-26 18:53:09 #1 store] 
Database '/home/xairaur/eclipse-workspace1/Bets21.zip_expanded/Bets21/src/main/resources/bets.temp' has been recovered (tr. 98-99)

[2022-04-26 18:53:09 #2 store] 
Database '/home/xairaur/eclipse-workspace1/Bets21.zip_expanded/Bets21/src/main/resources/bets.temp' is opened by 13975@gorria

[2022-04-26 18:53:09 #3 type] 
Type domain.Erabiltzailea is not enhanced.

[2022-04-26 18:53:09 #4 type] 
Type domain.Apustua is not enhanced.

[2022-04-26 18:53:09 #5 type] 
Type domain.Mugimendua is not enhanced.

[2022-04-26 18:53:09 #6 type] 
Type domain.Kuota is not enhanced.

[2022-04-26 18:53:09 #7 type] 
Type domain.Question is not enhanced.

[2022-04-26 18:53:09 #8 type] 
Type domain.Event is not enhanced.

------------------------------------------------------------------------------------------------------------------------

[2022-04-26 19:27:03 #1 store] 
Database '/home/xairaur/eclipse-workspace1/Bets21.zip_expanded/Bets21/src/main/resources/bets.temp' has been recovered (tr. 100-101)

[2022-04-26 19:27:03 #2 store] 
Database '/home/xairaur/eclipse-workspace1/Bets21.zip_expanded/Bets21/src/main/resources/bets.temp' is opened by 15267@gorria

[2022-04-26 19:27:03 #3 type] 
Type domain.Erabiltzailea is not enhanced.

[2022-04-26 19:27:03 #4 type] 
Type domain.Apustua is not enhanced.

[2022-04-26 19:27:03 #5 type] 
Type domain.Mugimendua is not enhanced.

[2022-04-26 19:27:03 #6 type] 
Type domain.Kuota is not enhanced.

[2022-04-26 19:27:03 #7 type] 
Type domain.Question is not enhanced.

[2022-04-26 19:27:03 #8 type] 
Type domain.Event is not enhanced.

