------------------------------------------------------------------------------------------------------------------------

[2022-05-01 21:29:04 #1 store] 
Database '/home/xairaur/eclipse-workspace1/Bets21.zip_expanded/Bets21/src/main/resources/bets.temp' is opened by 19563@gorria

[2022-05-01 21:29:04 #2 type] 
Type domain.Erabiltzailea is not enhanced.

[2022-05-01 21:29:04 #3 type] 
Type domain.Apustua is not enhanced.

[2022-05-01 21:29:04 #4 type] 
Type domain.Mugimendua is not enhanced.

[2022-05-01 21:29:04 #5 type] 
Type domain.Kuota is not enhanced.

[2022-05-01 21:29:04 #6 type] 
Type domain.ApustuAnitza is not enhanced.

[2022-05-01 21:29:04 #7 type] 
Type domain.Question is not enhanced.

[2022-05-01 21:29:04 #8 type] 
Type domain.Event is not enhanced.

------------------------------------------------------------------------------------------------------------------------

[2022-05-01 21:33:56 #1 store] 
Database '/home/xairaur/eclipse-workspace1/Bets21.zip_expanded/Bets21/src/main/resources/bets.temp' is opened by 19914@gorria

[2022-05-01 21:33:56 #2 type] 
Type domain.Erabiltzailea is not enhanced.

[2022-05-01 21:33:56 #3 type] 
Type domain.Apustua is not enhanced.

[2022-05-01 21:33:56 #4 type] 
Type domain.Mugimendua is not enhanced.

[2022-05-01 21:33:56 #5 type] 
Type domain.Kuota is not enhanced.

[2022-05-01 21:33:56 #6 type] 
Type domain.ApustuAnitza is not enhanced.

[2022-05-01 21:33:56 #7 type] 
Type domain.Question is not enhanced.

[2022-05-01 21:33:56 #8 type] 
Type domain.Event is not enhanced.

