------------------------------------------------------------------------------------------------------------------------

[2022-04-06 15:47:10 #1 store] 
Database '/home/xairaur/eclipse-workspace1/Bets21.zip_expanded/Bets21/src/main/resources/bets.temp' is opened by 3925@gorria

[2022-04-06 15:47:10 #2 type] 
Type domain.Erabiltzailea is not enhanced.

[2022-04-06 15:47:10 #3 type] 
Type domain.Apustua is not enhanced.

[2022-04-06 15:47:10 #4 type] 
Type domain.Mugimendua is not enhanced.

[2022-04-06 15:47:10 #5 type] 
Type domain.Kuota is not enhanced.

[2022-04-06 15:47:10 #6 type] 
Type domain.Question is not enhanced.

[2022-04-06 15:47:10 #7 type] 
Type domain.Event is not enhanced.

------------------------------------------------------------------------------------------------------------------------

[2022-04-06 15:58:31 #1 store] 
Database '/home/xairaur/eclipse-workspace1/Bets21.zip_expanded/Bets21/src/main/resources/bets.temp' has been recovered (tr. 6-11)

[2022-04-06 15:58:31 #2 store] 
Database '/home/xairaur/eclipse-workspace1/Bets21.zip_expanded/Bets21/src/main/resources/bets.temp' is opened by 6787@gorria

[2022-04-06 15:58:31 #3 type] 
Type domain.Erabiltzailea is not enhanced.

[2022-04-06 15:58:31 #4 type] 
Type domain.Apustua is not enhanced.

[2022-04-06 15:58:31 #5 type] 
Type domain.Mugimendua is not enhanced.

[2022-04-06 15:58:31 #6 type] 
Type domain.Kuota is not enhanced.

[2022-04-06 15:58:31 #7 type] 
Type domain.Question is not enhanced.

[2022-04-06 15:58:31 #8 type] 
Type domain.Event is not enhanced.

------------------------------------------------------------------------------------------------------------------------

[2022-04-06 16:00:04 #1 store] 
Database '/home/xairaur/eclipse-workspace1/Bets21.zip_expanded/Bets21/src/main/resources/bets.temp' is opened by 7123@gorria

[2022-04-06 16:00:04 #2 type] 
Type domain.Erabiltzailea is not enhanced.

[2022-04-06 16:00:04 #3 type] 
Type domain.Apustua is not enhanced.

[2022-04-06 16:00:04 #4 type] 
Type domain.Mugimendua is not enhanced.

[2022-04-06 16:00:04 #5 type] 
Type domain.Kuota is not enhanced.

[2022-04-06 16:00:04 #6 type] 
Type domain.Question is not enhanced.

[2022-04-06 16:00:04 #7 type] 
Type domain.Event is not enhanced.

------------------------------------------------------------------------------------------------------------------------

[2022-04-06 16:00:40 #1 store] 
Database '/home/xairaur/eclipse-workspace1/Bets21.zip_expanded/Bets21/src/main/resources/bets.temp' is opened by 7240@gorria

[2022-04-06 16:00:40 #2 type] 
Type domain.Erabiltzailea is not enhanced.

[2022-04-06 16:00:40 #3 type] 
Type domain.Apustua is not enhanced.

[2022-04-06 16:00:40 #4 type] 
Type domain.Mugimendua is not enhanced.

[2022-04-06 16:00:40 #5 type] 
Type domain.Kuota is not enhanced.

[2022-04-06 16:00:40 #6 type] 
Type domain.Question is not enhanced.

[2022-04-06 16:00:40 #7 type] 
Type domain.Event is not enhanced.

------------------------------------------------------------------------------------------------------------------------

[2022-04-06 16:06:20 #1 store] 
Database '/home/xairaur/eclipse-workspace1/Bets21.zip_expanded/Bets21/src/main/resources/bets.temp' has been recovered (tr. 12-17)

[2022-04-06 16:06:20 #2 store] 
Database '/home/xairaur/eclipse-workspace1/Bets21.zip_expanded/Bets21/src/main/resources/bets.temp' is opened by 8113@gorria

[2022-04-06 16:06:20 #3 type] 
Type domain.Erabiltzailea is not enhanced.

[2022-04-06 16:06:20 #4 type] 
Type domain.Apustua is not enhanced.

[2022-04-06 16:06:20 #5 type] 
Type domain.Mugimendua is not enhanced.

[2022-04-06 16:06:20 #6 type] 
Type domain.Kuota is not enhanced.

[2022-04-06 16:06:20 #7 type] 
Type domain.Question is not enhanced.

[2022-04-06 16:06:20 #8 type] 
Type domain.Event is not enhanced.

------------------------------------------------------------------------------------------------------------------------

[2022-04-06 16:14:50 #1 store] 
Database '/home/xairaur/eclipse-workspace1/Bets21.zip_expanded/Bets21/src/main/resources/bets.temp' has been recovered (tr. 18-30)

[2022-04-06 16:14:50 #2 store] 
Database '/home/xairaur/eclipse-workspace1/Bets21.zip_expanded/Bets21/src/main/resources/bets.temp' is opened by 9782@gorria

[2022-04-06 16:14:50 #3 type] 
Type domain.Erabiltzailea is not enhanced.

[2022-04-06 16:14:50 #4 type] 
Type domain.Apustua is not enhanced.

[2022-04-06 16:14:50 #5 type] 
Type domain.Mugimendua is not enhanced.

[2022-04-06 16:14:50 #6 type] 
Type domain.Kuota is not enhanced.

[2022-04-06 16:14:50 #7 type] 
Type domain.Question is not enhanced.

[2022-04-06 16:14:50 #8 type] 
Type domain.Event is not enhanced.

