------------------------------------------------------------------------------------------------------------------------

[2022-05-12 15:46:56 #1 store] 
Database '/home/xairaur/eclipse-workspace1/Bets21.zip_expanded/Bets21/src/main/resources/bets.temp' is opened by 24263@gorria

[2022-05-12 15:46:57 #2 type] 
Type domain.Admin is not enhanced.

[2022-05-12 15:46:57 #3 type] 
Type domain.Erabiltzailea is not enhanced.

[2022-05-12 15:46:57 #4 type] 
Type domain.Apustua is not enhanced.

[2022-05-12 15:46:57 #5 type] 
Type domain.Mugimendua is not enhanced.

[2022-05-12 15:46:57 #6 type] 
Type domain.Kuota is not enhanced.

[2022-05-12 15:46:57 #7 type] 
Type domain.ApustuAnitza is not enhanced.

[2022-05-12 15:46:57 #8 type] 
Type domain.Question is not enhanced.

[2022-05-12 15:46:57 #9 type] 
Type domain.Event is not enhanced.

[2022-05-12 15:46:57 #10 type] 
Type domain.Kontaktua is not enhanced.

[2022-05-12 15:46:57 #11 type] 
Type domain.Mezua is not enhanced.

------------------------------------------------------------------------------------------------------------------------

[2022-05-12 17:00:26 #1 store] 
Database '/home/xairaur/eclipse-workspace1/Bets21.zip_expanded/Bets21/src/main/resources/bets.temp' is opened by 26318@gorria

[2022-05-12 17:00:26 #2 type] 
Type domain.Admin is not enhanced.

[2022-05-12 17:00:26 #3 type] 
Type domain.Erabiltzailea is not enhanced.

[2022-05-12 17:00:26 #4 type] 
Type domain.Apustua is not enhanced.

[2022-05-12 17:00:26 #5 type] 
Type domain.Mugimendua is not enhanced.

[2022-05-12 17:00:26 #6 type] 
Type domain.Kuota is not enhanced.

[2022-05-12 17:00:26 #7 type] 
Type domain.ApustuAnitza is not enhanced.

[2022-05-12 17:00:26 #8 type] 
Type domain.Question is not enhanced.

[2022-05-12 17:00:26 #9 type] 
Type domain.Event is not enhanced.

[2022-05-12 17:00:26 #10 type] 
Type domain.Kontaktua is not enhanced.

[2022-05-12 17:00:26 #11 type] 
Type domain.Mezua is not enhanced.

------------------------------------------------------------------------------------------------------------------------

[2022-05-12 17:05:03 #1 store] 
Database '/home/xairaur/eclipse-workspace1/Bets21.zip_expanded/Bets21/src/main/resources/bets.temp' is opened by 26863@gorria

[2022-05-12 17:05:03 #2 type] 
Type domain.Admin is not enhanced.

[2022-05-12 17:05:03 #3 type] 
Type domain.Erabiltzailea is not enhanced.

[2022-05-12 17:05:03 #4 type] 
Type domain.Apustua is not enhanced.

[2022-05-12 17:05:03 #5 type] 
Type domain.Mugimendua is not enhanced.

[2022-05-12 17:05:03 #6 type] 
Type domain.Kuota is not enhanced.

[2022-05-12 17:05:03 #7 type] 
Type domain.ApustuAnitza is not enhanced.

[2022-05-12 17:05:03 #8 type] 
Type domain.Question is not enhanced.

[2022-05-12 17:05:03 #9 type] 
Type domain.Event is not enhanced.

[2022-05-12 17:05:03 #10 type] 
Type domain.Kontaktua is not enhanced.

[2022-05-12 17:05:03 #11 type] 
Type domain.Mezua is not enhanced.

------------------------------------------------------------------------------------------------------------------------

[2022-05-12 17:05:29 #1 store] 
Database '/home/xairaur/eclipse-workspace1/Bets21.zip_expanded/Bets21/src/main/resources/bets.temp' is opened by 26916@gorria

[2022-05-12 17:05:29 #2 type] 
Type domain.Admin is not enhanced.

[2022-05-12 17:05:29 #3 type] 
Type domain.Erabiltzailea is not enhanced.

[2022-05-12 17:05:29 #4 type] 
Type domain.Apustua is not enhanced.

[2022-05-12 17:05:29 #5 type] 
Type domain.Mugimendua is not enhanced.

[2022-05-12 17:05:29 #6 type] 
Type domain.Kuota is not enhanced.

[2022-05-12 17:05:29 #7 type] 
Type domain.ApustuAnitza is not enhanced.

[2022-05-12 17:05:29 #8 type] 
Type domain.Question is not enhanced.

[2022-05-12 17:05:29 #9 type] 
Type domain.Event is not enhanced.

[2022-05-12 17:05:29 #10 type] 
Type domain.Kontaktua is not enhanced.

[2022-05-12 17:05:29 #11 type] 
Type domain.Mezua is not enhanced.

------------------------------------------------------------------------------------------------------------------------

[2022-05-12 17:06:57 #1 store] 
Database '/home/xairaur/eclipse-workspace1/Bets21.zip_expanded/Bets21/src/main/resources/bets.temp' is opened by 27044@gorria

[2022-05-12 17:06:57 #2 type] 
Type domain.Admin is not enhanced.

[2022-05-12 17:06:57 #3 type] 
Type domain.Erabiltzailea is not enhanced.

[2022-05-12 17:06:57 #4 type] 
Type domain.Apustua is not enhanced.

[2022-05-12 17:06:57 #5 type] 
Type domain.Mugimendua is not enhanced.

[2022-05-12 17:06:57 #6 type] 
Type domain.Kuota is not enhanced.

[2022-05-12 17:06:57 #7 type] 
Type domain.ApustuAnitza is not enhanced.

[2022-05-12 17:06:57 #8 type] 
Type domain.Question is not enhanced.

[2022-05-12 17:06:57 #9 type] 
Type domain.Event is not enhanced.

[2022-05-12 17:06:57 #10 type] 
Type domain.Kontaktua is not enhanced.

[2022-05-12 17:06:57 #11 type] 
Type domain.Mezua is not enhanced.

------------------------------------------------------------------------------------------------------------------------

[2022-05-12 17:07:18 #1 store] 
Database '/home/xairaur/eclipse-workspace1/Bets21.zip_expanded/Bets21/src/main/resources/bets.temp' is opened by 27100@gorria

[2022-05-12 17:07:18 #2 type] 
Type domain.Admin is not enhanced.

[2022-05-12 17:07:18 #3 type] 
Type domain.Erabiltzailea is not enhanced.

[2022-05-12 17:07:18 #4 type] 
Type domain.Apustua is not enhanced.

[2022-05-12 17:07:18 #5 type] 
Type domain.Mugimendua is not enhanced.

[2022-05-12 17:07:18 #6 type] 
Type domain.Kuota is not enhanced.

[2022-05-12 17:07:18 #7 type] 
Type domain.ApustuAnitza is not enhanced.

[2022-05-12 17:07:18 #8 type] 
Type domain.Question is not enhanced.

[2022-05-12 17:07:18 #9 type] 
Type domain.Event is not enhanced.

[2022-05-12 17:07:18 #10 type] 
Type domain.Kontaktua is not enhanced.

[2022-05-12 17:07:18 #11 type] 
Type domain.Mezua is not enhanced.

------------------------------------------------------------------------------------------------------------------------

[2022-05-12 17:16:40 #1 store] 
Database '/home/xairaur/eclipse-workspace1/Bets21.zip_expanded/Bets21/src/main/resources/bets.temp' is opened by 27964@gorria

[2022-05-12 17:16:40 #2 type] 
Type domain.Admin is not enhanced.

[2022-05-12 17:16:40 #3 type] 
Type domain.Erabiltzailea is not enhanced.

[2022-05-12 17:16:41 #4 type] 
Type domain.Apustua is not enhanced.

[2022-05-12 17:16:41 #5 type] 
Type domain.Mugimendua is not enhanced.

[2022-05-12 17:16:41 #6 type] 
Type domain.Kuota is not enhanced.

[2022-05-12 17:16:41 #7 type] 
Type domain.ApustuAnitza is not enhanced.

[2022-05-12 17:16:41 #8 type] 
Type domain.Question is not enhanced.

[2022-05-12 17:16:41 #9 type] 
Type domain.Event is not enhanced.

[2022-05-12 17:16:41 #10 type] 
Type domain.Kontaktua is not enhanced.

[2022-05-12 17:16:41 #11 type] 
Type domain.Mezua is not enhanced.

------------------------------------------------------------------------------------------------------------------------

[2022-05-12 17:17:13 #1 store] 
Database '/home/xairaur/eclipse-workspace1/Bets21.zip_expanded/Bets21/src/main/resources/bets.temp' is opened by 28015@gorria

[2022-05-12 17:17:13 #2 type] 
Type domain.Admin is not enhanced.

[2022-05-12 17:17:13 #3 type] 
Type domain.Erabiltzailea is not enhanced.

[2022-05-12 17:17:13 #4 type] 
Type domain.Apustua is not enhanced.

[2022-05-12 17:17:13 #5 type] 
Type domain.Mugimendua is not enhanced.

[2022-05-12 17:17:13 #6 type] 
Type domain.Kuota is not enhanced.

[2022-05-12 17:17:13 #7 type] 
Type domain.ApustuAnitza is not enhanced.

[2022-05-12 17:17:13 #8 type] 
Type domain.Question is not enhanced.

[2022-05-12 17:17:13 #9 type] 
Type domain.Event is not enhanced.

[2022-05-12 17:17:13 #10 type] 
Type domain.Kontaktua is not enhanced.

[2022-05-12 17:17:13 #11 type] 
Type domain.Mezua is not enhanced.

------------------------------------------------------------------------------------------------------------------------

[2022-05-12 17:18:41 #1 store] 
Database '/home/xairaur/eclipse-workspace1/Bets21.zip_expanded/Bets21/src/main/resources/bets.temp' is opened by 28120@gorria

[2022-05-12 17:18:41 #2 type] 
Type domain.Admin is not enhanced.

[2022-05-12 17:18:41 #3 type] 
Type domain.Erabiltzailea is not enhanced.

[2022-05-12 17:18:41 #4 type] 
Type domain.Apustua is not enhanced.

[2022-05-12 17:18:41 #5 type] 
Type domain.Mugimendua is not enhanced.

[2022-05-12 17:18:41 #6 type] 
Type domain.Kuota is not enhanced.

[2022-05-12 17:18:41 #7 type] 
Type domain.ApustuAnitza is not enhanced.

[2022-05-12 17:18:41 #8 type] 
Type domain.Question is not enhanced.

[2022-05-12 17:18:41 #9 type] 
Type domain.Event is not enhanced.

[2022-05-12 17:18:41 #10 type] 
Type domain.Kontaktua is not enhanced.

[2022-05-12 17:18:41 #11 type] 
Type domain.Mezua is not enhanced.

------------------------------------------------------------------------------------------------------------------------

[2022-05-12 17:19:34 #1 store] 
Database '/home/xairaur/eclipse-workspace1/Bets21.zip_expanded/Bets21/src/main/resources/bets.temp' is opened by 28178@gorria

[2022-05-12 17:19:34 #2 type] 
Type domain.Admin is not enhanced.

[2022-05-12 17:19:34 #3 type] 
Type domain.Erabiltzailea is not enhanced.

[2022-05-12 17:19:34 #4 type] 
Type domain.Apustua is not enhanced.

[2022-05-12 17:19:34 #5 type] 
Type domain.Mugimendua is not enhanced.

[2022-05-12 17:19:34 #6 type] 
Type domain.Kuota is not enhanced.

[2022-05-12 17:19:34 #7 type] 
Type domain.ApustuAnitza is not enhanced.

[2022-05-12 17:19:34 #8 type] 
Type domain.Question is not enhanced.

[2022-05-12 17:19:34 #9 type] 
Type domain.Event is not enhanced.

[2022-05-12 17:19:34 #10 type] 
Type domain.Kontaktua is not enhanced.

[2022-05-12 17:19:34 #11 type] 
Type domain.Mezua is not enhanced.

------------------------------------------------------------------------------------------------------------------------

[2022-05-12 17:20:54 #1 store] 
Database '/home/xairaur/eclipse-workspace1/Bets21.zip_expanded/Bets21/src/main/resources/bets.temp' is opened by 28267@gorria

[2022-05-12 17:20:54 #2 type] 
Type domain.Admin is not enhanced.

[2022-05-12 17:20:54 #3 type] 
Type domain.Erabiltzailea is not enhanced.

[2022-05-12 17:20:54 #4 type] 
Type domain.Apustua is not enhanced.

[2022-05-12 17:20:54 #5 type] 
Type domain.Mugimendua is not enhanced.

[2022-05-12 17:20:54 #6 type] 
Type domain.Kuota is not enhanced.

[2022-05-12 17:20:54 #7 type] 
Type domain.ApustuAnitza is not enhanced.

[2022-05-12 17:20:54 #8 type] 
Type domain.Question is not enhanced.

[2022-05-12 17:20:54 #9 type] 
Type domain.Event is not enhanced.

[2022-05-12 17:20:54 #10 type] 
Type domain.Kontaktua is not enhanced.

[2022-05-12 17:20:54 #11 type] 
Type domain.Mezua is not enhanced.

------------------------------------------------------------------------------------------------------------------------

[2022-05-12 17:21:42 #1 store] 
Database '/home/xairaur/eclipse-workspace1/Bets21.zip_expanded/Bets21/src/main/resources/bets.temp' is opened by 28320@gorria

[2022-05-12 17:21:42 #2 type] 
Type domain.Admin is not enhanced.

[2022-05-12 17:21:42 #3 type] 
Type domain.Erabiltzailea is not enhanced.

[2022-05-12 17:21:42 #4 type] 
Type domain.Apustua is not enhanced.

[2022-05-12 17:21:42 #5 type] 
Type domain.Mugimendua is not enhanced.

[2022-05-12 17:21:42 #6 type] 
Type domain.Kuota is not enhanced.

[2022-05-12 17:21:42 #7 type] 
Type domain.ApustuAnitza is not enhanced.

[2022-05-12 17:21:42 #8 type] 
Type domain.Question is not enhanced.

[2022-05-12 17:21:42 #9 type] 
Type domain.Event is not enhanced.

[2022-05-12 17:21:42 #10 type] 
Type domain.Kontaktua is not enhanced.

[2022-05-12 17:21:42 #11 type] 
Type domain.Mezua is not enhanced.

------------------------------------------------------------------------------------------------------------------------

[2022-05-12 17:21:49 #1 store] 
Database '/home/xairaur/eclipse-workspace1/Bets21.zip_expanded/Bets21/src/main/resources/bets.temp' is opened by 28367@gorria

[2022-05-12 17:21:49 #2 type] 
Type domain.Admin is not enhanced.

[2022-05-12 17:21:49 #3 type] 
Type domain.Erabiltzailea is not enhanced.

[2022-05-12 17:21:49 #4 type] 
Type domain.Apustua is not enhanced.

[2022-05-12 17:21:49 #5 type] 
Type domain.Mugimendua is not enhanced.

[2022-05-12 17:21:49 #6 type] 
Type domain.Kuota is not enhanced.

[2022-05-12 17:21:49 #7 type] 
Type domain.ApustuAnitza is not enhanced.

[2022-05-12 17:21:49 #8 type] 
Type domain.Question is not enhanced.

[2022-05-12 17:21:49 #9 type] 
Type domain.Event is not enhanced.

[2022-05-12 17:21:49 #10 type] 
Type domain.Kontaktua is not enhanced.

[2022-05-12 17:21:49 #11 type] 
Type domain.Mezua is not enhanced.

------------------------------------------------------------------------------------------------------------------------

[2022-05-12 17:27:36 #1 store] 
Database '/home/xairaur/eclipse-workspace1/Bets21.zip_expanded/Bets21/src/main/resources/bets.temp' is opened by 28775@gorria

[2022-05-12 17:27:36 #2 type] 
Type domain.Admin is not enhanced.

[2022-05-12 17:27:36 #3 type] 
Type domain.Erabiltzailea is not enhanced.

[2022-05-12 17:27:36 #4 type] 
Type domain.Apustua is not enhanced.

[2022-05-12 17:27:36 #5 type] 
Type domain.Mugimendua is not enhanced.

[2022-05-12 17:27:36 #6 type] 
Type domain.Kuota is not enhanced.

[2022-05-12 17:27:36 #7 type] 
Type domain.ApustuAnitza is not enhanced.

[2022-05-12 17:27:36 #8 type] 
Type domain.Question is not enhanced.

[2022-05-12 17:27:36 #9 type] 
Type domain.Event is not enhanced.

[2022-05-12 17:27:36 #10 type] 
Type domain.Kontaktua is not enhanced.

[2022-05-12 17:27:36 #11 type] 
Type domain.Mezua is not enhanced.

------------------------------------------------------------------------------------------------------------------------

[2022-05-12 17:28:50 #1 store] 
Database '/home/xairaur/eclipse-workspace1/Bets21.zip_expanded/Bets21/src/main/resources/bets.temp' is opened by 28863@gorria

[2022-05-12 17:28:50 #2 type] 
Type domain.Admin is not enhanced.

[2022-05-12 17:28:50 #3 type] 
Type domain.Erabiltzailea is not enhanced.

[2022-05-12 17:28:50 #4 type] 
Type domain.Apustua is not enhanced.

[2022-05-12 17:28:50 #5 type] 
Type domain.Mugimendua is not enhanced.

[2022-05-12 17:28:50 #6 type] 
Type domain.Kuota is not enhanced.

[2022-05-12 17:28:50 #7 type] 
Type domain.ApustuAnitza is not enhanced.

[2022-05-12 17:28:50 #8 type] 
Type domain.Question is not enhanced.

[2022-05-12 17:28:50 #9 type] 
Type domain.Event is not enhanced.

[2022-05-12 17:28:50 #10 type] 
Type domain.Kontaktua is not enhanced.

[2022-05-12 17:28:50 #11 type] 
Type domain.Mezua is not enhanced.

------------------------------------------------------------------------------------------------------------------------

[2022-05-12 17:29:20 #1 store] 
Database '/home/xairaur/eclipse-workspace1/Bets21.zip_expanded/Bets21/src/main/resources/bets.temp' is opened by 28907@gorria

[2022-05-12 17:29:20 #2 type] 
Type domain.Admin is not enhanced.

[2022-05-12 17:29:20 #3 type] 
Type domain.Erabiltzailea is not enhanced.

[2022-05-12 17:29:20 #4 type] 
Type domain.Apustua is not enhanced.

[2022-05-12 17:29:20 #5 type] 
Type domain.Mugimendua is not enhanced.

[2022-05-12 17:29:20 #6 type] 
Type domain.Kuota is not enhanced.

[2022-05-12 17:29:20 #7 type] 
Type domain.ApustuAnitza is not enhanced.

[2022-05-12 17:29:20 #8 type] 
Type domain.Question is not enhanced.

[2022-05-12 17:29:20 #9 type] 
Type domain.Event is not enhanced.

[2022-05-12 17:29:20 #10 type] 
Type domain.Kontaktua is not enhanced.

[2022-05-12 17:29:20 #11 type] 
Type domain.Mezua is not enhanced.

------------------------------------------------------------------------------------------------------------------------

[2022-05-12 17:30:01 #1 store] 
Database '/home/xairaur/eclipse-workspace1/Bets21.zip_expanded/Bets21/src/main/resources/bets.temp' is opened by 28979@gorria

[2022-05-12 17:30:01 #2 type] 
Type domain.Admin is not enhanced.

[2022-05-12 17:30:01 #3 type] 
Type domain.Erabiltzailea is not enhanced.

[2022-05-12 17:30:01 #4 type] 
Type domain.Apustua is not enhanced.

[2022-05-12 17:30:01 #5 type] 
Type domain.Mugimendua is not enhanced.

[2022-05-12 17:30:01 #6 type] 
Type domain.Kuota is not enhanced.

[2022-05-12 17:30:01 #7 type] 
Type domain.ApustuAnitza is not enhanced.

[2022-05-12 17:30:01 #8 type] 
Type domain.Question is not enhanced.

[2022-05-12 17:30:01 #9 type] 
Type domain.Event is not enhanced.

[2022-05-12 17:30:01 #10 type] 
Type domain.Kontaktua is not enhanced.

[2022-05-12 17:30:01 #11 type] 
Type domain.Mezua is not enhanced.

------------------------------------------------------------------------------------------------------------------------

[2022-05-12 17:30:57 #1 store] 
Database '/home/xairaur/eclipse-workspace1/Bets21.zip_expanded/Bets21/src/main/resources/bets.temp' is opened by 29095@gorria

[2022-05-12 17:30:57 #2 type] 
Type domain.Admin is not enhanced.

[2022-05-12 17:30:57 #3 type] 
Type domain.Erabiltzailea is not enhanced.

[2022-05-12 17:30:57 #4 type] 
Type domain.Apustua is not enhanced.

[2022-05-12 17:30:57 #5 type] 
Type domain.Mugimendua is not enhanced.

[2022-05-12 17:30:57 #6 type] 
Type domain.Kuota is not enhanced.

[2022-05-12 17:30:57 #7 type] 
Type domain.ApustuAnitza is not enhanced.

[2022-05-12 17:30:57 #8 type] 
Type domain.Question is not enhanced.

[2022-05-12 17:30:57 #9 type] 
Type domain.Event is not enhanced.

[2022-05-12 17:30:57 #10 type] 
Type domain.Kontaktua is not enhanced.

[2022-05-12 17:30:57 #11 type] 
Type domain.Mezua is not enhanced.

------------------------------------------------------------------------------------------------------------------------

[2022-05-12 17:31:53 #1 store] 
Database '/home/xairaur/eclipse-workspace1/Bets21.zip_expanded/Bets21/src/main/resources/bets.temp' is opened by 29162@gorria

[2022-05-12 17:31:53 #2 type] 
Type domain.Admin is not enhanced.

[2022-05-12 17:31:53 #3 type] 
Type domain.Erabiltzailea is not enhanced.

[2022-05-12 17:31:53 #4 type] 
Type domain.Apustua is not enhanced.

[2022-05-12 17:31:53 #5 type] 
Type domain.Mugimendua is not enhanced.

[2022-05-12 17:31:53 #6 type] 
Type domain.Kuota is not enhanced.

[2022-05-12 17:31:53 #7 type] 
Type domain.ApustuAnitza is not enhanced.

[2022-05-12 17:31:53 #8 type] 
Type domain.Question is not enhanced.

[2022-05-12 17:31:53 #9 type] 
Type domain.Event is not enhanced.

[2022-05-12 17:31:53 #10 type] 
Type domain.Kontaktua is not enhanced.

[2022-05-12 17:31:53 #11 type] 
Type domain.Mezua is not enhanced.

------------------------------------------------------------------------------------------------------------------------

[2022-05-12 17:32:53 #1 store] 
Database '/home/xairaur/eclipse-workspace1/Bets21.zip_expanded/Bets21/src/main/resources/bets.temp' is opened by 29274@gorria

[2022-05-12 17:32:53 #2 type] 
Type domain.Admin is not enhanced.

[2022-05-12 17:32:53 #3 type] 
Type domain.Erabiltzailea is not enhanced.

[2022-05-12 17:32:53 #4 type] 
Type domain.Apustua is not enhanced.

[2022-05-12 17:32:53 #5 type] 
Type domain.Mugimendua is not enhanced.

[2022-05-12 17:32:53 #6 type] 
Type domain.Kuota is not enhanced.

[2022-05-12 17:32:53 #7 type] 
Type domain.ApustuAnitza is not enhanced.

[2022-05-12 17:32:53 #8 type] 
Type domain.Question is not enhanced.

[2022-05-12 17:32:53 #9 type] 
Type domain.Event is not enhanced.

[2022-05-12 17:32:53 #10 type] 
Type domain.Kontaktua is not enhanced.

[2022-05-12 17:32:53 #11 type] 
Type domain.Mezua is not enhanced.

------------------------------------------------------------------------------------------------------------------------

[2022-05-12 17:33:30 #1 store] 
Database '/home/xairaur/eclipse-workspace1/Bets21.zip_expanded/Bets21/src/main/resources/bets.temp' is opened by 29357@gorria

[2022-05-12 17:33:30 #2 type] 
Type domain.Admin is not enhanced.

[2022-05-12 17:33:30 #3 type] 
Type domain.Erabiltzailea is not enhanced.

[2022-05-12 17:33:30 #4 type] 
Type domain.Apustua is not enhanced.

[2022-05-12 17:33:30 #5 type] 
Type domain.Mugimendua is not enhanced.

[2022-05-12 17:33:30 #6 type] 
Type domain.Kuota is not enhanced.

[2022-05-12 17:33:30 #7 type] 
Type domain.ApustuAnitza is not enhanced.

[2022-05-12 17:33:30 #8 type] 
Type domain.Question is not enhanced.

[2022-05-12 17:33:30 #9 type] 
Type domain.Event is not enhanced.

[2022-05-12 17:33:30 #10 type] 
Type domain.Kontaktua is not enhanced.

[2022-05-12 17:33:30 #11 type] 
Type domain.Mezua is not enhanced.

------------------------------------------------------------------------------------------------------------------------

[2022-05-12 17:34:04 #1 store] 
Database '/home/xairaur/eclipse-workspace1/Bets21.zip_expanded/Bets21/src/main/resources/bets.temp' is opened by 29438@gorria

[2022-05-12 17:34:04 #2 type] 
Type domain.Admin is not enhanced.

[2022-05-12 17:34:04 #3 type] 
Type domain.Erabiltzailea is not enhanced.

[2022-05-12 17:34:04 #4 type] 
Type domain.Apustua is not enhanced.

[2022-05-12 17:34:04 #5 type] 
Type domain.Mugimendua is not enhanced.

[2022-05-12 17:34:04 #6 type] 
Type domain.Kuota is not enhanced.

[2022-05-12 17:34:04 #7 type] 
Type domain.ApustuAnitza is not enhanced.

[2022-05-12 17:34:04 #8 type] 
Type domain.Question is not enhanced.

[2022-05-12 17:34:04 #9 type] 
Type domain.Event is not enhanced.

[2022-05-12 17:34:04 #10 type] 
Type domain.Kontaktua is not enhanced.

[2022-05-12 17:34:04 #11 type] 
Type domain.Mezua is not enhanced.

------------------------------------------------------------------------------------------------------------------------

[2022-05-12 17:34:35 #1 store] 
Database '/home/xairaur/eclipse-workspace1/Bets21.zip_expanded/Bets21/src/main/resources/bets.temp' is opened by 29499@gorria

[2022-05-12 17:34:35 #2 type] 
Type domain.Admin is not enhanced.

[2022-05-12 17:34:35 #3 type] 
Type domain.Erabiltzailea is not enhanced.

[2022-05-12 17:34:35 #4 type] 
Type domain.Apustua is not enhanced.

[2022-05-12 17:34:35 #5 type] 
Type domain.Mugimendua is not enhanced.

[2022-05-12 17:34:35 #6 type] 
Type domain.Kuota is not enhanced.

[2022-05-12 17:34:35 #7 type] 
Type domain.ApustuAnitza is not enhanced.

[2022-05-12 17:34:35 #8 type] 
Type domain.Question is not enhanced.

[2022-05-12 17:34:35 #9 type] 
Type domain.Event is not enhanced.

[2022-05-12 17:34:35 #10 type] 
Type domain.Kontaktua is not enhanced.

[2022-05-12 17:34:35 #11 type] 
Type domain.Mezua is not enhanced.

------------------------------------------------------------------------------------------------------------------------

[2022-05-12 17:36:03 #1 store] 
Database '/home/xairaur/eclipse-workspace1/Bets21.zip_expanded/Bets21/src/main/resources/bets.temp' is opened by 29619@gorria

[2022-05-12 17:36:03 #2 type] 
Type domain.Admin is not enhanced.

[2022-05-12 17:36:03 #3 type] 
Type domain.Erabiltzailea is not enhanced.

[2022-05-12 17:36:03 #4 type] 
Type domain.Apustua is not enhanced.

[2022-05-12 17:36:03 #5 type] 
Type domain.Mugimendua is not enhanced.

[2022-05-12 17:36:03 #6 type] 
Type domain.Kuota is not enhanced.

[2022-05-12 17:36:03 #7 type] 
Type domain.ApustuAnitza is not enhanced.

[2022-05-12 17:36:03 #8 type] 
Type domain.Question is not enhanced.

[2022-05-12 17:36:03 #9 type] 
Type domain.Event is not enhanced.

[2022-05-12 17:36:03 #10 type] 
Type domain.Kontaktua is not enhanced.

[2022-05-12 17:36:03 #11 type] 
Type domain.Mezua is not enhanced.

------------------------------------------------------------------------------------------------------------------------

[2022-05-12 17:36:25 #1 store] 
Database '/home/xairaur/eclipse-workspace1/Bets21.zip_expanded/Bets21/src/main/resources/bets.temp' is opened by 29681@gorria

[2022-05-12 17:36:25 #2 type] 
Type domain.Admin is not enhanced.

[2022-05-12 17:36:25 #3 type] 
Type domain.Erabiltzailea is not enhanced.

[2022-05-12 17:36:25 #4 type] 
Type domain.Apustua is not enhanced.

[2022-05-12 17:36:25 #5 type] 
Type domain.Mugimendua is not enhanced.

[2022-05-12 17:36:25 #6 type] 
Type domain.Kuota is not enhanced.

[2022-05-12 17:36:25 #7 type] 
Type domain.ApustuAnitza is not enhanced.

[2022-05-12 17:36:25 #8 type] 
Type domain.Question is not enhanced.

[2022-05-12 17:36:25 #9 type] 
Type domain.Event is not enhanced.

[2022-05-12 17:36:25 #10 type] 
Type domain.Kontaktua is not enhanced.

[2022-05-12 17:36:25 #11 type] 
Type domain.Mezua is not enhanced.

------------------------------------------------------------------------------------------------------------------------

[2022-05-12 17:36:56 #1 store] 
Database '/home/xairaur/eclipse-workspace1/Bets21.zip_expanded/Bets21/src/main/resources/bets.temp' is opened by 29752@gorria

[2022-05-12 17:36:57 #2 type] 
Type domain.Admin is not enhanced.

[2022-05-12 17:36:57 #3 type] 
Type domain.Erabiltzailea is not enhanced.

[2022-05-12 17:36:57 #4 type] 
Type domain.Apustua is not enhanced.

[2022-05-12 17:36:57 #5 type] 
Type domain.Mugimendua is not enhanced.

[2022-05-12 17:36:57 #6 type] 
Type domain.Kuota is not enhanced.

[2022-05-12 17:36:57 #7 type] 
Type domain.ApustuAnitza is not enhanced.

[2022-05-12 17:36:57 #8 type] 
Type domain.Question is not enhanced.

[2022-05-12 17:36:57 #9 type] 
Type domain.Event is not enhanced.

[2022-05-12 17:36:57 #10 type] 
Type domain.Kontaktua is not enhanced.

[2022-05-12 17:36:57 #11 type] 
Type domain.Mezua is not enhanced.

------------------------------------------------------------------------------------------------------------------------

[2022-05-12 17:43:56 #1 store] 
Database '/home/xairaur/eclipse-workspace1/Bets21.zip_expanded/Bets21/src/main/resources/bets.temp' is opened by 30011@gorria

[2022-05-12 17:43:56 #2 type] 
Type domain.Admin is not enhanced.

[2022-05-12 17:43:56 #3 type] 
Type domain.Erabiltzailea is not enhanced.

[2022-05-12 17:43:56 #4 type] 
Type domain.Apustua is not enhanced.

[2022-05-12 17:43:56 #5 type] 
Type domain.Mugimendua is not enhanced.

[2022-05-12 17:43:56 #6 type] 
Type domain.Kuota is not enhanced.

[2022-05-12 17:43:56 #7 type] 
Type domain.ApustuAnitza is not enhanced.

[2022-05-12 17:43:56 #8 type] 
Type domain.Question is not enhanced.

[2022-05-12 17:43:56 #9 type] 
Type domain.Event is not enhanced.

[2022-05-12 17:43:56 #10 type] 
Type domain.Kontaktua is not enhanced.

[2022-05-12 17:43:56 #11 type] 
Type domain.Mezua is not enhanced.

------------------------------------------------------------------------------------------------------------------------

[2022-05-12 17:48:41 #1 store] 
Database '/home/xairaur/eclipse-workspace1/Bets21.zip_expanded/Bets21/src/main/resources/bets.temp' is opened by 30393@gorria

[2022-05-12 17:48:41 #2 type] 
Type domain.Admin is not enhanced.

[2022-05-12 17:48:41 #3 type] 
Type domain.Erabiltzailea is not enhanced.

[2022-05-12 17:48:41 #4 type] 
Type domain.Apustua is not enhanced.

[2022-05-12 17:48:41 #5 type] 
Type domain.Mugimendua is not enhanced.

[2022-05-12 17:48:41 #6 type] 
Type domain.Kuota is not enhanced.

[2022-05-12 17:48:41 #7 type] 
Type domain.ApustuAnitza is not enhanced.

[2022-05-12 17:48:41 #8 type] 
Type domain.Question is not enhanced.

[2022-05-12 17:48:41 #9 type] 
Type domain.Event is not enhanced.

[2022-05-12 17:48:41 #10 type] 
Type domain.Kontaktua is not enhanced.

[2022-05-12 17:48:41 #11 type] 
Type domain.Mezua is not enhanced.

------------------------------------------------------------------------------------------------------------------------

[2022-05-12 17:53:27 #1 store] 
Database '/home/xairaur/eclipse-workspace1/Bets21.zip_expanded/Bets21/src/main/resources/bets.temp' is opened by 30627@gorria

[2022-05-12 17:53:27 #2 type] 
Type domain.Admin is not enhanced.

[2022-05-12 17:53:27 #3 type] 
Type domain.Erabiltzailea is not enhanced.

[2022-05-12 17:53:27 #4 type] 
Type domain.Apustua is not enhanced.

[2022-05-12 17:53:27 #5 type] 
Type domain.Mugimendua is not enhanced.

[2022-05-12 17:53:27 #6 type] 
Type domain.Kuota is not enhanced.

[2022-05-12 17:53:27 #7 type] 
Type domain.ApustuAnitza is not enhanced.

[2022-05-12 17:53:27 #8 type] 
Type domain.Question is not enhanced.

[2022-05-12 17:53:27 #9 type] 
Type domain.Event is not enhanced.

[2022-05-12 17:53:27 #10 type] 
Type domain.Kontaktua is not enhanced.

[2022-05-12 17:53:27 #11 type] 
Type domain.Mezua is not enhanced.

------------------------------------------------------------------------------------------------------------------------

[2022-05-12 17:54:13 #1 store] 
Database '/home/xairaur/eclipse-workspace1/Bets21.zip_expanded/Bets21/src/main/resources/bets.temp' is opened by 30690@gorria

[2022-05-12 17:54:13 #2 type] 
Type domain.Admin is not enhanced.

[2022-05-12 17:54:13 #3 type] 
Type domain.Erabiltzailea is not enhanced.

[2022-05-12 17:54:13 #4 type] 
Type domain.Apustua is not enhanced.

[2022-05-12 17:54:13 #5 type] 
Type domain.Mugimendua is not enhanced.

[2022-05-12 17:54:13 #6 type] 
Type domain.Kuota is not enhanced.

[2022-05-12 17:54:13 #7 type] 
Type domain.ApustuAnitza is not enhanced.

[2022-05-12 17:54:13 #8 type] 
Type domain.Question is not enhanced.

[2022-05-12 17:54:13 #9 type] 
Type domain.Event is not enhanced.

[2022-05-12 17:54:13 #10 type] 
Type domain.Kontaktua is not enhanced.

[2022-05-12 17:54:13 #11 type] 
Type domain.Mezua is not enhanced.

------------------------------------------------------------------------------------------------------------------------

[2022-05-12 17:54:36 #1 store] 
Database '/home/xairaur/eclipse-workspace1/Bets21.zip_expanded/Bets21/src/main/resources/bets.temp' is opened by 30751@gorria

[2022-05-12 17:54:37 #2 type] 
Type domain.Admin is not enhanced.

[2022-05-12 17:54:37 #3 type] 
Type domain.Erabiltzailea is not enhanced.

[2022-05-12 17:54:37 #4 type] 
Type domain.Apustua is not enhanced.

[2022-05-12 17:54:37 #5 type] 
Type domain.Mugimendua is not enhanced.

[2022-05-12 17:54:37 #6 type] 
Type domain.Kuota is not enhanced.

[2022-05-12 17:54:37 #7 type] 
Type domain.ApustuAnitza is not enhanced.

[2022-05-12 17:54:37 #8 type] 
Type domain.Question is not enhanced.

[2022-05-12 17:54:37 #9 type] 
Type domain.Event is not enhanced.

[2022-05-12 17:54:37 #10 type] 
Type domain.Kontaktua is not enhanced.

[2022-05-12 17:54:37 #11 type] 
Type domain.Mezua is not enhanced.

------------------------------------------------------------------------------------------------------------------------

[2022-05-12 17:55:09 #1 store] 
Database '/home/xairaur/eclipse-workspace1/Bets21.zip_expanded/Bets21/src/main/resources/bets.temp' is opened by 30814@gorria

[2022-05-12 17:55:09 #2 type] 
Type domain.Admin is not enhanced.

[2022-05-12 17:55:09 #3 type] 
Type domain.Erabiltzailea is not enhanced.

[2022-05-12 17:55:09 #4 type] 
Type domain.Apustua is not enhanced.

[2022-05-12 17:55:09 #5 type] 
Type domain.Mugimendua is not enhanced.

[2022-05-12 17:55:09 #6 type] 
Type domain.Kuota is not enhanced.

[2022-05-12 17:55:09 #7 type] 
Type domain.ApustuAnitza is not enhanced.

[2022-05-12 17:55:09 #8 type] 
Type domain.Question is not enhanced.

[2022-05-12 17:55:09 #9 type] 
Type domain.Event is not enhanced.

[2022-05-12 17:55:09 #10 type] 
Type domain.Kontaktua is not enhanced.

[2022-05-12 17:55:09 #11 type] 
Type domain.Mezua is not enhanced.

------------------------------------------------------------------------------------------------------------------------

[2022-05-12 17:56:13 #1 store] 
Database '/home/xairaur/eclipse-workspace1/Bets21.zip_expanded/Bets21/src/main/resources/bets.temp' is opened by 30894@gorria

[2022-05-12 17:56:13 #2 type] 
Type domain.Admin is not enhanced.

[2022-05-12 17:56:13 #3 type] 
Type domain.Erabiltzailea is not enhanced.

[2022-05-12 17:56:13 #4 type] 
Type domain.Apustua is not enhanced.

[2022-05-12 17:56:13 #5 type] 
Type domain.Mugimendua is not enhanced.

[2022-05-12 17:56:13 #6 type] 
Type domain.Kuota is not enhanced.

[2022-05-12 17:56:13 #7 type] 
Type domain.ApustuAnitza is not enhanced.

[2022-05-12 17:56:13 #8 type] 
Type domain.Question is not enhanced.

[2022-05-12 17:56:13 #9 type] 
Type domain.Event is not enhanced.

[2022-05-12 17:56:13 #10 type] 
Type domain.Kontaktua is not enhanced.

[2022-05-12 17:56:13 #11 type] 
Type domain.Mezua is not enhanced.

------------------------------------------------------------------------------------------------------------------------

[2022-05-12 17:57:01 #1 store] 
Database '/home/xairaur/eclipse-workspace1/Bets21.zip_expanded/Bets21/src/main/resources/bets.temp' is opened by 31011@gorria

[2022-05-12 17:57:01 #2 type] 
Type domain.Admin is not enhanced.

[2022-05-12 17:57:01 #3 type] 
Type domain.Erabiltzailea is not enhanced.

[2022-05-12 17:57:01 #4 type] 
Type domain.Apustua is not enhanced.

[2022-05-12 17:57:01 #5 type] 
Type domain.Mugimendua is not enhanced.

[2022-05-12 17:57:01 #6 type] 
Type domain.Kuota is not enhanced.

[2022-05-12 17:57:01 #7 type] 
Type domain.ApustuAnitza is not enhanced.

[2022-05-12 17:57:01 #8 type] 
Type domain.Question is not enhanced.

[2022-05-12 17:57:01 #9 type] 
Type domain.Event is not enhanced.

[2022-05-12 17:57:01 #10 type] 
Type domain.Kontaktua is not enhanced.

[2022-05-12 17:57:01 #11 type] 
Type domain.Mezua is not enhanced.

------------------------------------------------------------------------------------------------------------------------

[2022-05-12 17:57:43 #1 store] 
Database '/home/xairaur/eclipse-workspace1/Bets21.zip_expanded/Bets21/src/main/resources/bets.temp' is opened by 31078@gorria

[2022-05-12 17:57:43 #2 type] 
Type domain.Admin is not enhanced.

[2022-05-12 17:57:43 #3 type] 
Type domain.Erabiltzailea is not enhanced.

[2022-05-12 17:57:43 #4 type] 
Type domain.Apustua is not enhanced.

[2022-05-12 17:57:43 #5 type] 
Type domain.Mugimendua is not enhanced.

[2022-05-12 17:57:43 #6 type] 
Type domain.Kuota is not enhanced.

[2022-05-12 17:57:43 #7 type] 
Type domain.ApustuAnitza is not enhanced.

[2022-05-12 17:57:43 #8 type] 
Type domain.Question is not enhanced.

[2022-05-12 17:57:43 #9 type] 
Type domain.Event is not enhanced.

[2022-05-12 17:57:43 #10 type] 
Type domain.Kontaktua is not enhanced.

[2022-05-12 17:57:43 #11 type] 
Type domain.Mezua is not enhanced.

------------------------------------------------------------------------------------------------------------------------

[2022-05-12 17:58:27 #1 store] 
Database '/home/xairaur/eclipse-workspace1/Bets21.zip_expanded/Bets21/src/main/resources/bets.temp' is opened by 31174@gorria

[2022-05-12 17:58:27 #2 type] 
Type domain.Admin is not enhanced.

[2022-05-12 17:58:27 #3 type] 
Type domain.Erabiltzailea is not enhanced.

[2022-05-12 17:58:27 #4 type] 
Type domain.Apustua is not enhanced.

[2022-05-12 17:58:27 #5 type] 
Type domain.Mugimendua is not enhanced.

[2022-05-12 17:58:27 #6 type] 
Type domain.Kuota is not enhanced.

[2022-05-12 17:58:27 #7 type] 
Type domain.ApustuAnitza is not enhanced.

[2022-05-12 17:58:27 #8 type] 
Type domain.Question is not enhanced.

[2022-05-12 17:58:27 #9 type] 
Type domain.Event is not enhanced.

[2022-05-12 17:58:27 #10 type] 
Type domain.Kontaktua is not enhanced.

[2022-05-12 17:58:27 #11 type] 
Type domain.Mezua is not enhanced.

------------------------------------------------------------------------------------------------------------------------

[2022-05-12 17:59:32 #1 store] 
Database '/home/xairaur/eclipse-workspace1/Bets21.zip_expanded/Bets21/src/main/resources/bets.temp' is opened by 31269@gorria

[2022-05-12 17:59:32 #2 type] 
Type domain.Admin is not enhanced.

[2022-05-12 17:59:32 #3 type] 
Type domain.Erabiltzailea is not enhanced.

[2022-05-12 17:59:32 #4 type] 
Type domain.Apustua is not enhanced.

[2022-05-12 17:59:32 #5 type] 
Type domain.Mugimendua is not enhanced.

[2022-05-12 17:59:32 #6 type] 
Type domain.Kuota is not enhanced.

[2022-05-12 17:59:32 #7 type] 
Type domain.ApustuAnitza is not enhanced.

[2022-05-12 17:59:32 #8 type] 
Type domain.Question is not enhanced.

[2022-05-12 17:59:32 #9 type] 
Type domain.Event is not enhanced.

[2022-05-12 17:59:32 #10 type] 
Type domain.Kontaktua is not enhanced.

[2022-05-12 17:59:32 #11 type] 
Type domain.Mezua is not enhanced.

------------------------------------------------------------------------------------------------------------------------

[2022-05-12 18:01:01 #1 store] 
Database '/home/xairaur/eclipse-workspace1/Bets21.zip_expanded/Bets21/src/main/resources/bets.temp' is opened by 31482@gorria

[2022-05-12 18:01:02 #2 type] 
Type domain.Admin is not enhanced.

[2022-05-12 18:01:02 #3 type] 
Type domain.Erabiltzailea is not enhanced.

[2022-05-12 18:01:02 #4 type] 
Type domain.Apustua is not enhanced.

[2022-05-12 18:01:02 #5 type] 
Type domain.Mugimendua is not enhanced.

[2022-05-12 18:01:02 #6 type] 
Type domain.Kuota is not enhanced.

[2022-05-12 18:01:02 #7 type] 
Type domain.ApustuAnitza is not enhanced.

[2022-05-12 18:01:02 #8 type] 
Type domain.Question is not enhanced.

[2022-05-12 18:01:02 #9 type] 
Type domain.Event is not enhanced.

[2022-05-12 18:01:02 #10 type] 
Type domain.Kontaktua is not enhanced.

[2022-05-12 18:01:02 #11 type] 
Type domain.Mezua is not enhanced.

------------------------------------------------------------------------------------------------------------------------

[2022-05-12 18:03:15 #1 store] 
Database '/home/xairaur/eclipse-workspace1/Bets21.zip_expanded/Bets21/src/main/resources/bets.temp' is opened by 31662@gorria

[2022-05-12 18:03:15 #2 type] 
Type domain.Admin is not enhanced.

[2022-05-12 18:03:15 #3 type] 
Type domain.Erabiltzailea is not enhanced.

[2022-05-12 18:03:15 #4 type] 
Type domain.Apustua is not enhanced.

[2022-05-12 18:03:15 #5 type] 
Type domain.Mugimendua is not enhanced.

[2022-05-12 18:03:15 #6 type] 
Type domain.Kuota is not enhanced.

[2022-05-12 18:03:15 #7 type] 
Type domain.ApustuAnitza is not enhanced.

[2022-05-12 18:03:15 #8 type] 
Type domain.Question is not enhanced.

[2022-05-12 18:03:15 #9 type] 
Type domain.Event is not enhanced.

[2022-05-12 18:03:15 #10 type] 
Type domain.Kontaktua is not enhanced.

[2022-05-12 18:03:15 #11 type] 
Type domain.Mezua is not enhanced.

------------------------------------------------------------------------------------------------------------------------

[2022-05-12 18:05:00 #1 store] 
Database '/home/xairaur/eclipse-workspace1/Bets21.zip_expanded/Bets21/src/main/resources/bets.temp' is opened by 31783@gorria

[2022-05-12 18:05:00 #2 type] 
Type domain.Admin is not enhanced.

[2022-05-12 18:05:00 #3 type] 
Type domain.Erabiltzailea is not enhanced.

[2022-05-12 18:05:00 #4 type] 
Type domain.Apustua is not enhanced.

[2022-05-12 18:05:00 #5 type] 
Type domain.Mugimendua is not enhanced.

[2022-05-12 18:05:00 #6 type] 
Type domain.Kuota is not enhanced.

[2022-05-12 18:05:00 #7 type] 
Type domain.ApustuAnitza is not enhanced.

[2022-05-12 18:05:00 #8 type] 
Type domain.Question is not enhanced.

[2022-05-12 18:05:00 #9 type] 
Type domain.Event is not enhanced.

[2022-05-12 18:05:00 #10 type] 
Type domain.Kontaktua is not enhanced.

[2022-05-12 18:05:00 #11 type] 
Type domain.Mezua is not enhanced.

------------------------------------------------------------------------------------------------------------------------

[2022-05-12 18:05:35 #1 store] 
Database '/home/xairaur/eclipse-workspace1/Bets21.zip_expanded/Bets21/src/main/resources/bets.temp' is opened by 31844@gorria

[2022-05-12 18:05:35 #2 type] 
Type domain.Admin is not enhanced.

[2022-05-12 18:05:35 #3 type] 
Type domain.Erabiltzailea is not enhanced.

[2022-05-12 18:05:35 #4 type] 
Type domain.Apustua is not enhanced.

[2022-05-12 18:05:35 #5 type] 
Type domain.Mugimendua is not enhanced.

[2022-05-12 18:05:35 #6 type] 
Type domain.Kuota is not enhanced.

[2022-05-12 18:05:35 #7 type] 
Type domain.ApustuAnitza is not enhanced.

[2022-05-12 18:05:35 #8 type] 
Type domain.Question is not enhanced.

[2022-05-12 18:05:35 #9 type] 
Type domain.Event is not enhanced.

[2022-05-12 18:05:35 #10 type] 
Type domain.Kontaktua is not enhanced.

[2022-05-12 18:05:35 #11 type] 
Type domain.Mezua is not enhanced.

------------------------------------------------------------------------------------------------------------------------

[2022-05-12 21:26:13 #1 store] 
Database '/home/xairaur/eclipse-workspace1/Bets21.zip_expanded/Bets21/src/main/resources/bets.temp' is opened by 36611@gorria

[2022-05-12 21:26:14 #2 type] 
Type domain.Admin is not enhanced.

[2022-05-12 21:26:14 #3 type] 
Type domain.Erabiltzailea is not enhanced.

[2022-05-12 21:26:14 #4 type] 
Type domain.Apustua is not enhanced.

[2022-05-12 21:26:14 #5 type] 
Type domain.Mugimendua is not enhanced.

[2022-05-12 21:26:14 #6 type] 
Type domain.Kuota is not enhanced.

[2022-05-12 21:26:14 #7 type] 
Type domain.ApustuAnitza is not enhanced.

[2022-05-12 21:26:14 #8 type] 
Type domain.Question is not enhanced.

[2022-05-12 21:26:14 #9 type] 
Type domain.Event is not enhanced.

[2022-05-12 21:26:14 #10 type] 
Type domain.Kontaktua is not enhanced.

[2022-05-12 21:26:14 #11 type] 
Type domain.Mezua is not enhanced.

------------------------------------------------------------------------------------------------------------------------

[2022-05-12 21:33:32 #1 store] 
Database '/home/xairaur/eclipse-workspace1/Bets21.zip_expanded/Bets21/src/main/resources/bets.temp' is opened by 37462@gorria

[2022-05-12 21:33:32 #2 type] 
Type domain.Admin is not enhanced.

[2022-05-12 21:33:32 #3 type] 
Type domain.Erabiltzailea is not enhanced.

[2022-05-12 21:33:32 #4 type] 
Type domain.Apustua is not enhanced.

[2022-05-12 21:33:32 #5 type] 
Type domain.Mugimendua is not enhanced.

[2022-05-12 21:33:32 #6 type] 
Type domain.Kuota is not enhanced.

[2022-05-12 21:33:32 #7 type] 
Type domain.ApustuAnitza is not enhanced.

[2022-05-12 21:33:32 #8 type] 
Type domain.Question is not enhanced.

[2022-05-12 21:33:32 #9 type] 
Type domain.Event is not enhanced.

[2022-05-12 21:33:32 #10 type] 
Type domain.Kontaktua is not enhanced.

[2022-05-12 21:33:32 #11 type] 
Type domain.Mezua is not enhanced.

------------------------------------------------------------------------------------------------------------------------

[2022-05-12 21:37:28 #1 store] 
Database '/home/xairaur/eclipse-workspace1/Bets21.zip_expanded/Bets21/src/main/resources/bets.temp' is opened by 37621@gorria

[2022-05-12 21:37:28 #2 type] 
Type domain.Admin is not enhanced.

[2022-05-12 21:37:28 #3 type] 
Type domain.Erabiltzailea is not enhanced.

[2022-05-12 21:37:28 #4 type] 
Type domain.Apustua is not enhanced.

[2022-05-12 21:37:28 #5 type] 
Type domain.Mugimendua is not enhanced.

[2022-05-12 21:37:28 #6 type] 
Type domain.Kuota is not enhanced.

[2022-05-12 21:37:28 #7 type] 
Type domain.ApustuAnitza is not enhanced.

[2022-05-12 21:37:28 #8 type] 
Type domain.Question is not enhanced.

[2022-05-12 21:37:28 #9 type] 
Type domain.Event is not enhanced.

[2022-05-12 21:37:28 #10 type] 
Type domain.Kontaktua is not enhanced.

[2022-05-12 21:37:28 #11 type] 
Type domain.Mezua is not enhanced.

