------------------------------------------------------------------------------------------------------------------------

[2022-05-11 00:00:21 #1 store] 
Database '/home/xairaur/eclipse-workspace1/Bets21.zip_expanded/Bets21/src/main/resources/bets.temp' is opened by 31424@gorria

[2022-05-11 00:00:21 #2 type] 
Type domain.Admin is not enhanced.

[2022-05-11 00:00:21 #3 type] 
Type domain.Erabiltzailea is not enhanced.

[2022-05-11 00:00:21 #4 type] 
Type domain.Apustua is not enhanced.

[2022-05-11 00:00:21 #5 type] 
Type domain.Mugimendua is not enhanced.

[2022-05-11 00:00:21 #6 type] 
Type domain.Kuota is not enhanced.

[2022-05-11 00:00:21 #7 type] 
Type domain.ApustuAnitza is not enhanced.

[2022-05-11 00:00:21 #8 type] 
Type domain.Question is not enhanced.

[2022-05-11 00:00:21 #9 type] 
Type domain.Event is not enhanced.

[2022-05-11 00:00:21 #10 type] 
Type domain.Kontaktua is not enhanced.

[2022-05-11 00:00:21 #11 type] 
Type domain.Mezua is not enhanced.

------------------------------------------------------------------------------------------------------------------------

[2022-05-11 00:01:08 #1 store] 
Database '/home/xairaur/eclipse-workspace1/Bets21.zip_expanded/Bets21/src/main/resources/bets.temp' is opened by 31518@gorria

[2022-05-11 00:01:08 #2 type] 
Type domain.Admin is not enhanced.

[2022-05-11 00:01:08 #3 type] 
Type domain.Erabiltzailea is not enhanced.

[2022-05-11 00:01:08 #4 type] 
Type domain.Apustua is not enhanced.

[2022-05-11 00:01:08 #5 type] 
Type domain.Mugimendua is not enhanced.

[2022-05-11 00:01:08 #6 type] 
Type domain.Kuota is not enhanced.

[2022-05-11 00:01:08 #7 type] 
Type domain.ApustuAnitza is not enhanced.

[2022-05-11 00:01:08 #8 type] 
Type domain.Question is not enhanced.

[2022-05-11 00:01:08 #9 type] 
Type domain.Event is not enhanced.

[2022-05-11 00:01:08 #10 type] 
Type domain.Kontaktua is not enhanced.

[2022-05-11 00:01:08 #11 type] 
Type domain.Mezua is not enhanced.

------------------------------------------------------------------------------------------------------------------------

[2022-05-11 00:03:11 #1 store] 
Database '/home/xairaur/eclipse-workspace1/Bets21.zip_expanded/Bets21/src/main/resources/bets.temp' is opened by 31639@gorria

[2022-05-11 00:03:11 #2 type] 
Type domain.Admin is not enhanced.

[2022-05-11 00:03:11 #3 type] 
Type domain.Erabiltzailea is not enhanced.

[2022-05-11 00:03:11 #4 type] 
Type domain.Apustua is not enhanced.

[2022-05-11 00:03:11 #5 type] 
Type domain.Mugimendua is not enhanced.

[2022-05-11 00:03:11 #6 type] 
Type domain.Kuota is not enhanced.

[2022-05-11 00:03:11 #7 type] 
Type domain.ApustuAnitza is not enhanced.

[2022-05-11 00:03:11 #8 type] 
Type domain.Question is not enhanced.

[2022-05-11 00:03:11 #9 type] 
Type domain.Event is not enhanced.

[2022-05-11 00:03:11 #10 type] 
Type domain.Kontaktua is not enhanced.

[2022-05-11 00:03:11 #11 type] 
Type domain.Mezua is not enhanced.

------------------------------------------------------------------------------------------------------------------------

[2022-05-11 00:04:22 #1 store] 
Database '/home/xairaur/eclipse-workspace1/Bets21.zip_expanded/Bets21/src/main/resources/bets.temp' has been recovered (tr. 15-15)

[2022-05-11 00:04:22 #2 store] 
Database '/home/xairaur/eclipse-workspace1/Bets21.zip_expanded/Bets21/src/main/resources/bets.temp' is opened by 31736@gorria

[2022-05-11 00:04:22 #3 type] 
Type domain.Admin is not enhanced.

[2022-05-11 00:04:22 #4 type] 
Type domain.Erabiltzailea is not enhanced.

[2022-05-11 00:04:22 #5 type] 
Type domain.Apustua is not enhanced.

[2022-05-11 00:04:22 #6 type] 
Type domain.Mugimendua is not enhanced.

[2022-05-11 00:04:22 #7 type] 
Type domain.Kuota is not enhanced.

[2022-05-11 00:04:22 #8 type] 
Type domain.ApustuAnitza is not enhanced.

[2022-05-11 00:04:22 #9 type] 
Type domain.Question is not enhanced.

[2022-05-11 00:04:22 #10 type] 
Type domain.Event is not enhanced.

[2022-05-11 00:04:22 #11 type] 
Type domain.Kontaktua is not enhanced.

[2022-05-11 00:04:22 #12 type] 
Type domain.Mezua is not enhanced.

------------------------------------------------------------------------------------------------------------------------

[2022-05-11 00:08:56 #1 store] 
Database '/home/xairaur/eclipse-workspace1/Bets21.zip_expanded/Bets21/src/main/resources/bets.temp' has been recovered (tr. 16-27)

[2022-05-11 00:08:56 #2 store] 
Database '/home/xairaur/eclipse-workspace1/Bets21.zip_expanded/Bets21/src/main/resources/bets.temp' is opened by 31870@gorria

[2022-05-11 00:08:57 #3 type] 
Type domain.Admin is not enhanced.

[2022-05-11 00:08:57 #4 type] 
Type domain.Erabiltzailea is not enhanced.

[2022-05-11 00:08:57 #5 type] 
Type domain.Apustua is not enhanced.

[2022-05-11 00:08:57 #6 type] 
Type domain.Mugimendua is not enhanced.

[2022-05-11 00:08:57 #7 type] 
Type domain.Kuota is not enhanced.

[2022-05-11 00:08:57 #8 type] 
Type domain.ApustuAnitza is not enhanced.

[2022-05-11 00:08:57 #9 type] 
Type domain.Question is not enhanced.

[2022-05-11 00:08:57 #10 type] 
Type domain.Event is not enhanced.

[2022-05-11 00:08:57 #11 type] 
Type domain.Kontaktua is not enhanced.

[2022-05-11 00:08:57 #12 type] 
Type domain.Mezua is not enhanced.

------------------------------------------------------------------------------------------------------------------------

[2022-05-11 00:16:12 #1 store] 
Database '/home/xairaur/eclipse-workspace1/Bets21.zip_expanded/Bets21/src/main/resources/bets.temp' has been recovered (tr. 28-28)

[2022-05-11 00:16:12 #2 store] 
Database '/home/xairaur/eclipse-workspace1/Bets21.zip_expanded/Bets21/src/main/resources/bets.temp' is opened by 33522@gorria

[2022-05-11 00:16:12 #3 type] 
Type domain.Admin is not enhanced.

[2022-05-11 00:16:12 #4 type] 
Type domain.Erabiltzailea is not enhanced.

[2022-05-11 00:16:12 #5 type] 
Type domain.Apustua is not enhanced.

[2022-05-11 00:16:12 #6 type] 
Type domain.Mugimendua is not enhanced.

[2022-05-11 00:16:12 #7 type] 
Type domain.Kuota is not enhanced.

[2022-05-11 00:16:12 #8 type] 
Type domain.ApustuAnitza is not enhanced.

[2022-05-11 00:16:12 #9 type] 
Type domain.Question is not enhanced.

[2022-05-11 00:16:12 #10 type] 
Type domain.Event is not enhanced.

[2022-05-11 00:16:12 #11 type] 
Type domain.Kontaktua is not enhanced.

[2022-05-11 00:16:12 #12 type] 
Type domain.Mezua is not enhanced.

------------------------------------------------------------------------------------------------------------------------

[2022-05-11 00:16:54 #1 store] 
Database '/home/xairaur/eclipse-workspace1/Bets21.zip_expanded/Bets21/src/main/resources/bets.temp' is opened by 33599@gorria

[2022-05-11 00:16:54 #2 type] 
Type domain.Admin is not enhanced.

[2022-05-11 00:16:54 #3 type] 
Type domain.Erabiltzailea is not enhanced.

[2022-05-11 00:16:54 #4 type] 
Type domain.Apustua is not enhanced.

[2022-05-11 00:16:54 #5 type] 
Type domain.Mugimendua is not enhanced.

[2022-05-11 00:16:54 #6 type] 
Type domain.Kuota is not enhanced.

[2022-05-11 00:16:54 #7 type] 
Type domain.ApustuAnitza is not enhanced.

[2022-05-11 00:16:54 #8 type] 
Type domain.Question is not enhanced.

[2022-05-11 00:16:54 #9 type] 
Type domain.Event is not enhanced.

[2022-05-11 00:16:54 #10 type] 
Type domain.Kontaktua is not enhanced.

[2022-05-11 00:16:54 #11 type] 
Type domain.Mezua is not enhanced.

------------------------------------------------------------------------------------------------------------------------

[2022-05-11 00:19:35 #1 store] 
Database '/home/xairaur/eclipse-workspace1/Bets21.zip_expanded/Bets21/src/main/resources/bets.temp' has been recovered (tr. 29-32)

[2022-05-11 00:19:35 #2 store] 
Database '/home/xairaur/eclipse-workspace1/Bets21.zip_expanded/Bets21/src/main/resources/bets.temp' is opened by 33718@gorria

[2022-05-11 00:19:35 #3 type] 
Type domain.Admin is not enhanced.

[2022-05-11 00:19:35 #4 type] 
Type domain.Erabiltzailea is not enhanced.

[2022-05-11 00:19:35 #5 type] 
Type domain.Apustua is not enhanced.

[2022-05-11 00:19:35 #6 type] 
Type domain.Mugimendua is not enhanced.

[2022-05-11 00:19:35 #7 type] 
Type domain.Kuota is not enhanced.

[2022-05-11 00:19:35 #8 type] 
Type domain.ApustuAnitza is not enhanced.

[2022-05-11 00:19:35 #9 type] 
Type domain.Question is not enhanced.

[2022-05-11 00:19:35 #10 type] 
Type domain.Event is not enhanced.

[2022-05-11 00:19:35 #11 type] 
Type domain.Kontaktua is not enhanced.

[2022-05-11 00:19:35 #12 type] 
Type domain.Mezua is not enhanced.

