------------------------------------------------------------------------------------------------------------------------

[2022-05-13 18:32:46 #1 store] 
Database '/home/xairaur/eclipse-workspace1/Bets21.zip_expanded/Bets21/src/main/resources/bets.temp' is opened by 14083@gorria

[2022-05-13 18:32:46 #2 type] 
Type domain.Admin is not enhanced.

[2022-05-13 18:32:46 #3 type] 
Type domain.Erabiltzailea is not enhanced.

[2022-05-13 18:32:46 #4 type] 
Type domain.Apustua is not enhanced.

[2022-05-13 18:32:46 #5 type] 
Type domain.Mugimendua is not enhanced.

[2022-05-13 18:32:46 #6 type] 
Type domain.Kuota is not enhanced.

[2022-05-13 18:32:46 #7 type] 
Type domain.ApustuAnitza is not enhanced.

[2022-05-13 18:32:46 #8 type] 
Type domain.Question is not enhanced.

[2022-05-13 18:32:46 #9 type] 
Type domain.Event is not enhanced.

[2022-05-13 18:32:46 #10 type] 
Type domain.Kontaktua is not enhanced.

[2022-05-13 18:32:46 #11 type] 
Type domain.Mezua is not enhanced.

------------------------------------------------------------------------------------------------------------------------

[2022-05-13 18:33:21 #1 store] 
Database '/home/xairaur/eclipse-workspace1/Bets21.zip_expanded/Bets21/src/main/resources/bets.temp' is opened by 14145@gorria

[2022-05-13 18:33:21 #2 type] 
Type domain.Admin is not enhanced.

[2022-05-13 18:33:21 #3 type] 
Type domain.Erabiltzailea is not enhanced.

[2022-05-13 18:33:21 #4 type] 
Type domain.Apustua is not enhanced.

[2022-05-13 18:33:21 #5 type] 
Type domain.Mugimendua is not enhanced.

[2022-05-13 18:33:21 #6 type] 
Type domain.Kuota is not enhanced.

[2022-05-13 18:33:21 #7 type] 
Type domain.ApustuAnitza is not enhanced.

[2022-05-13 18:33:21 #8 type] 
Type domain.Question is not enhanced.

[2022-05-13 18:33:21 #9 type] 
Type domain.Event is not enhanced.

[2022-05-13 18:33:21 #10 type] 
Type domain.Kontaktua is not enhanced.

[2022-05-13 18:33:21 #11 type] 
Type domain.Mezua is not enhanced.

------------------------------------------------------------------------------------------------------------------------

[2022-05-13 18:35:22 #1 store] 
Database '/home/xairaur/eclipse-workspace1/Bets21.zip_expanded/Bets21/src/main/resources/bets.temp' has been recovered (tr. 33-38)

[2022-05-13 18:35:22 #2 store] 
Database '/home/xairaur/eclipse-workspace1/Bets21.zip_expanded/Bets21/src/main/resources/bets.temp' is opened by 14326@gorria

[2022-05-13 18:35:22 #3 type] 
Type domain.Admin is not enhanced.

[2022-05-13 18:35:22 #4 type] 
Type domain.Erabiltzailea is not enhanced.

[2022-05-13 18:35:22 #5 type] 
Type domain.Apustua is not enhanced.

[2022-05-13 18:35:22 #6 type] 
Type domain.Mugimendua is not enhanced.

[2022-05-13 18:35:22 #7 type] 
Type domain.Kuota is not enhanced.

[2022-05-13 18:35:22 #8 type] 
Type domain.ApustuAnitza is not enhanced.

[2022-05-13 18:35:22 #9 type] 
Type domain.Question is not enhanced.

[2022-05-13 18:35:22 #10 type] 
Type domain.Event is not enhanced.

[2022-05-13 18:35:22 #11 type] 
Type domain.Kontaktua is not enhanced.

[2022-05-13 18:35:22 #12 type] 
Type domain.Mezua is not enhanced.

------------------------------------------------------------------------------------------------------------------------

[2022-05-13 18:36:51 #1 store] 
Database '/home/xairaur/eclipse-workspace1/Bets21.zip_expanded/Bets21/src/main/resources/bets.temp' is opened by 14375@gorria

[2022-05-13 18:36:51 #2 type] 
Type domain.Admin is not enhanced.

[2022-05-13 18:36:51 #3 type] 
Type domain.Erabiltzailea is not enhanced.

[2022-05-13 18:36:51 #4 type] 
Type domain.Apustua is not enhanced.

[2022-05-13 18:36:51 #5 type] 
Type domain.Mugimendua is not enhanced.

[2022-05-13 18:36:51 #6 type] 
Type domain.Kuota is not enhanced.

[2022-05-13 18:36:51 #7 type] 
Type domain.ApustuAnitza is not enhanced.

[2022-05-13 18:36:51 #8 type] 
Type domain.Question is not enhanced.

[2022-05-13 18:36:51 #9 type] 
Type domain.Event is not enhanced.

[2022-05-13 18:36:51 #10 type] 
Type domain.Kontaktua is not enhanced.

[2022-05-13 18:36:51 #11 type] 
Type domain.Mezua is not enhanced.

------------------------------------------------------------------------------------------------------------------------

[2022-05-13 18:37:47 #1 store] 
Database '/home/xairaur/eclipse-workspace1/Bets21.zip_expanded/Bets21/src/main/resources/bets.temp' is opened by 14435@gorria

[2022-05-13 18:37:47 #2 type] 
Type domain.Admin is not enhanced.

[2022-05-13 18:37:47 #3 type] 
Type domain.Erabiltzailea is not enhanced.

[2022-05-13 18:37:47 #4 type] 
Type domain.Apustua is not enhanced.

[2022-05-13 18:37:47 #5 type] 
Type domain.Mugimendua is not enhanced.

[2022-05-13 18:37:47 #6 type] 
Type domain.Kuota is not enhanced.

[2022-05-13 18:37:47 #7 type] 
Type domain.ApustuAnitza is not enhanced.

[2022-05-13 18:37:47 #8 type] 
Type domain.Question is not enhanced.

[2022-05-13 18:37:47 #9 type] 
Type domain.Event is not enhanced.

[2022-05-13 18:37:47 #10 type] 
Type domain.Kontaktua is not enhanced.

[2022-05-13 18:37:47 #11 type] 
Type domain.Mezua is not enhanced.

------------------------------------------------------------------------------------------------------------------------

[2022-05-13 18:39:51 #1 store] 
Database '/home/xairaur/eclipse-workspace1/Bets21.zip_expanded/Bets21/src/main/resources/bets.temp' has been recovered (tr. 39-41)

[2022-05-13 18:39:51 #2 store] 
Database '/home/xairaur/eclipse-workspace1/Bets21.zip_expanded/Bets21/src/main/resources/bets.temp' is opened by 14531@gorria

[2022-05-13 18:39:51 #3 type] 
Type domain.Admin is not enhanced.

[2022-05-13 18:39:51 #4 type] 
Type domain.Erabiltzailea is not enhanced.

[2022-05-13 18:39:51 #5 type] 
Type domain.Apustua is not enhanced.

[2022-05-13 18:39:51 #6 type] 
Type domain.Mugimendua is not enhanced.

[2022-05-13 18:39:51 #7 type] 
Type domain.Kuota is not enhanced.

[2022-05-13 18:39:51 #8 type] 
Type domain.ApustuAnitza is not enhanced.

[2022-05-13 18:39:51 #9 type] 
Type domain.Question is not enhanced.

[2022-05-13 18:39:51 #10 type] 
Type domain.Event is not enhanced.

[2022-05-13 18:39:51 #11 type] 
Type domain.Kontaktua is not enhanced.

[2022-05-13 18:39:51 #12 type] 
Type domain.Mezua is not enhanced.

------------------------------------------------------------------------------------------------------------------------

[2022-05-13 18:42:09 #1 store] 
Database '/home/xairaur/eclipse-workspace1/Bets21.zip_expanded/Bets21/src/main/resources/bets.temp' has been recovered (tr. 42-48)

[2022-05-13 18:42:09 #2 store] 
Database '/home/xairaur/eclipse-workspace1/Bets21.zip_expanded/Bets21/src/main/resources/bets.temp' is opened by 14619@gorria

[2022-05-13 18:42:09 #3 type] 
Type domain.Admin is not enhanced.

[2022-05-13 18:42:09 #4 type] 
Type domain.Erabiltzailea is not enhanced.

[2022-05-13 18:42:09 #5 type] 
Type domain.Apustua is not enhanced.

[2022-05-13 18:42:09 #6 type] 
Type domain.Mugimendua is not enhanced.

[2022-05-13 18:42:09 #7 type] 
Type domain.Kuota is not enhanced.

[2022-05-13 18:42:09 #8 type] 
Type domain.ApustuAnitza is not enhanced.

[2022-05-13 18:42:09 #9 type] 
Type domain.Question is not enhanced.

[2022-05-13 18:42:09 #10 type] 
Type domain.Event is not enhanced.

[2022-05-13 18:42:09 #11 type] 
Type domain.Kontaktua is not enhanced.

[2022-05-13 18:42:09 #12 type] 
Type domain.Mezua is not enhanced.

------------------------------------------------------------------------------------------------------------------------

[2022-05-13 18:44:56 #1 store] 
Database '/home/xairaur/eclipse-workspace1/Bets21.zip_expanded/Bets21/src/main/resources/bets.temp' is opened by 14824@gorria

[2022-05-13 18:44:56 #2 type] 
Type domain.Admin is not enhanced.

[2022-05-13 18:44:56 #3 type] 
Type domain.Erabiltzailea is not enhanced.

[2022-05-13 18:44:56 #4 type] 
Type domain.Apustua is not enhanced.

[2022-05-13 18:44:56 #5 type] 
Type domain.Mugimendua is not enhanced.

[2022-05-13 18:44:56 #6 type] 
Type domain.Kuota is not enhanced.

[2022-05-13 18:44:56 #7 type] 
Type domain.ApustuAnitza is not enhanced.

[2022-05-13 18:44:56 #8 type] 
Type domain.Question is not enhanced.

[2022-05-13 18:44:56 #9 type] 
Type domain.Event is not enhanced.

[2022-05-13 18:44:56 #10 type] 
Type domain.Kontaktua is not enhanced.

[2022-05-13 18:44:56 #11 type] 
Type domain.Mezua is not enhanced.

------------------------------------------------------------------------------------------------------------------------

[2022-05-13 18:46:25 #1 store] 
Database '/home/xairaur/eclipse-workspace1/Bets21.zip_expanded/Bets21/src/main/resources/bets.temp' has been recovered (tr. 49-52)

[2022-05-13 18:46:25 #2 store] 
Database '/home/xairaur/eclipse-workspace1/Bets21.zip_expanded/Bets21/src/main/resources/bets.temp' is opened by 14900@gorria

[2022-05-13 18:46:25 #3 type] 
Type domain.Admin is not enhanced.

[2022-05-13 18:46:25 #4 type] 
Type domain.Erabiltzailea is not enhanced.

[2022-05-13 18:46:25 #5 type] 
Type domain.Apustua is not enhanced.

[2022-05-13 18:46:25 #6 type] 
Type domain.Mugimendua is not enhanced.

[2022-05-13 18:46:25 #7 type] 
Type domain.Kuota is not enhanced.

[2022-05-13 18:46:25 #8 type] 
Type domain.ApustuAnitza is not enhanced.

[2022-05-13 18:46:25 #9 type] 
Type domain.Question is not enhanced.

[2022-05-13 18:46:25 #10 type] 
Type domain.Event is not enhanced.

[2022-05-13 18:46:25 #11 type] 
Type domain.Kontaktua is not enhanced.

[2022-05-13 18:46:25 #12 type] 
Type domain.Mezua is not enhanced.

------------------------------------------------------------------------------------------------------------------------

[2022-05-13 18:47:03 #1 store] 
Database '/home/xairaur/eclipse-workspace1/Bets21.zip_expanded/Bets21/src/main/resources/bets.temp' is opened by 14954@gorria

[2022-05-13 18:47:04 #2 type] 
Type domain.Admin is not enhanced.

[2022-05-13 18:47:04 #3 type] 
Type domain.Erabiltzailea is not enhanced.

[2022-05-13 18:47:04 #4 type] 
Type domain.Apustua is not enhanced.

[2022-05-13 18:47:04 #5 type] 
Type domain.Mugimendua is not enhanced.

[2022-05-13 18:47:04 #6 type] 
Type domain.Kuota is not enhanced.

[2022-05-13 18:47:04 #7 type] 
Type domain.ApustuAnitza is not enhanced.

[2022-05-13 18:47:04 #8 type] 
Type domain.Question is not enhanced.

[2022-05-13 18:47:04 #9 type] 
Type domain.Event is not enhanced.

[2022-05-13 18:47:04 #10 type] 
Type domain.Kontaktua is not enhanced.

[2022-05-13 18:47:04 #11 type] 
Type domain.Mezua is not enhanced.

------------------------------------------------------------------------------------------------------------------------

[2022-05-13 18:47:41 #1 store] 
Database '/home/xairaur/eclipse-workspace1/Bets21.zip_expanded/Bets21/src/main/resources/bets.temp' has been recovered (tr. 53-53)

[2022-05-13 18:47:41 #2 store] 
Database '/home/xairaur/eclipse-workspace1/Bets21.zip_expanded/Bets21/src/main/resources/bets.temp' is opened by 15010@gorria

[2022-05-13 18:47:41 #3 type] 
Type domain.Admin is not enhanced.

[2022-05-13 18:47:41 #4 type] 
Type domain.Erabiltzailea is not enhanced.

[2022-05-13 18:47:41 #5 type] 
Type domain.Apustua is not enhanced.

[2022-05-13 18:47:41 #6 type] 
Type domain.Mugimendua is not enhanced.

[2022-05-13 18:47:41 #7 type] 
Type domain.Kuota is not enhanced.

[2022-05-13 18:47:41 #8 type] 
Type domain.ApustuAnitza is not enhanced.

[2022-05-13 18:47:41 #9 type] 
Type domain.Question is not enhanced.

[2022-05-13 18:47:41 #10 type] 
Type domain.Event is not enhanced.

[2022-05-13 18:47:41 #11 type] 
Type domain.Kontaktua is not enhanced.

[2022-05-13 18:47:41 #12 type] 
Type domain.Mezua is not enhanced.

------------------------------------------------------------------------------------------------------------------------

[2022-05-13 18:47:59 #1 store] 
Database '/home/xairaur/eclipse-workspace1/Bets21.zip_expanded/Bets21/src/main/resources/bets.temp' is opened by 15052@gorria

[2022-05-13 18:47:59 #2 type] 
Type domain.Admin is not enhanced.

[2022-05-13 18:47:59 #3 type] 
Type domain.Erabiltzailea is not enhanced.

[2022-05-13 18:47:59 #4 type] 
Type domain.Apustua is not enhanced.

[2022-05-13 18:47:59 #5 type] 
Type domain.Mugimendua is not enhanced.

[2022-05-13 18:47:59 #6 type] 
Type domain.Kuota is not enhanced.

[2022-05-13 18:47:59 #7 type] 
Type domain.ApustuAnitza is not enhanced.

[2022-05-13 18:47:59 #8 type] 
Type domain.Question is not enhanced.

[2022-05-13 18:47:59 #9 type] 
Type domain.Event is not enhanced.

[2022-05-13 18:47:59 #10 type] 
Type domain.Kontaktua is not enhanced.

[2022-05-13 18:47:59 #11 type] 
Type domain.Mezua is not enhanced.

------------------------------------------------------------------------------------------------------------------------

[2022-05-13 18:48:46 #1 store] 
Database '/home/xairaur/eclipse-workspace1/Bets21.zip_expanded/Bets21/src/main/resources/bets.temp' is opened by 15099@gorria

[2022-05-13 18:48:47 #2 type] 
Type domain.Admin is not enhanced.

[2022-05-13 18:48:47 #3 type] 
Type domain.Erabiltzailea is not enhanced.

[2022-05-13 18:48:47 #4 type] 
Type domain.Apustua is not enhanced.

[2022-05-13 18:48:47 #5 type] 
Type domain.Mugimendua is not enhanced.

[2022-05-13 18:48:47 #6 type] 
Type domain.Kuota is not enhanced.

[2022-05-13 18:48:47 #7 type] 
Type domain.ApustuAnitza is not enhanced.

[2022-05-13 18:48:47 #8 type] 
Type domain.Question is not enhanced.

[2022-05-13 18:48:47 #9 type] 
Type domain.Event is not enhanced.

[2022-05-13 18:48:47 #10 type] 
Type domain.Kontaktua is not enhanced.

[2022-05-13 18:48:47 #11 type] 
Type domain.Mezua is not enhanced.

------------------------------------------------------------------------------------------------------------------------

[2022-05-13 18:50:15 #1 store] 
Database '/home/xairaur/eclipse-workspace1/Bets21.zip_expanded/Bets21/src/main/resources/bets.temp' has been recovered (tr. 54-58)

[2022-05-13 18:50:15 #2 store] 
Database '/home/xairaur/eclipse-workspace1/Bets21.zip_expanded/Bets21/src/main/resources/bets.temp' is opened by 15185@gorria

[2022-05-13 18:50:15 #3 type] 
Type domain.Admin is not enhanced.

[2022-05-13 18:50:15 #4 type] 
Type domain.Erabiltzailea is not enhanced.

[2022-05-13 18:50:15 #5 type] 
Type domain.Apustua is not enhanced.

[2022-05-13 18:50:15 #6 type] 
Type domain.Mugimendua is not enhanced.

[2022-05-13 18:50:15 #7 type] 
Type domain.Kuota is not enhanced.

[2022-05-13 18:50:15 #8 type] 
Type domain.ApustuAnitza is not enhanced.

[2022-05-13 18:50:15 #9 type] 
Type domain.Question is not enhanced.

[2022-05-13 18:50:15 #10 type] 
Type domain.Event is not enhanced.

[2022-05-13 18:50:15 #11 type] 
Type domain.Kontaktua is not enhanced.

[2022-05-13 18:50:15 #12 type] 
Type domain.Mezua is not enhanced.

------------------------------------------------------------------------------------------------------------------------

[2022-05-13 18:50:48 #1 store] 
Database '/home/xairaur/eclipse-workspace1/Bets21.zip_expanded/Bets21/src/main/resources/bets.temp' is opened by 15247@gorria

[2022-05-13 18:50:48 #2 type] 
Type domain.Admin is not enhanced.

[2022-05-13 18:50:48 #3 type] 
Type domain.Erabiltzailea is not enhanced.

[2022-05-13 18:50:48 #4 type] 
Type domain.Apustua is not enhanced.

[2022-05-13 18:50:48 #5 type] 
Type domain.Mugimendua is not enhanced.

[2022-05-13 18:50:48 #6 type] 
Type domain.Kuota is not enhanced.

[2022-05-13 18:50:48 #7 type] 
Type domain.ApustuAnitza is not enhanced.

[2022-05-13 18:50:48 #8 type] 
Type domain.Question is not enhanced.

[2022-05-13 18:50:48 #9 type] 
Type domain.Event is not enhanced.

[2022-05-13 18:50:48 #10 type] 
Type domain.Kontaktua is not enhanced.

[2022-05-13 18:50:48 #11 type] 
Type domain.Mezua is not enhanced.

------------------------------------------------------------------------------------------------------------------------

[2022-05-13 18:52:05 #1 store] 
Database '/home/xairaur/eclipse-workspace1/Bets21.zip_expanded/Bets21/src/main/resources/bets.temp' is opened by 15302@gorria

[2022-05-13 18:52:05 #2 type.registry] 
New type domain.User

[2022-05-13 18:52:05 #3 type.registry] 
New type domain.Admin

[2022-05-13 18:52:05 #4 type] 
Type domain.Admin is not enhanced.

[2022-05-13 18:52:05 #5 type.registry] 
New type java.util.Vector<domain.User>

[2022-05-13 18:52:05 #6 type.registry] 
New type domain.Erabiltzailea

[2022-05-13 18:52:05 #7 type] 
Type domain.Erabiltzailea is not enhanced.

[2022-05-13 18:52:05 #8 type.registry] 
New type domain.Apustua

[2022-05-13 18:52:05 #9 type.registry] 
New type java.util.Vector<domain.Apustua>

[2022-05-13 18:52:05 #10 type.registry] 
New type domain.Mugimendua

[2022-05-13 18:52:05 #11 type.registry] 
New type java.util.Vector<domain.Mugimendua>

[2022-05-13 18:52:05 #12 type.registry] 
New type java.util.Vector<java.lang.Integer>

[2022-05-13 18:52:05 #13 type] 
Type domain.Apustua is not enhanced.

[2022-05-13 18:52:05 #14 type.registry] 
New type domain.Kuota

[2022-05-13 18:52:05 #15 type.registry] 
New type domain.ApustuAnitza

[2022-05-13 18:52:05 #16 type] 
Type domain.Mugimendua is not enhanced.

[2022-05-13 18:52:05 #17 type] 
Type domain.Kuota is not enhanced.

[2022-05-13 18:52:05 #18 type.registry] 
New type java.util.Vector<domain.ApustuAnitza>

[2022-05-13 18:52:05 #19 type.registry] 
New type domain.Question

[2022-05-13 18:52:05 #20 type] 
Type domain.ApustuAnitza is not enhanced.

[2022-05-13 18:52:05 #21 type] 
Type domain.Question is not enhanced.

[2022-05-13 18:52:05 #22 type.registry] 
New type java.util.Vector<domain.Kuota>

[2022-05-13 18:52:05 #23 type.registry] 
New type domain.Event

[2022-05-13 18:52:05 #24 type] 
Type domain.Event is not enhanced.

[2022-05-13 18:52:05 #25 type.registry] 
New type java.util.Vector<domain.Question>

[2022-05-13 18:52:05 #26 type.registry] 
New type java.util.Vector<java.lang.Object>

[2022-05-13 18:52:11 #27 type.registry] 
New type domain.Kontaktua

[2022-05-13 18:52:11 #28 type] 
Type domain.Kontaktua is not enhanced.

[2022-05-13 18:52:14 #29 type.registry] 
New type domain.Mezua

[2022-05-13 18:52:14 #30 type] 
Type domain.Mezua is not enhanced.

------------------------------------------------------------------------------------------------------------------------

[2022-05-13 18:53:43 #1 store] 
Database '/home/xairaur/eclipse-workspace1/Bets21.zip_expanded/Bets21/src/main/resources/bets.temp' is opened by 15375@gorria

[2022-05-13 18:53:43 #2 type.registry] 
New type domain.User

[2022-05-13 18:53:43 #3 type.registry] 
New type domain.Admin

[2022-05-13 18:53:43 #4 type] 
Type domain.Admin is not enhanced.

[2022-05-13 18:53:43 #5 type.registry] 
New type java.util.Vector<domain.User>

[2022-05-13 18:53:43 #6 type.registry] 
New type domain.Erabiltzailea

[2022-05-13 18:53:43 #7 type] 
Type domain.Erabiltzailea is not enhanced.

[2022-05-13 18:53:43 #8 type.registry] 
New type domain.Apustua

[2022-05-13 18:53:43 #9 type.registry] 
New type java.util.Vector<domain.Apustua>

[2022-05-13 18:53:43 #10 type.registry] 
New type domain.Mugimendua

[2022-05-13 18:53:43 #11 type.registry] 
New type java.util.Vector<domain.Mugimendua>

[2022-05-13 18:53:43 #12 type.registry] 
New type java.util.Vector<java.lang.Integer>

[2022-05-13 18:53:43 #13 type] 
Type domain.Apustua is not enhanced.

[2022-05-13 18:53:43 #14 type.registry] 
New type domain.Kuota

[2022-05-13 18:53:43 #15 type.registry] 
New type domain.ApustuAnitza

[2022-05-13 18:53:43 #16 type] 
Type domain.Mugimendua is not enhanced.

[2022-05-13 18:53:43 #17 type] 
Type domain.Kuota is not enhanced.

[2022-05-13 18:53:43 #18 type.registry] 
New type java.util.Vector<domain.ApustuAnitza>

[2022-05-13 18:53:43 #19 type.registry] 
New type domain.Question

[2022-05-13 18:53:43 #20 type] 
Type domain.ApustuAnitza is not enhanced.

[2022-05-13 18:53:43 #21 type] 
Type domain.Question is not enhanced.

[2022-05-13 18:53:43 #22 type.registry] 
New type java.util.Vector<domain.Kuota>

[2022-05-13 18:53:43 #23 type.registry] 
New type domain.Event

[2022-05-13 18:53:43 #24 type] 
Type domain.Event is not enhanced.

[2022-05-13 18:53:43 #25 type.registry] 
New type java.util.Vector<domain.Question>

[2022-05-13 18:53:43 #26 type.registry] 
New type java.util.Vector<java.lang.Object>

[2022-05-13 18:53:47 #27 type.registry] 
New type domain.Kontaktua

[2022-05-13 18:53:47 #28 type] 
Type domain.Kontaktua is not enhanced.

[2022-05-13 18:53:50 #29 type.registry] 
New type domain.Mezua

[2022-05-13 18:53:50 #30 type] 
Type domain.Mezua is not enhanced.

------------------------------------------------------------------------------------------------------------------------

[2022-05-13 19:00:15 #1 store] 
Database '/home/xairaur/eclipse-workspace1/Bets21.zip_expanded/Bets21/src/main/resources/bets.temp' has been recovered (tr. 1-20)

[2022-05-13 19:00:16 #2 store] 
Database '/home/xairaur/eclipse-workspace1/Bets21.zip_expanded/Bets21/src/main/resources/bets.temp' is opened by 15567@gorria

[2022-05-13 19:00:16 #3 type] 
Type domain.Admin is not enhanced.

[2022-05-13 19:00:16 #4 type] 
Type domain.Erabiltzailea is not enhanced.

[2022-05-13 19:00:16 #5 type] 
Type domain.Apustua is not enhanced.

[2022-05-13 19:00:16 #6 type] 
Type domain.Mugimendua is not enhanced.

[2022-05-13 19:00:16 #7 type] 
Type domain.Kuota is not enhanced.

[2022-05-13 19:00:16 #8 type] 
Type domain.ApustuAnitza is not enhanced.

[2022-05-13 19:00:16 #9 type] 
Type domain.Question is not enhanced.

[2022-05-13 19:00:16 #10 type] 
Type domain.Event is not enhanced.

[2022-05-13 19:00:16 #11 type] 
Type domain.Kontaktua is not enhanced.

[2022-05-13 19:00:16 #12 type] 
Type domain.Mezua is not enhanced.

------------------------------------------------------------------------------------------------------------------------

[2022-05-13 21:18:33 #1 store] 
Database '/home/xairaur/eclipse-workspace1/Bets21.zip_expanded/Bets21/src/main/resources/bets.temp' has been recovered (tr. 21-27)

[2022-05-13 21:18:33 #2 store] 
Database '/home/xairaur/eclipse-workspace1/Bets21.zip_expanded/Bets21/src/main/resources/bets.temp' is opened by 19275@gorria

[2022-05-13 21:18:33 #3 type] 
Type domain.Admin is not enhanced.

[2022-05-13 21:18:33 #4 type] 
Type domain.Erabiltzailea is not enhanced.

[2022-05-13 21:18:33 #5 type] 
Type domain.Apustua is not enhanced.

[2022-05-13 21:18:33 #6 type] 
Type domain.Mugimendua is not enhanced.

[2022-05-13 21:18:33 #7 type] 
Type domain.Kuota is not enhanced.

[2022-05-13 21:18:33 #8 type] 
Type domain.ApustuAnitza is not enhanced.

[2022-05-13 21:18:33 #9 type] 
Type domain.Question is not enhanced.

[2022-05-13 21:18:33 #10 type] 
Type domain.Event is not enhanced.

[2022-05-13 21:18:33 #11 type] 
Type domain.Kontaktua is not enhanced.

[2022-05-13 21:18:33 #12 type] 
Type domain.Mezua is not enhanced.

------------------------------------------------------------------------------------------------------------------------

[2022-05-13 21:19:40 #1 store] 
Database '/home/xairaur/eclipse-workspace1/Bets21.zip_expanded/Bets21/src/main/resources/bets.temp' has been recovered (tr. 28-28)

[2022-05-13 21:19:40 #2 store] 
Database '/home/xairaur/eclipse-workspace1/Bets21.zip_expanded/Bets21/src/main/resources/bets.temp' is opened by 19409@gorria

[2022-05-13 21:19:40 #3 type] 
Type domain.Admin is not enhanced.

[2022-05-13 21:19:40 #4 type] 
Type domain.Erabiltzailea is not enhanced.

[2022-05-13 21:19:40 #5 type] 
Type domain.Apustua is not enhanced.

[2022-05-13 21:19:40 #6 type] 
Type domain.Mugimendua is not enhanced.

[2022-05-13 21:19:40 #7 type] 
Type domain.Kuota is not enhanced.

[2022-05-13 21:19:40 #8 type] 
Type domain.ApustuAnitza is not enhanced.

[2022-05-13 21:19:40 #9 type] 
Type domain.Question is not enhanced.

[2022-05-13 21:19:40 #10 type] 
Type domain.Event is not enhanced.

[2022-05-13 21:19:40 #11 type] 
Type domain.Kontaktua is not enhanced.

[2022-05-13 21:19:40 #12 type] 
Type domain.Mezua is not enhanced.

------------------------------------------------------------------------------------------------------------------------

[2022-05-13 21:20:58 #1 store] 
Database '/home/xairaur/eclipse-workspace1/Bets21.zip_expanded/Bets21/src/main/resources/bets.temp' has been recovered (tr. 29-30)

[2022-05-13 21:20:58 #2 store] 
Database '/home/xairaur/eclipse-workspace1/Bets21.zip_expanded/Bets21/src/main/resources/bets.temp' is opened by 19488@gorria

[2022-05-13 21:20:58 #3 type] 
Type domain.Admin is not enhanced.

[2022-05-13 21:20:58 #4 type] 
Type domain.Erabiltzailea is not enhanced.

[2022-05-13 21:20:58 #5 type] 
Type domain.Apustua is not enhanced.

[2022-05-13 21:20:58 #6 type] 
Type domain.Mugimendua is not enhanced.

[2022-05-13 21:20:58 #7 type] 
Type domain.Kuota is not enhanced.

[2022-05-13 21:20:58 #8 type] 
Type domain.ApustuAnitza is not enhanced.

[2022-05-13 21:20:58 #9 type] 
Type domain.Question is not enhanced.

[2022-05-13 21:20:58 #10 type] 
Type domain.Event is not enhanced.

[2022-05-13 21:20:58 #11 type] 
Type domain.Kontaktua is not enhanced.

[2022-05-13 21:20:58 #12 type] 
Type domain.Mezua is not enhanced.

------------------------------------------------------------------------------------------------------------------------

[2022-05-13 21:21:42 #1 store] 
Database '/home/xairaur/eclipse-workspace1/Bets21.zip_expanded/Bets21/src/main/resources/bets.temp' has been recovered (tr. 31-37)

[2022-05-13 21:21:42 #2 store] 
Database '/home/xairaur/eclipse-workspace1/Bets21.zip_expanded/Bets21/src/main/resources/bets.temp' is opened by 19555@gorria

[2022-05-13 21:21:42 #3 type] 
Type domain.Admin is not enhanced.

[2022-05-13 21:21:42 #4 type] 
Type domain.Erabiltzailea is not enhanced.

[2022-05-13 21:21:42 #5 type] 
Type domain.Apustua is not enhanced.

[2022-05-13 21:21:42 #6 type] 
Type domain.Mugimendua is not enhanced.

[2022-05-13 21:21:42 #7 type] 
Type domain.Kuota is not enhanced.

[2022-05-13 21:21:42 #8 type] 
Type domain.ApustuAnitza is not enhanced.

[2022-05-13 21:21:42 #9 type] 
Type domain.Question is not enhanced.

[2022-05-13 21:21:42 #10 type] 
Type domain.Event is not enhanced.

[2022-05-13 21:21:42 #11 type] 
Type domain.Kontaktua is not enhanced.

[2022-05-13 21:21:42 #12 type] 
Type domain.Mezua is not enhanced.

------------------------------------------------------------------------------------------------------------------------

[2022-05-13 21:23:46 #1 store] 
Database '/home/xairaur/eclipse-workspace1/Bets21.zip_expanded/Bets21/src/main/resources/bets.temp' has been recovered (tr. 38-43)

[2022-05-13 21:23:46 #2 store] 
Database '/home/xairaur/eclipse-workspace1/Bets21.zip_expanded/Bets21/src/main/resources/bets.temp' is opened by 19649@gorria

[2022-05-13 21:23:46 #3 type] 
Type domain.Admin is not enhanced.

[2022-05-13 21:23:46 #4 type] 
Type domain.Erabiltzailea is not enhanced.

[2022-05-13 21:23:46 #5 type] 
Type domain.Apustua is not enhanced.

[2022-05-13 21:23:46 #6 type] 
Type domain.Mugimendua is not enhanced.

[2022-05-13 21:23:46 #7 type] 
Type domain.Kuota is not enhanced.

[2022-05-13 21:23:46 #8 type] 
Type domain.ApustuAnitza is not enhanced.

[2022-05-13 21:23:46 #9 type] 
Type domain.Question is not enhanced.

[2022-05-13 21:23:46 #10 type] 
Type domain.Event is not enhanced.

[2022-05-13 21:23:46 #11 type] 
Type domain.Kontaktua is not enhanced.

[2022-05-13 21:23:46 #12 type] 
Type domain.Mezua is not enhanced.

------------------------------------------------------------------------------------------------------------------------

[2022-05-13 21:26:55 #1 store] 
Database '/home/xairaur/eclipse-workspace1/Bets21.zip_expanded/Bets21/src/main/resources/bets.temp' is opened by 19940@gorria

[2022-05-13 21:26:55 #2 type] 
Type domain.Admin is not enhanced.

[2022-05-13 21:26:55 #3 type] 
Type domain.Erabiltzailea is not enhanced.

[2022-05-13 21:26:55 #4 type] 
Type domain.Apustua is not enhanced.

[2022-05-13 21:26:55 #5 type] 
Type domain.Mugimendua is not enhanced.

[2022-05-13 21:26:55 #6 type] 
Type domain.Kuota is not enhanced.

[2022-05-13 21:26:55 #7 type] 
Type domain.ApustuAnitza is not enhanced.

[2022-05-13 21:26:55 #8 type] 
Type domain.Question is not enhanced.

[2022-05-13 21:26:55 #9 type] 
Type domain.Event is not enhanced.

[2022-05-13 21:26:55 #10 type] 
Type domain.Kontaktua is not enhanced.

[2022-05-13 21:26:55 #11 type] 
Type domain.Mezua is not enhanced.

------------------------------------------------------------------------------------------------------------------------

[2022-05-13 21:28:15 #1 store] 
Database '/home/xairaur/eclipse-workspace1/Bets21.zip_expanded/Bets21/src/main/resources/bets.temp' is opened by 20054@gorria

[2022-05-13 21:28:15 #2 type] 
Type domain.Admin is not enhanced.

[2022-05-13 21:28:15 #3 type] 
Type domain.Erabiltzailea is not enhanced.

[2022-05-13 21:28:15 #4 type] 
Type domain.Apustua is not enhanced.

[2022-05-13 21:28:15 #5 type] 
Type domain.Mugimendua is not enhanced.

[2022-05-13 21:28:15 #6 type] 
Type domain.Kuota is not enhanced.

[2022-05-13 21:28:15 #7 type] 
Type domain.ApustuAnitza is not enhanced.

[2022-05-13 21:28:15 #8 type] 
Type domain.Question is not enhanced.

[2022-05-13 21:28:15 #9 type] 
Type domain.Event is not enhanced.

[2022-05-13 21:28:15 #10 type] 
Type domain.Kontaktua is not enhanced.

[2022-05-13 21:28:15 #11 type] 
Type domain.Mezua is not enhanced.

------------------------------------------------------------------------------------------------------------------------

[2022-05-13 21:35:02 #1 store] 
Database '/home/xairaur/eclipse-workspace1/Bets21.zip_expanded/Bets21/src/main/resources/bets.temp' is opened by 20591@gorria

[2022-05-13 21:35:02 #2 type] 
Type domain.Admin is not enhanced.

[2022-05-13 21:35:02 #3 type] 
Type domain.Erabiltzailea is not enhanced.

[2022-05-13 21:35:02 #4 type] 
Type domain.Apustua is not enhanced.

[2022-05-13 21:35:02 #5 type] 
Type domain.Mugimendua is not enhanced.

[2022-05-13 21:35:02 #6 type] 
Type domain.Kuota is not enhanced.

[2022-05-13 21:35:02 #7 type] 
Type domain.ApustuAnitza is not enhanced.

[2022-05-13 21:35:02 #8 type] 
Type domain.Question is not enhanced.

[2022-05-13 21:35:02 #9 type] 
Type domain.Event is not enhanced.

[2022-05-13 21:35:02 #10 type] 
Type domain.Kontaktua is not enhanced.

[2022-05-13 21:35:02 #11 type] 
Type domain.Mezua is not enhanced.

------------------------------------------------------------------------------------------------------------------------

[2022-05-13 21:36:40 #1 store] 
Database '/home/xairaur/eclipse-workspace1/Bets21.zip_expanded/Bets21/src/main/resources/bets.temp' is opened by 20724@gorria

[2022-05-13 21:36:40 #2 type] 
Type domain.Admin is not enhanced.

[2022-05-13 21:36:40 #3 type] 
Type domain.Erabiltzailea is not enhanced.

[2022-05-13 21:36:40 #4 type] 
Type domain.Apustua is not enhanced.

[2022-05-13 21:36:40 #5 type] 
Type domain.Mugimendua is not enhanced.

[2022-05-13 21:36:40 #6 type] 
Type domain.Kuota is not enhanced.

[2022-05-13 21:36:40 #7 type] 
Type domain.ApustuAnitza is not enhanced.

[2022-05-13 21:36:40 #8 type] 
Type domain.Question is not enhanced.

[2022-05-13 21:36:40 #9 type] 
Type domain.Event is not enhanced.

[2022-05-13 21:36:40 #10 type] 
Type domain.Kontaktua is not enhanced.

[2022-05-13 21:36:40 #11 type] 
Type domain.Mezua is not enhanced.

------------------------------------------------------------------------------------------------------------------------

[2022-05-13 21:39:05 #1 store] 
Database '/home/xairaur/eclipse-workspace1/Bets21.zip_expanded/Bets21/src/main/resources/bets.temp' is opened by 20980@gorria

[2022-05-13 21:39:05 #2 type] 
Type domain.Admin is not enhanced.

[2022-05-13 21:39:05 #3 type] 
Type domain.Erabiltzailea is not enhanced.

[2022-05-13 21:39:05 #4 type] 
Type domain.Apustua is not enhanced.

[2022-05-13 21:39:05 #5 type] 
Type domain.Mugimendua is not enhanced.

[2022-05-13 21:39:05 #6 type] 
Type domain.Kuota is not enhanced.

[2022-05-13 21:39:05 #7 type] 
Type domain.ApustuAnitza is not enhanced.

[2022-05-13 21:39:05 #8 type] 
Type domain.Question is not enhanced.

[2022-05-13 21:39:05 #9 type] 
Type domain.Event is not enhanced.

[2022-05-13 21:39:05 #10 type] 
Type domain.Kontaktua is not enhanced.

[2022-05-13 21:39:05 #11 type] 
Type domain.Mezua is not enhanced.

------------------------------------------------------------------------------------------------------------------------

[2022-05-13 21:41:52 #1 store] 
Database '/home/xairaur/eclipse-workspace1/Bets21.zip_expanded/Bets21/src/main/resources/bets.temp' is opened by 21306@gorria

[2022-05-13 21:41:52 #2 type] 
Type domain.Admin is not enhanced.

[2022-05-13 21:41:52 #3 type] 
Type domain.Erabiltzailea is not enhanced.

[2022-05-13 21:41:52 #4 type] 
Type domain.Apustua is not enhanced.

[2022-05-13 21:41:52 #5 type] 
Type domain.Mugimendua is not enhanced.

[2022-05-13 21:41:52 #6 type] 
Type domain.Kuota is not enhanced.

[2022-05-13 21:41:52 #7 type] 
Type domain.ApustuAnitza is not enhanced.

[2022-05-13 21:41:52 #8 type] 
Type domain.Question is not enhanced.

[2022-05-13 21:41:52 #9 type] 
Type domain.Event is not enhanced.

[2022-05-13 21:41:52 #10 type] 
Type domain.Kontaktua is not enhanced.

[2022-05-13 21:41:52 #11 type] 
Type domain.Mezua is not enhanced.

------------------------------------------------------------------------------------------------------------------------

[2022-05-13 21:44:06 #1 store] 
Database '/home/xairaur/eclipse-workspace1/Bets21.zip_expanded/Bets21/src/main/resources/bets.temp' is opened by 21460@gorria

[2022-05-13 21:44:06 #2 type] 
Type domain.Admin is not enhanced.

[2022-05-13 21:44:06 #3 type] 
Type domain.Erabiltzailea is not enhanced.

[2022-05-13 21:44:06 #4 type] 
Type domain.Apustua is not enhanced.

[2022-05-13 21:44:06 #5 type] 
Type domain.Mugimendua is not enhanced.

[2022-05-13 21:44:06 #6 type] 
Type domain.Kuota is not enhanced.

[2022-05-13 21:44:06 #7 type] 
Type domain.ApustuAnitza is not enhanced.

[2022-05-13 21:44:06 #8 type] 
Type domain.Question is not enhanced.

[2022-05-13 21:44:06 #9 type] 
Type domain.Event is not enhanced.

[2022-05-13 21:44:06 #10 type] 
Type domain.Kontaktua is not enhanced.

[2022-05-13 21:44:06 #11 type] 
Type domain.Mezua is not enhanced.

------------------------------------------------------------------------------------------------------------------------

[2022-05-13 21:44:37 #1 store] 
Database '/home/xairaur/eclipse-workspace1/Bets21.zip_expanded/Bets21/src/main/resources/bets.temp' is opened by 21505@gorria

[2022-05-13 21:44:37 #2 type] 
Type domain.Admin is not enhanced.

[2022-05-13 21:44:37 #3 type] 
Type domain.Erabiltzailea is not enhanced.

[2022-05-13 21:44:37 #4 type] 
Type domain.Apustua is not enhanced.

[2022-05-13 21:44:37 #5 type] 
Type domain.Mugimendua is not enhanced.

[2022-05-13 21:44:37 #6 type] 
Type domain.Kuota is not enhanced.

[2022-05-13 21:44:37 #7 type] 
Type domain.ApustuAnitza is not enhanced.

[2022-05-13 21:44:37 #8 type] 
Type domain.Question is not enhanced.

[2022-05-13 21:44:37 #9 type] 
Type domain.Event is not enhanced.

[2022-05-13 21:44:37 #10 type] 
Type domain.Kontaktua is not enhanced.

[2022-05-13 21:44:37 #11 type] 
Type domain.Mezua is not enhanced.

------------------------------------------------------------------------------------------------------------------------

[2022-05-13 21:47:13 #1 store] 
Database '/home/xairaur/eclipse-workspace1/Bets21.zip_expanded/Bets21/src/main/resources/bets.temp' is opened by 21763@gorria

[2022-05-13 21:47:13 #2 type] 
Type domain.Admin is not enhanced.

[2022-05-13 21:47:13 #3 type] 
Type domain.Erabiltzailea is not enhanced.

[2022-05-13 21:47:13 #4 type] 
Type domain.Apustua is not enhanced.

[2022-05-13 21:47:13 #5 type] 
Type domain.Mugimendua is not enhanced.

[2022-05-13 21:47:13 #6 type] 
Type domain.Kuota is not enhanced.

[2022-05-13 21:47:13 #7 type] 
Type domain.ApustuAnitza is not enhanced.

[2022-05-13 21:47:13 #8 type] 
Type domain.Question is not enhanced.

[2022-05-13 21:47:13 #9 type] 
Type domain.Event is not enhanced.

[2022-05-13 21:47:13 #10 type] 
Type domain.Kontaktua is not enhanced.

[2022-05-13 21:47:13 #11 type] 
Type domain.Mezua is not enhanced.

------------------------------------------------------------------------------------------------------------------------

[2022-05-13 22:03:00 #1 store] 
Database '/home/xairaur/eclipse-workspace1/Bets21.zip_expanded/Bets21/src/main/resources/bets.temp' is opened by 23053@gorria

[2022-05-13 22:03:00 #2 type] 
Type domain.Admin is not enhanced.

[2022-05-13 22:03:00 #3 type] 
Type domain.Erabiltzailea is not enhanced.

[2022-05-13 22:03:00 #4 type] 
Type domain.Apustua is not enhanced.

[2022-05-13 22:03:00 #5 type] 
Type domain.Mugimendua is not enhanced.

[2022-05-13 22:03:00 #6 type] 
Type domain.Kuota is not enhanced.

[2022-05-13 22:03:00 #7 type] 
Type domain.ApustuAnitza is not enhanced.

[2022-05-13 22:03:00 #8 type] 
Type domain.Question is not enhanced.

[2022-05-13 22:03:00 #9 type] 
Type domain.Event is not enhanced.

[2022-05-13 22:03:00 #10 type] 
Type domain.Kontaktua is not enhanced.

[2022-05-13 22:03:00 #11 type] 
Type domain.Mezua is not enhanced.

------------------------------------------------------------------------------------------------------------------------

[2022-05-13 22:06:41 #1 store] 
Database '/home/xairaur/eclipse-workspace1/Bets21.zip_expanded/Bets21/src/main/resources/bets.temp' is opened by 23353@gorria

[2022-05-13 22:06:41 #2 type] 
Type domain.Admin is not enhanced.

[2022-05-13 22:06:41 #3 type] 
Type domain.Erabiltzailea is not enhanced.

[2022-05-13 22:06:41 #4 type] 
Type domain.Apustua is not enhanced.

[2022-05-13 22:06:41 #5 type] 
Type domain.Mugimendua is not enhanced.

[2022-05-13 22:06:41 #6 type] 
Type domain.Kuota is not enhanced.

[2022-05-13 22:06:41 #7 type] 
Type domain.ApustuAnitza is not enhanced.

[2022-05-13 22:06:41 #8 type] 
Type domain.Question is not enhanced.

[2022-05-13 22:06:41 #9 type] 
Type domain.Event is not enhanced.

[2022-05-13 22:06:41 #10 type] 
Type domain.Kontaktua is not enhanced.

[2022-05-13 22:06:41 #11 type] 
Type domain.Mezua is not enhanced.

------------------------------------------------------------------------------------------------------------------------

[2022-05-13 22:10:02 #1 store] 
Database '/home/xairaur/eclipse-workspace1/Bets21.zip_expanded/Bets21/src/main/resources/bets.temp' is opened by 23531@gorria

[2022-05-13 22:10:02 #2 type] 
Type domain.Admin is not enhanced.

[2022-05-13 22:10:02 #3 type] 
Type domain.Erabiltzailea is not enhanced.

[2022-05-13 22:10:02 #4 type] 
Type domain.Apustua is not enhanced.

[2022-05-13 22:10:02 #5 type] 
Type domain.Mugimendua is not enhanced.

[2022-05-13 22:10:02 #6 type] 
Type domain.Kuota is not enhanced.

[2022-05-13 22:10:02 #7 type] 
Type domain.ApustuAnitza is not enhanced.

[2022-05-13 22:10:02 #8 type] 
Type domain.Question is not enhanced.

[2022-05-13 22:10:02 #9 type] 
Type domain.Event is not enhanced.

[2022-05-13 22:10:02 #10 type] 
Type domain.Kontaktua is not enhanced.

[2022-05-13 22:10:02 #11 type] 
Type domain.Mezua is not enhanced.

------------------------------------------------------------------------------------------------------------------------

[2022-05-13 22:10:32 #1 store] 
Database '/home/xairaur/eclipse-workspace1/Bets21.zip_expanded/Bets21/src/main/resources/bets.temp' has been recovered (tr. 44-45)

[2022-05-13 22:10:32 #2 store] 
Database '/home/xairaur/eclipse-workspace1/Bets21.zip_expanded/Bets21/src/main/resources/bets.temp' is opened by 23580@gorria

[2022-05-13 22:10:32 #3 type] 
Type domain.Admin is not enhanced.

[2022-05-13 22:10:32 #4 type] 
Type domain.Erabiltzailea is not enhanced.

[2022-05-13 22:10:32 #5 type] 
Type domain.Apustua is not enhanced.

[2022-05-13 22:10:32 #6 type] 
Type domain.Mugimendua is not enhanced.

[2022-05-13 22:10:32 #7 type] 
Type domain.Kuota is not enhanced.

[2022-05-13 22:10:32 #8 type] 
Type domain.ApustuAnitza is not enhanced.

[2022-05-13 22:10:32 #9 type] 
Type domain.Question is not enhanced.

[2022-05-13 22:10:32 #10 type] 
Type domain.Event is not enhanced.

[2022-05-13 22:10:32 #11 type] 
Type domain.Kontaktua is not enhanced.

[2022-05-13 22:10:32 #12 type] 
Type domain.Mezua is not enhanced.

------------------------------------------------------------------------------------------------------------------------

[2022-05-13 22:11:21 #1 store] 
Database '/home/xairaur/eclipse-workspace1/Bets21.zip_expanded/Bets21/src/main/resources/bets.temp' is opened by 23639@gorria

[2022-05-13 22:11:21 #2 type.registry] 
New type domain.User

[2022-05-13 22:11:21 #3 type.registry] 
New type domain.Admin

[2022-05-13 22:11:21 #4 type] 
Type domain.Admin is not enhanced.

[2022-05-13 22:11:21 #5 type.registry] 
New type java.util.Vector<domain.User>

[2022-05-13 22:11:21 #6 type.registry] 
New type domain.Erabiltzailea

[2022-05-13 22:11:21 #7 type] 
Type domain.Erabiltzailea is not enhanced.

[2022-05-13 22:11:21 #8 type.registry] 
New type domain.Apustua

[2022-05-13 22:11:21 #9 type.registry] 
New type java.util.Vector<domain.Apustua>

[2022-05-13 22:11:21 #10 type.registry] 
New type domain.Mugimendua

[2022-05-13 22:11:21 #11 type.registry] 
New type java.util.Vector<domain.Mugimendua>

[2022-05-13 22:11:21 #12 type.registry] 
New type java.util.Vector<java.lang.Integer>

[2022-05-13 22:11:21 #13 type] 
Type domain.Apustua is not enhanced.

[2022-05-13 22:11:21 #14 type.registry] 
New type domain.Kuota

[2022-05-13 22:11:21 #15 type.registry] 
New type domain.ApustuAnitza

[2022-05-13 22:11:21 #16 type] 
Type domain.Mugimendua is not enhanced.

[2022-05-13 22:11:21 #17 type] 
Type domain.Kuota is not enhanced.

[2022-05-13 22:11:21 #18 type.registry] 
New type java.util.Vector<domain.ApustuAnitza>

[2022-05-13 22:11:21 #19 type.registry] 
New type domain.Question

[2022-05-13 22:11:21 #20 type] 
Type domain.ApustuAnitza is not enhanced.

[2022-05-13 22:11:21 #21 type] 
Type domain.Question is not enhanced.

[2022-05-13 22:11:21 #22 type.registry] 
New type java.util.Vector<domain.Kuota>

[2022-05-13 22:11:21 #23 type.registry] 
New type domain.Event

[2022-05-13 22:11:21 #24 type] 
Type domain.Event is not enhanced.

[2022-05-13 22:11:21 #25 type.registry] 
New type java.util.Vector<domain.Question>

[2022-05-13 22:11:21 #26 type.registry] 
New type java.util.Vector<java.lang.Object>

[2022-05-13 22:11:25 #27 type.registry] 
New type domain.Kontaktua

[2022-05-13 22:11:25 #28 type] 
Type domain.Kontaktua is not enhanced.

------------------------------------------------------------------------------------------------------------------------

[2022-05-13 22:13:02 #1 store] 
Database '/home/xairaur/eclipse-workspace1/Bets21.zip_expanded/Bets21/src/main/resources/bets.temp' is opened by 23754@gorria

[2022-05-13 22:13:02 #2 type.registry] 
New type domain.User

[2022-05-13 22:13:02 #3 type.registry] 
New type domain.Admin

[2022-05-13 22:13:02 #4 type] 
Type domain.Admin is not enhanced.

[2022-05-13 22:13:02 #5 type.registry] 
New type java.util.Vector<domain.User>

[2022-05-13 22:13:02 #6 type.registry] 
New type domain.Erabiltzailea

[2022-05-13 22:13:02 #7 type] 
Type domain.Erabiltzailea is not enhanced.

[2022-05-13 22:13:02 #8 type.registry] 
New type domain.Apustua

[2022-05-13 22:13:02 #9 type.registry] 
New type java.util.Vector<domain.Apustua>

[2022-05-13 22:13:02 #10 type.registry] 
New type domain.Mugimendua

[2022-05-13 22:13:02 #11 type.registry] 
New type java.util.Vector<domain.Mugimendua>

[2022-05-13 22:13:02 #12 type.registry] 
New type java.util.Vector<java.lang.Integer>

[2022-05-13 22:13:02 #13 type] 
Type domain.Apustua is not enhanced.

[2022-05-13 22:13:02 #14 type.registry] 
New type domain.Kuota

[2022-05-13 22:13:02 #15 type.registry] 
New type domain.ApustuAnitza

[2022-05-13 22:13:02 #16 type] 
Type domain.Mugimendua is not enhanced.

[2022-05-13 22:13:02 #17 type] 
Type domain.Kuota is not enhanced.

[2022-05-13 22:13:02 #18 type.registry] 
New type java.util.Vector<domain.ApustuAnitza>

[2022-05-13 22:13:02 #19 type.registry] 
New type domain.Question

[2022-05-13 22:13:02 #20 type] 
Type domain.ApustuAnitza is not enhanced.

[2022-05-13 22:13:02 #21 type] 
Type domain.Question is not enhanced.

[2022-05-13 22:13:02 #22 type.registry] 
New type java.util.Vector<domain.Kuota>

[2022-05-13 22:13:02 #23 type.registry] 
New type domain.Event

[2022-05-13 22:13:02 #24 type] 
Type domain.Event is not enhanced.

[2022-05-13 22:13:02 #25 type.registry] 
New type java.util.Vector<domain.Question>

[2022-05-13 22:13:02 #26 type.registry] 
New type java.util.Vector<java.lang.Object>

[2022-05-13 22:13:06 #27 type.registry] 
New type domain.Kontaktua

[2022-05-13 22:13:06 #28 type] 
Type domain.Kontaktua is not enhanced.

[2022-05-13 22:13:08 #29 type.registry] 
New type domain.Mezua

[2022-05-13 22:13:08 #30 type] 
Type domain.Mezua is not enhanced.

