------------------------------------------------------------------------------------------------------------------------

[2022-02-26 12:44:23 #1 store] 
Database 'C:\Users\USR\git\Bets21\src\main\resources\bets.temp' is opened by 10176@DESKTOP-JPFQ8VL

[2022-02-26 12:44:23 #2 type.registry] 
New type domain.Question

[2022-02-26 12:44:23 #3 type] 
Type domain.Question is not enhanced.

[2022-02-26 12:44:23 #4 type.registry] 
New type domain.Event

[2022-02-26 12:44:23 #5 type] 
Type domain.Event is not enhanced.

[2022-02-26 12:44:23 #6 type.registry] 
New type java.util.Vector<domain.Question>

[2022-02-26 12:44:23 #7 type.registry] 
New type java.util.Vector<java.lang.Object>

------------------------------------------------------------------------------------------------------------------------

[2022-02-26 13:12:53 #1 store] 
Database 'C:\Users\USR\git\Bets21\src\main\resources\bets.temp' is opened by 5396@DESKTOP-JPFQ8VL

[2022-02-26 13:12:53 #2 type.registry] 
New type domain.Question

[2022-02-26 13:12:53 #3 type] 
Type domain.Question is not enhanced.

[2022-02-26 13:12:53 #4 type.registry] 
New type domain.Event

[2022-02-26 13:12:53 #5 type] 
Type domain.Event is not enhanced.

[2022-02-26 13:12:53 #6 type.registry] 
New type java.util.Vector<domain.Question>

[2022-02-26 13:12:53 #7 type.registry] 
New type java.util.Vector<java.lang.Object>

[2022-02-26 13:13:15 #8 type.registry] 
New type domain.Erabiltzailea

[2022-02-26 13:13:15 #9 type] 
Type domain.Erabiltzailea is not enhanced.

------------------------------------------------------------------------------------------------------------------------

[2022-02-26 13:13:40 #1 store] 
Database 'C:\Users\USR\git\Bets21\src\main\resources\bets.temp' is opened by 1344@DESKTOP-JPFQ8VL

[2022-02-26 13:13:41 #2 type.registry] 
New type domain.Question

[2022-02-26 13:13:41 #3 type] 
Type domain.Question is not enhanced.

[2022-02-26 13:13:41 #4 type.registry] 
New type domain.Event

[2022-02-26 13:13:41 #5 type] 
Type domain.Event is not enhanced.

[2022-02-26 13:13:41 #6 type.registry] 
New type java.util.Vector<domain.Question>

[2022-02-26 13:13:41 #7 type.registry] 
New type java.util.Vector<java.lang.Object>

------------------------------------------------------------------------------------------------------------------------

[2022-02-26 13:21:58 #1 store] 
Database 'C:\Users\USR\git\Bets21\src\main\resources\bets.temp' is opened by 4116@DESKTOP-JPFQ8VL

[2022-02-26 13:21:58 #2 type.registry] 
New type domain.Erabiltzailea

[2022-02-26 13:21:58 #3 type] 
Type domain.Erabiltzailea is not enhanced.

[2022-02-26 13:21:58 #4 type.registry] 
New type domain.Question

[2022-02-26 13:21:58 #5 type] 
Type domain.Question is not enhanced.

[2022-02-26 13:21:58 #6 type.registry] 
New type domain.Event

[2022-02-26 13:21:58 #7 type] 
Type domain.Event is not enhanced.

[2022-02-26 13:21:58 #8 type.registry] 
New type java.util.Vector<domain.Question>

[2022-02-26 13:21:58 #9 type.registry] 
New type java.util.Vector<java.lang.Object>

------------------------------------------------------------------------------------------------------------------------

[2022-02-26 13:22:35 #1 store] 
Database 'C:\Users\USR\git\Bets21\src\main\resources\bets.temp' is opened by 11596@DESKTOP-JPFQ8VL

[2022-02-26 13:22:35 #2 type.registry] 
New type domain.Erabiltzailea

[2022-02-26 13:22:35 #3 type] 
Type domain.Erabiltzailea is not enhanced.

[2022-02-26 13:22:35 #4 type.registry] 
New type domain.Question

[2022-02-26 13:22:35 #5 type] 
Type domain.Question is not enhanced.

[2022-02-26 13:22:35 #6 type.registry] 
New type domain.Event

[2022-02-26 13:22:35 #7 type] 
Type domain.Event is not enhanced.

[2022-02-26 13:22:35 #8 type.registry] 
New type java.util.Vector<domain.Question>

[2022-02-26 13:22:35 #9 type.registry] 
New type java.util.Vector<java.lang.Object>

------------------------------------------------------------------------------------------------------------------------

[2022-02-26 13:29:21 #1 store] 
Database 'C:\Users\USR\git\Bets21\src\main\resources\bets.temp' is opened by 10508@DESKTOP-JPFQ8VL

[2022-02-26 13:29:21 #2 type.registry] 
New type domain.Erabiltzailea

[2022-02-26 13:29:21 #3 type] 
Type domain.Erabiltzailea is not enhanced.

[2022-02-26 13:29:22 #4 type.registry] 
New type domain.Question

[2022-02-26 13:29:22 #5 type] 
Type domain.Question is not enhanced.

[2022-02-26 13:29:22 #6 type.registry] 
New type domain.Event

[2022-02-26 13:29:22 #7 type] 
Type domain.Event is not enhanced.

[2022-02-26 13:29:22 #8 type.registry] 
New type java.util.Vector<domain.Question>

[2022-02-26 13:29:22 #9 type.registry] 
New type java.util.Vector<java.lang.Object>

------------------------------------------------------------------------------------------------------------------------

[2022-02-26 14:35:21 #1 store] 
Database 'C:\Users\USR\git\Bets21\src\main\resources\bets.temp' is opened by 9956@DESKTOP-JPFQ8VL

[2022-02-26 14:35:21 #2 type.registry] 
New type domain.Erabiltzailea

[2022-02-26 14:35:21 #3 type] 
Type domain.Erabiltzailea is not enhanced.

[2022-02-26 14:35:21 #4 type.registry] 
New type domain.Question

[2022-02-26 14:35:21 #5 type] 
Type domain.Question is not enhanced.

[2022-02-26 14:35:21 #6 type.registry] 
New type domain.Event

[2022-02-26 14:35:21 #7 type] 
Type domain.Event is not enhanced.

[2022-02-26 14:35:21 #8 type.registry] 
New type java.util.Vector<domain.Question>

[2022-02-26 14:35:21 #9 type.registry] 
New type java.util.Vector<java.lang.Object>

------------------------------------------------------------------------------------------------------------------------

[2022-02-26 15:00:58 #1 store] 
Database 'C:\Users\USR\git\Bets21\src\main\resources\bets.temp' is opened by 2352@DESKTOP-JPFQ8VL

[2022-02-26 15:00:58 #2 type.registry] 
New type domain.Erabiltzailea

[2022-02-26 15:00:58 #3 type] 
Type domain.Erabiltzailea is not enhanced.

[2022-02-26 15:00:58 #4 type.registry] 
New type domain.Question

[2022-02-26 15:00:58 #5 type] 
Type domain.Question is not enhanced.

[2022-02-26 15:00:58 #6 type.registry] 
New type domain.Event

[2022-02-26 15:00:58 #7 type] 
Type domain.Event is not enhanced.

[2022-02-26 15:00:58 #8 type.registry] 
New type java.util.Vector<domain.Question>

[2022-02-26 15:00:58 #9 type.registry] 
New type java.util.Vector<java.lang.Object>

------------------------------------------------------------------------------------------------------------------------

[2022-02-26 15:05:31 #1 store] 
Database 'C:\Users\USR\git\Bets21\src\main\resources\bets.temp' is opened by 10920@DESKTOP-JPFQ8VL

[2022-02-26 15:05:31 #2 type.registry] 
New type domain.Erabiltzailea

[2022-02-26 15:05:31 #3 type] 
Type domain.Erabiltzailea is not enhanced.

[2022-02-26 15:05:31 #4 type.registry] 
New type domain.Question

[2022-02-26 15:05:31 #5 type] 
Type domain.Question is not enhanced.

[2022-02-26 15:05:31 #6 type.registry] 
New type domain.Event

[2022-02-26 15:05:31 #7 type] 
Type domain.Event is not enhanced.

[2022-02-26 15:05:31 #8 type.registry] 
New type java.util.Vector<domain.Question>

[2022-02-26 15:05:31 #9 type.registry] 
New type java.util.Vector<java.lang.Object>

------------------------------------------------------------------------------------------------------------------------

[2022-02-26 15:05:56 #1 store] 
Database 'C:\Users\USR\git\Bets21\src\main\resources\bets.temp' is opened by 10516@DESKTOP-JPFQ8VL

[2022-02-26 15:05:56 #2 type.registry] 
New type domain.Erabiltzailea

[2022-02-26 15:05:56 #3 type] 
Type domain.Erabiltzailea is not enhanced.

[2022-02-26 15:05:56 #4 type.registry] 
New type domain.Question

[2022-02-26 15:05:56 #5 type] 
Type domain.Question is not enhanced.

[2022-02-26 15:05:56 #6 type.registry] 
New type domain.Event

[2022-02-26 15:05:56 #7 type] 
Type domain.Event is not enhanced.

[2022-02-26 15:05:56 #8 type.registry] 
New type java.util.Vector<domain.Question>

[2022-02-26 15:05:56 #9 type.registry] 
New type java.util.Vector<java.lang.Object>

------------------------------------------------------------------------------------------------------------------------

[2022-02-26 15:10:39 #1 store] 
Database 'C:\Users\USR\git\Bets21\src\main\resources\bets.temp' is opened by 4188@DESKTOP-JPFQ8VL

[2022-02-26 15:10:39 #2 type.registry] 
New type domain.Erabiltzailea

[2022-02-26 15:10:39 #3 type] 
Type domain.Erabiltzailea is not enhanced.

[2022-02-26 15:10:39 #4 type.registry] 
New type domain.Question

[2022-02-26 15:10:39 #5 type] 
Type domain.Question is not enhanced.

[2022-02-26 15:10:39 #6 type.registry] 
New type domain.Event

[2022-02-26 15:10:39 #7 type] 
Type domain.Event is not enhanced.

[2022-02-26 15:10:39 #8 type.registry] 
New type java.util.Vector<domain.Question>

[2022-02-26 15:10:39 #9 type.registry] 
New type java.util.Vector<java.lang.Object>

------------------------------------------------------------------------------------------------------------------------

[2022-02-26 15:10:58 #1 store] 
Database 'C:\Users\USR\git\Bets21\src\main\resources\bets.temp' is opened by 11668@DESKTOP-JPFQ8VL

[2022-02-26 15:10:58 #2 type.registry] 
New type domain.Erabiltzailea

[2022-02-26 15:10:58 #3 type] 
Type domain.Erabiltzailea is not enhanced.

[2022-02-26 15:10:58 #4 type.registry] 
New type domain.Question

[2022-02-26 15:10:58 #5 type] 
Type domain.Question is not enhanced.

[2022-02-26 15:10:58 #6 type.registry] 
New type domain.Event

[2022-02-26 15:10:58 #7 type] 
Type domain.Event is not enhanced.

[2022-02-26 15:10:59 #8 type.registry] 
New type java.util.Vector<domain.Question>

[2022-02-26 15:10:59 #9 type.registry] 
New type java.util.Vector<java.lang.Object>

------------------------------------------------------------------------------------------------------------------------

[2022-02-26 15:31:22 #1 store] 
Database 'C:\Users\USR\git\Bets21\src\main\resources\bets.temp' is opened by 6404@DESKTOP-JPFQ8VL

[2022-02-26 15:31:23 #2 type.registry] 
New type domain.Erabiltzailea

[2022-02-26 15:31:23 #3 type] 
Type domain.Erabiltzailea is not enhanced.

[2022-02-26 15:31:23 #4 type.registry] 
New type domain.Question

[2022-02-26 15:31:23 #5 type] 
Type domain.Question is not enhanced.

[2022-02-26 15:31:23 #6 type.registry] 
New type domain.Event

[2022-02-26 15:31:23 #7 type] 
Type domain.Event is not enhanced.

[2022-02-26 15:31:23 #8 type.registry] 
New type java.util.Vector<domain.Question>

[2022-02-26 15:31:23 #9 type.registry] 
New type java.util.Vector<java.lang.Object>

