------------------------------------------------------------------------------------------------------------------------

[2022-04-28 18:46:43 #1 store] 
Database '/home/xairaur/eclipse-workspace1/Bets21.zip_expanded/Bets21/src/main/resources/bets.temp' has been recovered (tr. 59-59)

[2022-04-28 18:46:43 #2 store] 
Database '/home/xairaur/eclipse-workspace1/Bets21.zip_expanded/Bets21/src/main/resources/bets.temp' is opened by 11449@gorria

[2022-04-28 18:46:43 #3 type] 
Type domain.Erabiltzailea is not enhanced.

[2022-04-28 18:46:43 #4 type] 
Type domain.Apustua is not enhanced.

[2022-04-28 18:46:43 #5 type] 
Type domain.Mugimendua is not enhanced.

[2022-04-28 18:46:43 #6 type] 
Type domain.Kuota is not enhanced.

[2022-04-28 18:46:43 #7 type] 
Type domain.ApustuAnitza is not enhanced.

[2022-04-28 18:46:43 #8 type] 
Type domain.Question is not enhanced.

[2022-04-28 18:46:43 #9 type] 
Type domain.Event is not enhanced.

------------------------------------------------------------------------------------------------------------------------

[2022-04-28 18:47:45 #1 store] 
Database '/home/xairaur/eclipse-workspace1/Bets21.zip_expanded/Bets21/src/main/resources/bets.temp' is opened by 13020@gorria

[2022-04-28 18:47:45 #2 type] 
Type domain.Erabiltzailea is not enhanced.

[2022-04-28 18:47:45 #3 type] 
Type domain.Apustua is not enhanced.

[2022-04-28 18:47:45 #4 type] 
Type domain.Mugimendua is not enhanced.

[2022-04-28 18:47:45 #5 type] 
Type domain.Kuota is not enhanced.

[2022-04-28 18:47:45 #6 type] 
Type domain.ApustuAnitza is not enhanced.

[2022-04-28 18:47:45 #7 type] 
Type domain.Question is not enhanced.

[2022-04-28 18:47:45 #8 type] 
Type domain.Event is not enhanced.

------------------------------------------------------------------------------------------------------------------------

[2022-04-28 18:49:31 #1 store] 
Database '/home/xairaur/eclipse-workspace1/Bets21.zip_expanded/Bets21/src/main/resources/bets.temp' has been recovered (tr. 60-60)

[2022-04-28 18:49:31 #2 store] 
Database '/home/xairaur/eclipse-workspace1/Bets21.zip_expanded/Bets21/src/main/resources/bets.temp' is opened by 13110@gorria

[2022-04-28 18:49:31 #3 type] 
Type domain.Erabiltzailea is not enhanced.

[2022-04-28 18:49:31 #4 type] 
Type domain.Apustua is not enhanced.

[2022-04-28 18:49:31 #5 type] 
Type domain.Mugimendua is not enhanced.

[2022-04-28 18:49:31 #6 type] 
Type domain.Kuota is not enhanced.

[2022-04-28 18:49:31 #7 type] 
Type domain.ApustuAnitza is not enhanced.

[2022-04-28 18:49:31 #8 type] 
Type domain.Question is not enhanced.

[2022-04-28 18:49:31 #9 type] 
Type domain.Event is not enhanced.

------------------------------------------------------------------------------------------------------------------------

[2022-04-28 18:50:42 #1 store] 
Database '/home/xairaur/eclipse-workspace1/Bets21.zip_expanded/Bets21/src/main/resources/bets.temp' is opened by 13163@gorria

[2022-04-28 18:50:42 #2 type] 
Type domain.Erabiltzailea is not enhanced.

[2022-04-28 18:50:42 #3 type] 
Type domain.Apustua is not enhanced.

[2022-04-28 18:50:42 #4 type] 
Type domain.Mugimendua is not enhanced.

[2022-04-28 18:50:42 #5 type] 
Type domain.Kuota is not enhanced.

[2022-04-28 18:50:42 #6 type] 
Type domain.ApustuAnitza is not enhanced.

[2022-04-28 18:50:42 #7 type] 
Type domain.Question is not enhanced.

[2022-04-28 18:50:42 #8 type] 
Type domain.Event is not enhanced.

------------------------------------------------------------------------------------------------------------------------

[2022-04-28 18:54:46 #1 store] 
Database '/home/xairaur/eclipse-workspace1/Bets21.zip_expanded/Bets21/src/main/resources/bets.temp' has been recovered (tr. 61-63)

[2022-04-28 18:54:46 #2 store] 
Database '/home/xairaur/eclipse-workspace1/Bets21.zip_expanded/Bets21/src/main/resources/bets.temp' is opened by 13311@gorria

[2022-04-28 18:54:46 #3 type] 
Type domain.Erabiltzailea is not enhanced.

[2022-04-28 18:54:46 #4 type] 
Type domain.Apustua is not enhanced.

[2022-04-28 18:54:46 #5 type] 
Type domain.Mugimendua is not enhanced.

[2022-04-28 18:54:46 #6 type] 
Type domain.Kuota is not enhanced.

[2022-04-28 18:54:46 #7 type] 
Type domain.ApustuAnitza is not enhanced.

[2022-04-28 18:54:46 #8 type] 
Type domain.Question is not enhanced.

[2022-04-28 18:54:46 #9 type] 
Type domain.Event is not enhanced.

------------------------------------------------------------------------------------------------------------------------

[2022-04-28 19:01:38 #1 store] 
Database '/home/xairaur/eclipse-workspace1/Bets21.zip_expanded/Bets21/src/main/resources/bets.temp' is opened by 13629@gorria

[2022-04-28 19:01:38 #2 type] 
Type domain.Erabiltzailea is not enhanced.

[2022-04-28 19:01:38 #3 type] 
Type domain.Apustua is not enhanced.

[2022-04-28 19:01:38 #4 type] 
Type domain.Mugimendua is not enhanced.

[2022-04-28 19:01:38 #5 type] 
Type domain.Kuota is not enhanced.

[2022-04-28 19:01:38 #6 type] 
Type domain.ApustuAnitza is not enhanced.

[2022-04-28 19:01:38 #7 type] 
Type domain.Question is not enhanced.

[2022-04-28 19:01:38 #8 type] 
Type domain.Event is not enhanced.

------------------------------------------------------------------------------------------------------------------------

[2022-04-28 19:03:03 #1 store] 
Database '/home/xairaur/eclipse-workspace1/Bets21.zip_expanded/Bets21/src/main/resources/bets.temp' is opened by 13745@gorria

[2022-04-28 19:03:04 #2 type] 
Type domain.Erabiltzailea is not enhanced.

[2022-04-28 19:03:04 #3 type] 
Type domain.Apustua is not enhanced.

[2022-04-28 19:03:04 #4 type] 
Type domain.Mugimendua is not enhanced.

[2022-04-28 19:03:04 #5 type] 
Type domain.Kuota is not enhanced.

[2022-04-28 19:03:04 #6 type] 
Type domain.ApustuAnitza is not enhanced.

[2022-04-28 19:03:04 #7 type] 
Type domain.Question is not enhanced.

[2022-04-28 19:03:04 #8 type] 
Type domain.Event is not enhanced.

------------------------------------------------------------------------------------------------------------------------

[2022-04-28 19:06:30 #1 store] 
Database '/home/xairaur/eclipse-workspace1/Bets21.zip_expanded/Bets21/src/main/resources/bets.temp' is opened by 13947@gorria

[2022-04-28 19:06:30 #2 type] 
Type domain.Erabiltzailea is not enhanced.

[2022-04-28 19:06:30 #3 type] 
Type domain.Apustua is not enhanced.

[2022-04-28 19:06:30 #4 type] 
Type domain.Mugimendua is not enhanced.

[2022-04-28 19:06:30 #5 type] 
Type domain.Kuota is not enhanced.

[2022-04-28 19:06:30 #6 type] 
Type domain.ApustuAnitza is not enhanced.

[2022-04-28 19:06:30 #7 type] 
Type domain.Question is not enhanced.

[2022-04-28 19:06:30 #8 type] 
Type domain.Event is not enhanced.

------------------------------------------------------------------------------------------------------------------------

[2022-04-28 19:10:06 #1 store] 
Database '/home/xairaur/eclipse-workspace1/Bets21.zip_expanded/Bets21/src/main/resources/bets.temp' has been recovered (tr. 64-73)

[2022-04-28 19:10:06 #2 store] 
Database '/home/xairaur/eclipse-workspace1/Bets21.zip_expanded/Bets21/src/main/resources/bets.temp' is opened by 14099@gorria

[2022-04-28 19:10:07 #3 type] 
Type domain.Erabiltzailea is not enhanced.

[2022-04-28 19:10:07 #4 type] 
Type domain.Apustua is not enhanced.

[2022-04-28 19:10:07 #5 type] 
Type domain.Mugimendua is not enhanced.

[2022-04-28 19:10:07 #6 type] 
Type domain.Kuota is not enhanced.

[2022-04-28 19:10:07 #7 type] 
Type domain.ApustuAnitza is not enhanced.

[2022-04-28 19:10:07 #8 type] 
Type domain.Question is not enhanced.

[2022-04-28 19:10:07 #9 type] 
Type domain.Event is not enhanced.

------------------------------------------------------------------------------------------------------------------------

[2022-04-28 19:11:38 #1 store] 
Database '/home/xairaur/eclipse-workspace1/Bets21.zip_expanded/Bets21/src/main/resources/bets.temp' is opened by 14191@gorria

[2022-04-28 19:11:39 #2 type] 
Type domain.Erabiltzailea is not enhanced.

[2022-04-28 19:11:39 #3 type] 
Type domain.Apustua is not enhanced.

[2022-04-28 19:11:39 #4 type] 
Type domain.Mugimendua is not enhanced.

[2022-04-28 19:11:39 #5 type] 
Type domain.Kuota is not enhanced.

[2022-04-28 19:11:39 #6 type] 
Type domain.ApustuAnitza is not enhanced.

[2022-04-28 19:11:39 #7 type] 
Type domain.Question is not enhanced.

[2022-04-28 19:11:39 #8 type] 
Type domain.Event is not enhanced.

------------------------------------------------------------------------------------------------------------------------

[2022-04-28 19:28:41 #1 store] 
Database '/home/xairaur/eclipse-workspace1/Bets21.zip_expanded/Bets21/src/main/resources/bets.temp' is opened by 15463@gorria

[2022-04-28 19:28:41 #2 type] 
Type domain.Erabiltzailea is not enhanced.

[2022-04-28 19:28:41 #3 type] 
Type domain.Apustua is not enhanced.

[2022-04-28 19:28:41 #4 type] 
Type domain.Mugimendua is not enhanced.

[2022-04-28 19:28:41 #5 type] 
Type domain.Kuota is not enhanced.

[2022-04-28 19:28:41 #6 type] 
Type domain.ApustuAnitza is not enhanced.

[2022-04-28 19:28:41 #7 type] 
Type domain.Question is not enhanced.

[2022-04-28 19:28:41 #8 type] 
Type domain.Event is not enhanced.

------------------------------------------------------------------------------------------------------------------------

[2022-04-28 19:30:42 #1 store] 
Database '/home/xairaur/eclipse-workspace1/Bets21.zip_expanded/Bets21/src/main/resources/bets.temp' has been recovered (tr. 74-84)

[2022-04-28 19:30:42 #2 store] 
Database '/home/xairaur/eclipse-workspace1/Bets21.zip_expanded/Bets21/src/main/resources/bets.temp' is opened by 15583@gorria

[2022-04-28 19:30:42 #3 type] 
Type domain.Erabiltzailea is not enhanced.

[2022-04-28 19:30:42 #4 type] 
Type domain.Apustua is not enhanced.

[2022-04-28 19:30:42 #5 type] 
Type domain.Mugimendua is not enhanced.

[2022-04-28 19:30:42 #6 type] 
Type domain.Kuota is not enhanced.

[2022-04-28 19:30:42 #7 type] 
Type domain.ApustuAnitza is not enhanced.

[2022-04-28 19:30:42 #8 type] 
Type domain.Question is not enhanced.

[2022-04-28 19:30:42 #9 type] 
Type domain.Event is not enhanced.

------------------------------------------------------------------------------------------------------------------------

[2022-04-28 19:31:15 #1 store] 
Database '/home/xairaur/eclipse-workspace1/Bets21.zip_expanded/Bets21/src/main/resources/bets.temp' is opened by 15638@gorria

[2022-04-28 19:31:15 #2 type] 
Type domain.Erabiltzailea is not enhanced.

[2022-04-28 19:31:15 #3 type] 
Type domain.Apustua is not enhanced.

[2022-04-28 19:31:15 #4 type] 
Type domain.Mugimendua is not enhanced.

[2022-04-28 19:31:15 #5 type] 
Type domain.Kuota is not enhanced.

[2022-04-28 19:31:15 #6 type] 
Type domain.ApustuAnitza is not enhanced.

[2022-04-28 19:31:15 #7 type] 
Type domain.Question is not enhanced.

[2022-04-28 19:31:15 #8 type] 
Type domain.Event is not enhanced.

------------------------------------------------------------------------------------------------------------------------

[2022-04-28 19:46:45 #1 store] 
Database '/home/xairaur/eclipse-workspace1/Bets21.zip_expanded/Bets21/src/main/resources/bets.temp' has been recovered (tr. 85-95)

[2022-04-28 19:46:45 #2 store] 
Database '/home/xairaur/eclipse-workspace1/Bets21.zip_expanded/Bets21/src/main/resources/bets.temp' is opened by 16373@gorria

[2022-04-28 19:46:45 #3 type] 
Type domain.Erabiltzailea is not enhanced.

[2022-04-28 19:46:45 #4 type] 
Type domain.Apustua is not enhanced.

[2022-04-28 19:46:45 #5 type] 
Type domain.Mugimendua is not enhanced.

[2022-04-28 19:46:45 #6 type] 
Type domain.Kuota is not enhanced.

[2022-04-28 19:46:45 #7 type] 
Type domain.ApustuAnitza is not enhanced.

[2022-04-28 19:46:45 #8 type] 
Type domain.Question is not enhanced.

[2022-04-28 19:46:45 #9 type] 
Type domain.Event is not enhanced.

------------------------------------------------------------------------------------------------------------------------

[2022-04-28 19:49:06 #1 store] 
Database '/home/xairaur/eclipse-workspace1/Bets21.zip_expanded/Bets21/src/main/resources/bets.temp' has been recovered (tr. 96-106)

[2022-04-28 19:49:06 #2 store] 
Database '/home/xairaur/eclipse-workspace1/Bets21.zip_expanded/Bets21/src/main/resources/bets.temp' is opened by 16517@gorria

[2022-04-28 19:49:06 #3 type] 
Type domain.Erabiltzailea is not enhanced.

[2022-04-28 19:49:06 #4 type] 
Type domain.Apustua is not enhanced.

[2022-04-28 19:49:06 #5 type] 
Type domain.Mugimendua is not enhanced.

[2022-04-28 19:49:06 #6 type] 
Type domain.Kuota is not enhanced.

[2022-04-28 19:49:06 #7 type] 
Type domain.ApustuAnitza is not enhanced.

[2022-04-28 19:49:06 #8 type] 
Type domain.Question is not enhanced.

[2022-04-28 19:49:06 #9 type] 
Type domain.Event is not enhanced.

------------------------------------------------------------------------------------------------------------------------

[2022-04-28 21:00:51 #1 store] 
Database '/home/xairaur/eclipse-workspace1/Bets21.zip_expanded/Bets21/src/main/resources/bets.temp' has been recovered (tr. 107-117)

[2022-04-28 21:00:51 #2 store] 
Database '/home/xairaur/eclipse-workspace1/Bets21.zip_expanded/Bets21/src/main/resources/bets.temp' is opened by 17814@gorria

[2022-04-28 21:00:51 #3 type] 
Type domain.Erabiltzailea is not enhanced.

[2022-04-28 21:00:51 #4 type] 
Type domain.Apustua is not enhanced.

[2022-04-28 21:00:51 #5 type] 
Type domain.Mugimendua is not enhanced.

[2022-04-28 21:00:51 #6 type] 
Type domain.Kuota is not enhanced.

[2022-04-28 21:00:51 #7 type] 
Type domain.ApustuAnitza is not enhanced.

[2022-04-28 21:00:51 #8 type] 
Type domain.Question is not enhanced.

[2022-04-28 21:00:51 #9 type] 
Type domain.Event is not enhanced.

------------------------------------------------------------------------------------------------------------------------

[2022-04-28 21:04:45 #1 store] 
Database '/home/xairaur/eclipse-workspace1/Bets21.zip_expanded/Bets21/src/main/resources/bets.temp' has been recovered (tr. 118-119)

[2022-04-28 21:04:45 #2 store] 
Database '/home/xairaur/eclipse-workspace1/Bets21.zip_expanded/Bets21/src/main/resources/bets.temp' is opened by 18091@gorria

[2022-04-28 21:04:45 #3 type] 
Type domain.Erabiltzailea is not enhanced.

[2022-04-28 21:04:45 #4 type] 
Type domain.Apustua is not enhanced.

[2022-04-28 21:04:45 #5 type] 
Type domain.Mugimendua is not enhanced.

[2022-04-28 21:04:45 #6 type] 
Type domain.Kuota is not enhanced.

[2022-04-28 21:04:45 #7 type] 
Type domain.ApustuAnitza is not enhanced.

[2022-04-28 21:04:45 #8 type] 
Type domain.Question is not enhanced.

[2022-04-28 21:04:45 #9 type] 
Type domain.Event is not enhanced.

------------------------------------------------------------------------------------------------------------------------

[2022-04-28 21:06:23 #1 store] 
Database '/home/xairaur/eclipse-workspace1/Bets21.zip_expanded/Bets21/src/main/resources/bets.temp' is opened by 18270@gorria

[2022-04-28 21:06:23 #2 type] 
Type domain.Erabiltzailea is not enhanced.

[2022-04-28 21:06:23 #3 type] 
Type domain.Apustua is not enhanced.

[2022-04-28 21:06:23 #4 type] 
Type domain.Mugimendua is not enhanced.

[2022-04-28 21:06:23 #5 type] 
Type domain.Kuota is not enhanced.

[2022-04-28 21:06:23 #6 type] 
Type domain.ApustuAnitza is not enhanced.

[2022-04-28 21:06:23 #7 type] 
Type domain.Question is not enhanced.

[2022-04-28 21:06:23 #8 type] 
Type domain.Event is not enhanced.

------------------------------------------------------------------------------------------------------------------------

[2022-04-28 21:08:20 #1 store] 
Database '/home/xairaur/eclipse-workspace1/Bets21.zip_expanded/Bets21/src/main/resources/bets.temp' is opened by 18422@gorria

[2022-04-28 21:08:20 #2 type] 
Type domain.Erabiltzailea is not enhanced.

[2022-04-28 21:08:20 #3 type] 
Type domain.Apustua is not enhanced.

[2022-04-28 21:08:20 #4 type] 
Type domain.Mugimendua is not enhanced.

[2022-04-28 21:08:20 #5 type] 
Type domain.Kuota is not enhanced.

[2022-04-28 21:08:20 #6 type] 
Type domain.ApustuAnitza is not enhanced.

[2022-04-28 21:08:20 #7 type] 
Type domain.Question is not enhanced.

[2022-04-28 21:08:20 #8 type] 
Type domain.Event is not enhanced.

------------------------------------------------------------------------------------------------------------------------

[2022-04-28 21:17:59 #1 store] 
Database '/home/xairaur/eclipse-workspace1/Bets21.zip_expanded/Bets21/src/main/resources/bets.temp' has been recovered (tr. 120-120)

[2022-04-28 21:17:59 #2 store] 
Database '/home/xairaur/eclipse-workspace1/Bets21.zip_expanded/Bets21/src/main/resources/bets.temp' is opened by 18806@gorria

[2022-04-28 21:17:59 #3 type] 
Type domain.Erabiltzailea is not enhanced.

[2022-04-28 21:17:59 #4 type] 
Type domain.Apustua is not enhanced.

[2022-04-28 21:17:59 #5 type] 
Type domain.Mugimendua is not enhanced.

[2022-04-28 21:17:59 #6 type] 
Type domain.Kuota is not enhanced.

[2022-04-28 21:17:59 #7 type] 
Type domain.ApustuAnitza is not enhanced.

[2022-04-28 21:17:59 #8 type] 
Type domain.Question is not enhanced.

[2022-04-28 21:17:59 #9 type] 
Type domain.Event is not enhanced.

------------------------------------------------------------------------------------------------------------------------

[2022-04-28 21:19:39 #1 store] 
Database '/home/xairaur/eclipse-workspace1/Bets21.zip_expanded/Bets21/src/main/resources/bets.temp' has been recovered (tr. 121-121)

[2022-04-28 21:19:39 #2 store] 
Database '/home/xairaur/eclipse-workspace1/Bets21.zip_expanded/Bets21/src/main/resources/bets.temp' is opened by 18897@gorria

[2022-04-28 21:19:39 #3 type] 
Type domain.Erabiltzailea is not enhanced.

[2022-04-28 21:19:39 #4 type] 
Type domain.Apustua is not enhanced.

[2022-04-28 21:19:39 #5 type] 
Type domain.Mugimendua is not enhanced.

[2022-04-28 21:19:39 #6 type] 
Type domain.Kuota is not enhanced.

[2022-04-28 21:19:39 #7 type] 
Type domain.ApustuAnitza is not enhanced.

[2022-04-28 21:19:39 #8 type] 
Type domain.Question is not enhanced.

[2022-04-28 21:19:39 #9 type] 
Type domain.Event is not enhanced.

------------------------------------------------------------------------------------------------------------------------

[2022-04-28 21:20:05 #1 store] 
Database '/home/xairaur/eclipse-workspace1/Bets21.zip_expanded/Bets21/src/main/resources/bets.temp' is opened by 18950@gorria

[2022-04-28 21:20:05 #2 type] 
Type domain.Erabiltzailea is not enhanced.

[2022-04-28 21:20:05 #3 type] 
Type domain.Apustua is not enhanced.

[2022-04-28 21:20:05 #4 type] 
Type domain.Mugimendua is not enhanced.

[2022-04-28 21:20:05 #5 type] 
Type domain.Kuota is not enhanced.

[2022-04-28 21:20:05 #6 type] 
Type domain.ApustuAnitza is not enhanced.

[2022-04-28 21:20:05 #7 type] 
Type domain.Question is not enhanced.

[2022-04-28 21:20:05 #8 type] 
Type domain.Event is not enhanced.

------------------------------------------------------------------------------------------------------------------------

[2022-04-28 21:22:03 #1 store] 
Database '/home/xairaur/eclipse-workspace1/Bets21.zip_expanded/Bets21/src/main/resources/bets.temp' has been recovered (tr. 122-125)

[2022-04-28 21:22:03 #2 store] 
Database '/home/xairaur/eclipse-workspace1/Bets21.zip_expanded/Bets21/src/main/resources/bets.temp' is opened by 19019@gorria

[2022-04-28 21:22:03 #3 type] 
Type domain.Erabiltzailea is not enhanced.

[2022-04-28 21:22:03 #4 type] 
Type domain.Apustua is not enhanced.

[2022-04-28 21:22:03 #5 type] 
Type domain.Mugimendua is not enhanced.

[2022-04-28 21:22:03 #6 type] 
Type domain.Kuota is not enhanced.

[2022-04-28 21:22:03 #7 type] 
Type domain.ApustuAnitza is not enhanced.

[2022-04-28 21:22:03 #8 type] 
Type domain.Question is not enhanced.

[2022-04-28 21:22:03 #9 type] 
Type domain.Event is not enhanced.

------------------------------------------------------------------------------------------------------------------------

[2022-04-28 21:24:06 #1 store] 
Database '/home/xairaur/eclipse-workspace1/Bets21.zip_expanded/Bets21/src/main/resources/bets.temp' is opened by 19154@gorria

[2022-04-28 21:24:06 #2 type] 
Type domain.Erabiltzailea is not enhanced.

[2022-04-28 21:24:06 #3 type] 
Type domain.Apustua is not enhanced.

[2022-04-28 21:24:06 #4 type] 
Type domain.Mugimendua is not enhanced.

[2022-04-28 21:24:06 #5 type] 
Type domain.Kuota is not enhanced.

[2022-04-28 21:24:06 #6 type] 
Type domain.ApustuAnitza is not enhanced.

[2022-04-28 21:24:06 #7 type] 
Type domain.Question is not enhanced.

[2022-04-28 21:24:06 #8 type] 
Type domain.Event is not enhanced.

