------------------------------------------------------------------------------------------------------------------------

[2022-04-27 17:42:53 #1 store] 
Database '/home/xairaur/eclipse-workspace1/Bets21.zip_expanded/Bets21/src/main/resources/bets.temp' is opened by 6662@gorria

[2022-04-27 17:42:53 #2 type] 
Type domain.Erabiltzailea is not enhanced.

[2022-04-27 17:42:54 #3 type] 
Type domain.Apustua is not enhanced.

[2022-04-27 17:42:54 #4 type] 
Type domain.Mugimendua is not enhanced.

[2022-04-27 17:42:54 #5 type] 
Type domain.Kuota is not enhanced.

[2022-04-27 17:42:54 #6 type] 
Type domain.Question is not enhanced.

[2022-04-27 17:42:54 #7 type] 
Type domain.Event is not enhanced.

------------------------------------------------------------------------------------------------------------------------

[2022-04-27 17:44:44 #1 store] 
Database '/home/xairaur/eclipse-workspace1/Bets21.zip_expanded/Bets21/src/main/resources/bets.temp' has been recovered (tr. 102-102)

[2022-04-27 17:44:44 #2 store] 
Database '/home/xairaur/eclipse-workspace1/Bets21.zip_expanded/Bets21/src/main/resources/bets.temp' is opened by 6764@gorria

[2022-04-27 17:44:45 #3 type] 
Type domain.Erabiltzailea is not enhanced.

[2022-04-27 17:44:45 #4 type] 
Type domain.Apustua is not enhanced.

[2022-04-27 17:44:45 #5 type] 
Type domain.Mugimendua is not enhanced.

[2022-04-27 17:44:45 #6 type] 
Type domain.Kuota is not enhanced.

[2022-04-27 17:44:45 #7 type] 
Type domain.Question is not enhanced.

[2022-04-27 17:44:45 #8 type] 
Type domain.Event is not enhanced.

------------------------------------------------------------------------------------------------------------------------

[2022-04-27 17:46:52 #1 store] 
Database '/home/xairaur/eclipse-workspace1/Bets21.zip_expanded/Bets21/src/main/resources/bets.temp' is opened by 6861@gorria

[2022-04-27 17:46:52 #2 type] 
Type domain.Erabiltzailea is not enhanced.

[2022-04-27 17:46:52 #3 type] 
Type domain.Apustua is not enhanced.

[2022-04-27 17:46:52 #4 type] 
Type domain.Mugimendua is not enhanced.

[2022-04-27 17:46:52 #5 type] 
Type domain.Kuota is not enhanced.

[2022-04-27 17:46:52 #6 type] 
Type domain.Question is not enhanced.

[2022-04-27 17:46:52 #7 type] 
Type domain.Event is not enhanced.

------------------------------------------------------------------------------------------------------------------------

[2022-04-27 17:48:49 #1 store] 
Database '/home/xairaur/eclipse-workspace1/Bets21.zip_expanded/Bets21/src/main/resources/bets.temp' is opened by 6942@gorria

[2022-04-27 17:48:49 #2 type] 
Type domain.Erabiltzailea is not enhanced.

[2022-04-27 17:48:49 #3 type] 
Type domain.Apustua is not enhanced.

[2022-04-27 17:48:49 #4 type] 
Type domain.Mugimendua is not enhanced.

[2022-04-27 17:48:49 #5 type] 
Type domain.Kuota is not enhanced.

[2022-04-27 17:48:49 #6 type] 
Type domain.Question is not enhanced.

[2022-04-27 17:48:49 #7 type] 
Type domain.Event is not enhanced.

------------------------------------------------------------------------------------------------------------------------

[2022-04-27 17:51:37 #1 store] 
Database '/home/xairaur/eclipse-workspace1/Bets21.zip_expanded/Bets21/src/main/resources/bets.temp' is opened by 7069@gorria

[2022-04-27 17:51:37 #2 type] 
Type domain.Erabiltzailea is not enhanced.

[2022-04-27 17:51:37 #3 type] 
Type domain.Apustua is not enhanced.

[2022-04-27 17:51:37 #4 type] 
Type domain.Mugimendua is not enhanced.

[2022-04-27 17:51:37 #5 type] 
Type domain.Kuota is not enhanced.

[2022-04-27 17:51:37 #6 type] 
Type domain.Question is not enhanced.

[2022-04-27 17:51:37 #7 type] 
Type domain.Event is not enhanced.

------------------------------------------------------------------------------------------------------------------------

[2022-04-27 17:53:14 #1 store] 
Database '/home/xairaur/eclipse-workspace1/Bets21.zip_expanded/Bets21/src/main/resources/bets.temp' is opened by 7150@gorria

[2022-04-27 17:53:14 #2 type] 
Type domain.Erabiltzailea is not enhanced.

[2022-04-27 17:53:14 #3 type] 
Type domain.Apustua is not enhanced.

[2022-04-27 17:53:14 #4 type] 
Type domain.Mugimendua is not enhanced.

[2022-04-27 17:53:14 #5 type] 
Type domain.Kuota is not enhanced.

[2022-04-27 17:53:14 #6 type] 
Type domain.Question is not enhanced.

[2022-04-27 17:53:14 #7 type] 
Type domain.Event is not enhanced.

------------------------------------------------------------------------------------------------------------------------

[2022-04-27 17:54:17 #1 store] 
Database '/home/xairaur/eclipse-workspace1/Bets21.zip_expanded/Bets21/src/main/resources/bets.temp' is opened by 7216@gorria

[2022-04-27 17:54:17 #2 type] 
Type domain.Erabiltzailea is not enhanced.

[2022-04-27 17:54:17 #3 type] 
Type domain.Apustua is not enhanced.

[2022-04-27 17:54:17 #4 type] 
Type domain.Mugimendua is not enhanced.

[2022-04-27 17:54:17 #5 type] 
Type domain.Kuota is not enhanced.

[2022-04-27 17:54:17 #6 type] 
Type domain.Question is not enhanced.

[2022-04-27 17:54:17 #7 type] 
Type domain.Event is not enhanced.

------------------------------------------------------------------------------------------------------------------------

[2022-04-27 17:55:50 #1 store] 
Database '/home/xairaur/eclipse-workspace1/Bets21.zip_expanded/Bets21/src/main/resources/bets.temp' is opened by 7327@gorria

[2022-04-27 17:55:50 #2 type] 
Type domain.Erabiltzailea is not enhanced.

[2022-04-27 17:55:50 #3 type] 
Type domain.Apustua is not enhanced.

[2022-04-27 17:55:50 #4 type] 
Type domain.Mugimendua is not enhanced.

[2022-04-27 17:55:50 #5 type] 
Type domain.Kuota is not enhanced.

[2022-04-27 17:55:50 #6 type] 
Type domain.Question is not enhanced.

[2022-04-27 17:55:50 #7 type] 
Type domain.Event is not enhanced.

[2022-04-27 17:55:50 #8 type] 
Type domain.ApustuAnitza is not enhanced.

[2022-04-27 17:55:50 #9 type.registry] 
New type java.lang.String[]

------------------------------------------------------------------------------------------------------------------------

[2022-04-27 18:01:14 #1 store] 
Database '/home/xairaur/eclipse-workspace1/Bets21.zip_expanded/Bets21/src/main/resources/bets.temp' has been recovered (tr. 103-103)

[2022-04-27 18:01:14 #2 store] 
Database '/home/xairaur/eclipse-workspace1/Bets21.zip_expanded/Bets21/src/main/resources/bets.temp' is opened by 7494@gorria

[2022-04-27 18:01:14 #3 type] 
Type domain.Erabiltzailea is not enhanced.

[2022-04-27 18:01:14 #4 type] 
Type domain.Apustua is not enhanced.

[2022-04-27 18:01:14 #5 type] 
Type domain.Mugimendua is not enhanced.

[2022-04-27 18:01:14 #6 type] 
Type domain.Kuota is not enhanced.

[2022-04-27 18:01:14 #7 type] 
Type domain.Question is not enhanced.

[2022-04-27 18:01:14 #8 type] 
Type domain.Event is not enhanced.

[2022-04-27 18:01:14 #9 type] 
Type domain.ApustuAnitza is not enhanced.

------------------------------------------------------------------------------------------------------------------------

[2022-04-27 18:02:47 #1 store] 
Database '/home/xairaur/eclipse-workspace1/Bets21.zip_expanded/Bets21/src/main/resources/bets.temp' is opened by 7607@gorria

[2022-04-27 18:02:47 #2 type] 
Type domain.Erabiltzailea is not enhanced.

[2022-04-27 18:02:47 #3 type] 
Type domain.Apustua is not enhanced.

[2022-04-27 18:02:47 #4 type] 
Type domain.Mugimendua is not enhanced.

[2022-04-27 18:02:47 #5 type] 
Type domain.Kuota is not enhanced.

[2022-04-27 18:02:47 #6 type] 
Type domain.Question is not enhanced.

[2022-04-27 18:02:47 #7 type] 
Type domain.Event is not enhanced.

[2022-04-27 18:02:47 #8 type] 
Type domain.ApustuAnitza is not enhanced.

------------------------------------------------------------------------------------------------------------------------

[2022-04-27 18:21:51 #1 store] 
Database '/home/xairaur/eclipse-workspace1/Bets21.zip_expanded/Bets21/src/main/resources/bets.temp' is opened by 8894@gorria

[2022-04-27 18:21:51 #2 type] 
Type domain.Erabiltzailea is not enhanced.

[2022-04-27 18:21:51 #3 type] 
Type domain.Apustua is not enhanced.

[2022-04-27 18:21:51 #4 type] 
Type domain.Mugimendua is not enhanced.

[2022-04-27 18:21:51 #5 type] 
Type domain.Kuota is not enhanced.

[2022-04-27 18:21:51 #6 type] 
Type domain.Question is not enhanced.

[2022-04-27 18:21:51 #7 type] 
Type domain.Event is not enhanced.

[2022-04-27 18:21:51 #8 type] 
Type domain.ApustuAnitza is not enhanced.

------------------------------------------------------------------------------------------------------------------------

[2022-04-27 18:21:56 #1 store] 
Database '/home/xairaur/eclipse-workspace1/Bets21.zip_expanded/Bets21/src/main/resources/bets.temp' is opened by 8939@gorria

[2022-04-27 18:21:56 #2 type] 
Type domain.Erabiltzailea is not enhanced.

[2022-04-27 18:21:56 #3 type] 
Type domain.Apustua is not enhanced.

[2022-04-27 18:21:56 #4 type] 
Type domain.Mugimendua is not enhanced.

[2022-04-27 18:21:56 #5 type] 
Type domain.Kuota is not enhanced.

[2022-04-27 18:21:56 #6 type] 
Type domain.Question is not enhanced.

[2022-04-27 18:21:56 #7 type] 
Type domain.Event is not enhanced.

[2022-04-27 18:21:56 #8 type] 
Type domain.ApustuAnitza is not enhanced.

------------------------------------------------------------------------------------------------------------------------

[2022-04-27 18:25:14 #1 store] 
Database '/home/xairaur/eclipse-workspace1/Bets21.zip_expanded/Bets21/src/main/resources/bets.temp' has been recovered (tr. 104-104)

[2022-04-27 18:25:14 #2 store] 
Database '/home/xairaur/eclipse-workspace1/Bets21.zip_expanded/Bets21/src/main/resources/bets.temp' is opened by 9099@gorria

[2022-04-27 18:25:14 #3 type] 
Type domain.Erabiltzailea is not enhanced.

[2022-04-27 18:25:14 #4 type] 
Type domain.Apustua is not enhanced.

[2022-04-27 18:25:14 #5 type] 
Type domain.Mugimendua is not enhanced.

[2022-04-27 18:25:14 #6 type] 
Type domain.Kuota is not enhanced.

[2022-04-27 18:25:14 #7 type] 
Type domain.Question is not enhanced.

[2022-04-27 18:25:14 #8 type] 
Type domain.Event is not enhanced.

[2022-04-27 18:25:14 #9 type] 
Type domain.ApustuAnitza is not enhanced.

------------------------------------------------------------------------------------------------------------------------

[2022-04-27 18:26:01 #1 store] 
Database '/home/xairaur/eclipse-workspace1/Bets21.zip_expanded/Bets21/src/main/resources/bets.temp' has been recovered (tr. 105-105)

[2022-04-27 18:26:01 #2 store] 
Database '/home/xairaur/eclipse-workspace1/Bets21.zip_expanded/Bets21/src/main/resources/bets.temp' is opened by 9167@gorria

[2022-04-27 18:26:02 #3 type] 
Type domain.Erabiltzailea is not enhanced.

[2022-04-27 18:26:02 #4 type] 
Type domain.Apustua is not enhanced.

[2022-04-27 18:26:02 #5 type] 
Type domain.Mugimendua is not enhanced.

[2022-04-27 18:26:02 #6 type] 
Type domain.Kuota is not enhanced.

[2022-04-27 18:26:02 #7 type] 
Type domain.Question is not enhanced.

[2022-04-27 18:26:02 #8 type] 
Type domain.Event is not enhanced.

[2022-04-27 18:26:02 #9 type] 
Type domain.ApustuAnitza is not enhanced.

------------------------------------------------------------------------------------------------------------------------

[2022-04-27 18:28:16 #1 store] 
Database '/home/xairaur/eclipse-workspace1/Bets21.zip_expanded/Bets21/src/main/resources/bets.temp' is opened by 9314@gorria

[2022-04-27 18:28:16 #2 type.registry] 
New type domain.Erabiltzailea

[2022-04-27 18:28:16 #3 type] 
Type domain.Erabiltzailea is not enhanced.

[2022-04-27 18:28:16 #4 type.registry] 
New type domain.Apustua

[2022-04-27 18:28:16 #5 type.registry] 
New type java.util.Vector<domain.Apustua>

[2022-04-27 18:28:16 #6 type.registry] 
New type domain.Mugimendua

[2022-04-27 18:28:16 #7 type.registry] 
New type java.util.Vector<domain.Mugimendua>

[2022-04-27 18:28:16 #8 type.registry] 
New type java.util.Vector<java.lang.Integer>

[2022-04-27 18:28:16 #9 type] 
Type domain.Apustua is not enhanced.

[2022-04-27 18:28:16 #10 type.registry] 
New type domain.Kuota

[2022-04-27 18:28:16 #11 type.registry] 
New type domain.ApustuAnitza

[2022-04-27 18:28:16 #12 type] 
Type domain.Mugimendua is not enhanced.

[2022-04-27 18:28:16 #13 type] 
Type domain.Kuota is not enhanced.

[2022-04-27 18:28:16 #14 type.registry] 
New type java.util.Vector<domain.ApustuAnitza>

[2022-04-27 18:28:16 #15 type.registry] 
New type domain.Question

[2022-04-27 18:28:16 #16 type] 
Type domain.ApustuAnitza is not enhanced.

[2022-04-27 18:28:16 #17 type.registry] 
New type java.lang.String[]

[2022-04-27 18:28:16 #18 type] 
Type domain.Question is not enhanced.

[2022-04-27 18:28:16 #19 type.registry] 
New type java.util.Vector<domain.Kuota>

[2022-04-27 18:28:16 #20 type.registry] 
New type domain.Event

[2022-04-27 18:28:16 #21 type] 
Type domain.Event is not enhanced.

[2022-04-27 18:28:16 #22 type.registry] 
New type java.util.Vector<domain.Question>

[2022-04-27 18:28:16 #23 type.registry] 
New type java.util.Vector<java.lang.Object>

------------------------------------------------------------------------------------------------------------------------

[2022-04-27 18:33:52 #1 store] 
Database '/home/xairaur/eclipse-workspace1/Bets21.zip_expanded/Bets21/src/main/resources/bets.temp' is opened by 9511@gorria

[2022-04-27 18:33:52 #2 type.registry] 
New type domain.Erabiltzailea

[2022-04-27 18:33:52 #3 type] 
Type domain.Erabiltzailea is not enhanced.

[2022-04-27 18:33:52 #4 type.registry] 
New type domain.Apustua

[2022-04-27 18:33:52 #5 type.registry] 
New type java.util.Vector<domain.Apustua>

[2022-04-27 18:33:52 #6 type.registry] 
New type domain.Mugimendua

[2022-04-27 18:33:52 #7 type.registry] 
New type java.util.Vector<domain.Mugimendua>

[2022-04-27 18:33:52 #8 type.registry] 
New type java.util.Vector<java.lang.Integer>

[2022-04-27 18:33:52 #9 type] 
Type domain.Apustua is not enhanced.

[2022-04-27 18:33:52 #10 type.registry] 
New type domain.Kuota

[2022-04-27 18:33:52 #11 type.registry] 
New type domain.ApustuAnitza

[2022-04-27 18:33:52 #12 type] 
Type domain.Mugimendua is not enhanced.

[2022-04-27 18:33:52 #13 type] 
Type domain.Kuota is not enhanced.

[2022-04-27 18:33:52 #14 type.registry] 
New type java.util.Vector<domain.ApustuAnitza>

[2022-04-27 18:33:52 #15 type.registry] 
New type domain.Question

[2022-04-27 18:33:52 #16 type] 
Type domain.ApustuAnitza is not enhanced.

[2022-04-27 18:33:52 #17 type.registry] 
New type java.lang.String[]

[2022-04-27 18:33:52 #18 type] 
Type domain.Question is not enhanced.

[2022-04-27 18:33:52 #19 type.registry] 
New type java.util.Vector<domain.Kuota>

[2022-04-27 18:33:52 #20 type.registry] 
New type domain.Event

[2022-04-27 18:33:52 #21 type] 
Type domain.Event is not enhanced.

[2022-04-27 18:33:52 #22 type.registry] 
New type java.util.Vector<domain.Question>

[2022-04-27 18:33:52 #23 type.registry] 
New type java.util.Vector<java.lang.Object>

------------------------------------------------------------------------------------------------------------------------

[2022-04-27 19:58:21 #1 store] 
Database '/home/xairaur/eclipse-workspace1/Bets21.zip_expanded/Bets21/src/main/resources/bets.temp' is opened by 10945@gorria

[2022-04-27 19:58:21 #2 type.registry] 
New type domain.Erabiltzailea

[2022-04-27 19:58:21 #3 type] 
Type domain.Erabiltzailea is not enhanced.

[2022-04-27 19:58:21 #4 type.registry] 
New type domain.Apustua

[2022-04-27 19:58:21 #5 type.registry] 
New type java.util.Vector<domain.Apustua>

[2022-04-27 19:58:21 #6 type.registry] 
New type domain.Mugimendua

[2022-04-27 19:58:21 #7 type.registry] 
New type java.util.Vector<domain.Mugimendua>

[2022-04-27 19:58:21 #8 type.registry] 
New type java.util.Vector<java.lang.Integer>

[2022-04-27 19:58:21 #9 type] 
Type domain.Apustua is not enhanced.

[2022-04-27 19:58:21 #10 type.registry] 
New type domain.Kuota

[2022-04-27 19:58:21 #11 type.registry] 
New type domain.ApustuAnitza

[2022-04-27 19:58:21 #12 type] 
Type domain.Mugimendua is not enhanced.

[2022-04-27 19:58:21 #13 type] 
Type domain.Kuota is not enhanced.

[2022-04-27 19:58:21 #14 type.registry] 
New type java.util.Vector<domain.ApustuAnitza>

[2022-04-27 19:58:21 #15 type.registry] 
New type domain.Question

[2022-04-27 19:58:21 #16 type] 
Type domain.ApustuAnitza is not enhanced.

[2022-04-27 19:58:21 #17 type.registry] 
New type java.lang.String[]

[2022-04-27 19:58:21 #18 type] 
Type domain.Question is not enhanced.

[2022-04-27 19:58:21 #19 type.registry] 
New type java.util.Vector<domain.Kuota>

[2022-04-27 19:58:21 #20 type.registry] 
New type domain.Event

[2022-04-27 19:58:21 #21 type] 
Type domain.Event is not enhanced.

[2022-04-27 19:58:21 #22 type.registry] 
New type java.util.Vector<domain.Question>

[2022-04-27 19:58:21 #23 type.registry] 
New type java.util.Vector<java.lang.Object>

------------------------------------------------------------------------------------------------------------------------

[2022-04-27 20:03:17 #1 store] 
Database '/home/xairaur/eclipse-workspace1/Bets21.zip_expanded/Bets21/src/main/resources/bets.temp' is opened by 11179@gorria

[2022-04-27 20:03:17 #2 type.registry] 
New type domain.Erabiltzailea

[2022-04-27 20:03:17 #3 type] 
Type domain.Erabiltzailea is not enhanced.

[2022-04-27 20:03:17 #4 type.registry] 
New type domain.Apustua

[2022-04-27 20:03:17 #5 type.registry] 
New type java.util.Vector<domain.Apustua>

[2022-04-27 20:03:17 #6 type.registry] 
New type domain.Mugimendua

[2022-04-27 20:03:17 #7 type.registry] 
New type java.util.Vector<domain.Mugimendua>

[2022-04-27 20:03:17 #8 type.registry] 
New type java.util.Vector<java.lang.Integer>

[2022-04-27 20:03:17 #9 type] 
Type domain.Apustua is not enhanced.

[2022-04-27 20:03:17 #10 type.registry] 
New type domain.Kuota

[2022-04-27 20:03:17 #11 type.registry] 
New type domain.ApustuAnitza

[2022-04-27 20:03:17 #12 type] 
Type domain.Mugimendua is not enhanced.

[2022-04-27 20:03:17 #13 type] 
Type domain.Kuota is not enhanced.

[2022-04-27 20:03:17 #14 type.registry] 
New type java.util.Vector<domain.ApustuAnitza>

[2022-04-27 20:03:17 #15 type.registry] 
New type domain.Question

[2022-04-27 20:03:17 #16 type] 
Type domain.ApustuAnitza is not enhanced.

[2022-04-27 20:03:17 #17 type.registry] 
New type java.lang.String[]

[2022-04-27 20:03:17 #18 type] 
Type domain.Question is not enhanced.

[2022-04-27 20:03:17 #19 type.registry] 
New type java.util.Vector<domain.Kuota>

[2022-04-27 20:03:17 #20 type.registry] 
New type domain.Event

[2022-04-27 20:03:17 #21 type] 
Type domain.Event is not enhanced.

[2022-04-27 20:03:17 #22 type.registry] 
New type java.util.Vector<domain.Question>

[2022-04-27 20:03:17 #23 type.registry] 
New type java.util.Vector<java.lang.Object>

------------------------------------------------------------------------------------------------------------------------

[2022-04-27 20:03:31 #1 store] 
Database '/home/xairaur/eclipse-workspace1/Bets21.zip_expanded/Bets21/src/main/resources/bets.temp' has been recovered (tr. 1-5)

[2022-04-27 20:03:31 #2 store] 
Database '/home/xairaur/eclipse-workspace1/Bets21.zip_expanded/Bets21/src/main/resources/bets.temp' is opened by 11237@gorria

[2022-04-27 20:03:31 #3 type] 
Type domain.Erabiltzailea is not enhanced.

[2022-04-27 20:03:31 #4 type] 
Type domain.Apustua is not enhanced.

[2022-04-27 20:03:31 #5 type] 
Type domain.Mugimendua is not enhanced.

[2022-04-27 20:03:31 #6 type] 
Type domain.Kuota is not enhanced.

[2022-04-27 20:03:31 #7 type] 
Type domain.ApustuAnitza is not enhanced.

[2022-04-27 20:03:31 #8 type] 
Type domain.Question is not enhanced.

[2022-04-27 20:03:31 #9 type] 
Type domain.Event is not enhanced.

------------------------------------------------------------------------------------------------------------------------

[2022-04-27 20:05:51 #1 store] 
Database '/home/xairaur/eclipse-workspace1/Bets21.zip_expanded/Bets21/src/main/resources/bets.temp' is opened by 11412@gorria

[2022-04-27 20:05:51 #2 type] 
Type domain.Erabiltzailea is not enhanced.

[2022-04-27 20:05:51 #3 type] 
Type domain.Apustua is not enhanced.

[2022-04-27 20:05:51 #4 type] 
Type domain.Mugimendua is not enhanced.

[2022-04-27 20:05:51 #5 type] 
Type domain.Kuota is not enhanced.

[2022-04-27 20:05:51 #6 type] 
Type domain.ApustuAnitza is not enhanced.

[2022-04-27 20:05:51 #7 type] 
Type domain.Question is not enhanced.

[2022-04-27 20:05:51 #8 type] 
Type domain.Event is not enhanced.

------------------------------------------------------------------------------------------------------------------------

[2022-04-27 20:07:32 #1 store] 
Database '/home/xairaur/eclipse-workspace1/Bets21.zip_expanded/Bets21/src/main/resources/bets.temp' is opened by 11613@gorria

[2022-04-27 20:07:32 #2 type] 
Type domain.Erabiltzailea is not enhanced.

[2022-04-27 20:07:32 #3 type] 
Type domain.Apustua is not enhanced.

[2022-04-27 20:07:32 #4 type] 
Type domain.Mugimendua is not enhanced.

[2022-04-27 20:07:32 #5 type] 
Type domain.Kuota is not enhanced.

[2022-04-27 20:07:32 #6 type] 
Type domain.ApustuAnitza is not enhanced.

[2022-04-27 20:07:32 #7 type] 
Type domain.Question is not enhanced.

[2022-04-27 20:07:32 #8 type] 
Type domain.Event is not enhanced.

------------------------------------------------------------------------------------------------------------------------

[2022-04-27 20:55:54 #1 store] 
Database '/home/xairaur/eclipse-workspace1/Bets21.zip_expanded/Bets21/src/main/resources/bets.temp' is opened by 12846@gorria

[2022-04-27 20:55:54 #2 type] 
Type domain.Erabiltzailea is not enhanced.

[2022-04-27 20:55:54 #3 type] 
Type domain.Apustua is not enhanced.

[2022-04-27 20:55:54 #4 type] 
Type domain.Mugimendua is not enhanced.

[2022-04-27 20:55:54 #5 type] 
Type domain.Kuota is not enhanced.

[2022-04-27 20:55:54 #6 type] 
Type domain.ApustuAnitza is not enhanced.

[2022-04-27 20:55:54 #7 type] 
Type domain.Question is not enhanced.

[2022-04-27 20:55:54 #8 type] 
Type domain.Event is not enhanced.

------------------------------------------------------------------------------------------------------------------------

[2022-04-27 20:56:39 #1 store] 
Database '/home/xairaur/eclipse-workspace1/Bets21.zip_expanded/Bets21/src/main/resources/bets.temp' has been recovered (tr. 11-14)

[2022-04-27 20:56:39 #2 store] 
Database '/home/xairaur/eclipse-workspace1/Bets21.zip_expanded/Bets21/src/main/resources/bets.temp' is opened by 12907@gorria

[2022-04-27 20:56:39 #3 type] 
Type domain.Erabiltzailea is not enhanced.

[2022-04-27 20:56:39 #4 type] 
Type domain.Apustua is not enhanced.

[2022-04-27 20:56:39 #5 type] 
Type domain.Mugimendua is not enhanced.

[2022-04-27 20:56:39 #6 type] 
Type domain.Kuota is not enhanced.

[2022-04-27 20:56:39 #7 type] 
Type domain.ApustuAnitza is not enhanced.

[2022-04-27 20:56:39 #8 type] 
Type domain.Question is not enhanced.

[2022-04-27 20:56:39 #9 type] 
Type domain.Event is not enhanced.

------------------------------------------------------------------------------------------------------------------------

[2022-04-27 21:08:39 #1 store] 
Database '/home/xairaur/eclipse-workspace1/Bets21.zip_expanded/Bets21/src/main/resources/bets.temp' is opened by 13570@gorria

[2022-04-27 21:08:39 #2 type] 
Type domain.Erabiltzailea is not enhanced.

[2022-04-27 21:08:39 #3 type] 
Type domain.Apustua is not enhanced.

[2022-04-27 21:08:39 #4 type] 
Type domain.Mugimendua is not enhanced.

[2022-04-27 21:08:39 #5 type] 
Type domain.Kuota is not enhanced.

[2022-04-27 21:08:39 #6 type] 
Type domain.ApustuAnitza is not enhanced.

[2022-04-27 21:08:39 #7 type] 
Type domain.Question is not enhanced.

[2022-04-27 21:08:39 #8 type] 
Type domain.Event is not enhanced.

------------------------------------------------------------------------------------------------------------------------

[2022-04-27 21:09:09 #1 store] 
Database '/home/xairaur/eclipse-workspace1/Bets21.zip_expanded/Bets21/src/main/resources/bets.temp' is opened by 13633@gorria

[2022-04-27 21:09:09 #2 type.registry] 
New type domain.Erabiltzailea

[2022-04-27 21:09:09 #3 type] 
Type domain.Erabiltzailea is not enhanced.

[2022-04-27 21:09:09 #4 type.registry] 
New type domain.Apustua

[2022-04-27 21:09:09 #5 type.registry] 
New type java.util.Vector<domain.Apustua>

[2022-04-27 21:09:09 #6 type.registry] 
New type domain.Mugimendua

[2022-04-27 21:09:09 #7 type.registry] 
New type java.util.Vector<domain.Mugimendua>

[2022-04-27 21:09:09 #8 type.registry] 
New type java.util.Vector<java.lang.Integer>

[2022-04-27 21:09:09 #9 type] 
Type domain.Apustua is not enhanced.

[2022-04-27 21:09:09 #10 type.registry] 
New type domain.Kuota

[2022-04-27 21:09:09 #11 type.registry] 
New type domain.ApustuAnitza

[2022-04-27 21:09:09 #12 type] 
Type domain.Mugimendua is not enhanced.

[2022-04-27 21:09:09 #13 type] 
Type domain.Kuota is not enhanced.

[2022-04-27 21:09:09 #14 type.registry] 
New type java.util.Vector<domain.ApustuAnitza>

[2022-04-27 21:09:09 #15 type.registry] 
New type domain.Question

[2022-04-27 21:09:09 #16 type] 
Type domain.ApustuAnitza is not enhanced.

[2022-04-27 21:09:09 #17 type] 
Type domain.Question is not enhanced.

[2022-04-27 21:09:09 #18 type.registry] 
New type java.util.Vector<domain.Kuota>

[2022-04-27 21:09:09 #19 type.registry] 
New type domain.Event

[2022-04-27 21:09:09 #20 type] 
Type domain.Event is not enhanced.

[2022-04-27 21:09:09 #21 type.registry] 
New type java.util.Vector<domain.Question>

[2022-04-27 21:09:09 #22 type.registry] 
New type java.util.Vector<java.lang.Object>

------------------------------------------------------------------------------------------------------------------------

[2022-04-27 21:12:00 #1 store] 
Database '/home/xairaur/eclipse-workspace1/Bets21.zip_expanded/Bets21/src/main/resources/bets.temp' is opened by 13764@gorria

[2022-04-27 21:12:00 #2 type.registry] 
New type domain.Erabiltzailea

[2022-04-27 21:12:00 #3 type] 
Type domain.Erabiltzailea is not enhanced.

[2022-04-27 21:12:00 #4 type.registry] 
New type domain.Apustua

[2022-04-27 21:12:00 #5 type.registry] 
New type java.util.Vector<domain.Apustua>

[2022-04-27 21:12:00 #6 type.registry] 
New type domain.Mugimendua

[2022-04-27 21:12:00 #7 type.registry] 
New type java.util.Vector<domain.Mugimendua>

[2022-04-27 21:12:00 #8 type.registry] 
New type java.util.Vector<java.lang.Integer>

[2022-04-27 21:12:00 #9 type] 
Type domain.Apustua is not enhanced.

[2022-04-27 21:12:00 #10 type.registry] 
New type domain.Kuota

[2022-04-27 21:12:00 #11 type.registry] 
New type domain.ApustuAnitza

[2022-04-27 21:12:00 #12 type] 
Type domain.Mugimendua is not enhanced.

[2022-04-27 21:12:00 #13 type] 
Type domain.Kuota is not enhanced.

[2022-04-27 21:12:00 #14 type.registry] 
New type java.util.Vector<domain.ApustuAnitza>

[2022-04-27 21:12:00 #15 type.registry] 
New type domain.Question

[2022-04-27 21:12:00 #16 type] 
Type domain.ApustuAnitza is not enhanced.

[2022-04-27 21:12:00 #17 type] 
Type domain.Question is not enhanced.

[2022-04-27 21:12:00 #18 type.registry] 
New type java.util.Vector<domain.Kuota>

[2022-04-27 21:12:00 #19 type.registry] 
New type domain.Event

[2022-04-27 21:12:00 #20 type] 
Type domain.Event is not enhanced.

[2022-04-27 21:12:00 #21 type.registry] 
New type java.util.Vector<domain.Question>

[2022-04-27 21:12:00 #22 type.registry] 
New type java.util.Vector<java.lang.Object>

------------------------------------------------------------------------------------------------------------------------

[2022-04-27 21:12:17 #1 store] 
Database '/home/xairaur/eclipse-workspace1/Bets21.zip_expanded/Bets21/src/main/resources/bets.temp' has been recovered (tr. 1-5)

[2022-04-27 21:12:17 #2 store] 
Database '/home/xairaur/eclipse-workspace1/Bets21.zip_expanded/Bets21/src/main/resources/bets.temp' is opened by 13814@gorria

[2022-04-27 21:12:17 #3 type] 
Type domain.Erabiltzailea is not enhanced.

[2022-04-27 21:12:17 #4 type] 
Type domain.Apustua is not enhanced.

[2022-04-27 21:12:17 #5 type] 
Type domain.Mugimendua is not enhanced.

[2022-04-27 21:12:17 #6 type] 
Type domain.Kuota is not enhanced.

[2022-04-27 21:12:17 #7 type] 
Type domain.ApustuAnitza is not enhanced.

[2022-04-27 21:12:17 #8 type] 
Type domain.Question is not enhanced.

[2022-04-27 21:12:17 #9 type] 
Type domain.Event is not enhanced.

------------------------------------------------------------------------------------------------------------------------

[2022-04-27 21:29:48 #1 store] 
Database '/home/xairaur/eclipse-workspace1/Bets21.zip_expanded/Bets21/src/main/resources/bets.temp' is opened by 16368@gorria

[2022-04-27 21:29:48 #2 type] 
Type domain.Erabiltzailea is not enhanced.

[2022-04-27 21:29:48 #3 type] 
Type domain.Apustua is not enhanced.

[2022-04-27 21:29:48 #4 type] 
Type domain.Mugimendua is not enhanced.

[2022-04-27 21:29:48 #5 type] 
Type domain.Kuota is not enhanced.

[2022-04-27 21:29:48 #6 type] 
Type domain.ApustuAnitza is not enhanced.

[2022-04-27 21:29:48 #7 type] 
Type domain.Question is not enhanced.

[2022-04-27 21:29:48 #8 type] 
Type domain.Event is not enhanced.

[2022-04-27 21:30:33 #9 *] 
com.objectdb.o.UserException: Optimistic lock failed for object domain.ApustuAnitza#41 (object has version 3 instead of 1)
	at com.objectdb.o.MSG.d(MSG.java:62)
	at com.objectdb.o.OBM.bW(OBM.java:1179)
	at com.objectdb.o.OBM.bO(OBM.java:875)
	at com.objectdb.o.OBM.bN(OBM.java:787)
	at com.objectdb.o.QRR.f(QRR.java:139)
	at com.objectdb.jpa.JpaQuery.executeUpdate(JpaQuery.java:779)
	at dataAccess.DataAccess.gertaeraEzabatu(DataAccess.java:502)
	at businessLogic.BLFacadeImplementation.gertaeraEzabatu(BLFacadeImplementation.java:207)
	at gui.GertaeraEzabatuGUI$2.actionPerformed(GertaeraEzabatuGUI.java:207)
	at java.desktop/javax.swing.AbstractButton.fireActionPerformed(AbstractButton.java:1967)
	at java.desktop/javax.swing.AbstractButton$Handler.actionPerformed(AbstractButton.java:2308)
	at java.desktop/javax.swing.DefaultButtonModel.fireActionPerformed(DefaultButtonModel.java:405)
	at java.desktop/javax.swing.DefaultButtonModel.setPressed(DefaultButtonModel.java:262)
	at java.desktop/javax.swing.plaf.basic.BasicButtonListener.mouseReleased(BasicButtonListener.java:279)
	at java.desktop/java.awt.Component.processMouseEvent(Component.java:6635)
	at java.desktop/javax.swing.JComponent.processMouseEvent(JComponent.java:3342)
	at java.desktop/java.awt.Component.processEvent(Component.java:6400)
	at java.desktop/java.awt.Container.processEvent(Container.java:2263)
	at java.desktop/java.awt.Component.dispatchEventImpl(Component.java:5011)
	at java.desktop/java.awt.Container.dispatchEventImpl(Container.java:2321)
	at java.desktop/java.awt.Component.dispatchEvent(Component.java:4843)
	at java.desktop/java.awt.LightweightDispatcher.retargetMouseEvent(Container.java:4918)
	at java.desktop/java.awt.LightweightDispatcher.processMouseEvent(Container.java:4547)
	at java.desktop/java.awt.LightweightDispatcher.dispatchEvent(Container.java:4488)
	at java.desktop/java.awt.Container.dispatchEventImpl(Container.java:2307)
	at java.desktop/java.awt.Window.dispatchEventImpl(Window.java:2772)
	at java.desktop/java.awt.Component.dispatchEvent(Component.java:4843)
	at java.desktop/java.awt.EventQueue.dispatchEventImpl(EventQueue.java:772)
	at java.desktop/java.awt.EventQueue$4.run(EventQueue.java:721)
	at java.desktop/java.awt.EventQueue$4.run(EventQueue.java:715)
	at java.base/java.security.AccessController.doPrivileged(Native Method)
	at java.base/java.security.ProtectionDomain$JavaSecurityAccessImpl.doIntersectionPrivilege(ProtectionDomain.java:85)
	at java.base/java.security.ProtectionDomain$JavaSecurityAccessImpl.doIntersectionPrivilege(ProtectionDomain.java:95)
	at java.desktop/java.awt.EventQueue$5.run(EventQueue.java:745)
	at java.desktop/java.awt.EventQueue$5.run(EventQueue.java:743)
	at java.base/java.security.AccessController.doPrivileged(Native Method)
	at java.base/java.security.ProtectionDomain$JavaSecurityAccessImpl.doIntersectionPrivilege(ProtectionDomain.java:85)
	at java.desktop/java.awt.EventQueue.dispatchEvent(EventQueue.java:742)
	at java.desktop/java.awt.EventDispatchThread.pumpOneEventForFilters(EventDispatchThread.java:203)
	at java.desktop/java.awt.EventDispatchThread.pumpEventsForFilter(EventDispatchThread.java:124)
	at java.desktop/java.awt.EventDispatchThread.pumpEventsForHierarchy(EventDispatchThread.java:113)
	at java.desktop/java.awt.EventDispatchThread.pumpEvents(EventDispatchThread.java:109)
	at java.desktop/java.awt.EventDispatchThread.pumpEvents(EventDispatchThread.java:101)
	at java.desktop/java.awt.EventDispatchThread.run(EventDispatchThread.java:90)

[2022-04-27 21:30:33 #10 *] 
com.objectdb.o.UserException: Optimistic lock failed for object domain.ApustuAnitza#41 (object has version 3 instead of 1)
	at com.objectdb.o.MSG.d(MSG.java:62)
	at com.objectdb.o.OBM.bW(OBM.java:1179)
	at com.objectdb.o.OBM.bO(OBM.java:875)
	at com.objectdb.o.OBM.bN(OBM.java:787)
	at com.objectdb.o.QRR.f(QRR.java:139)
	at com.objectdb.jpa.JpaQuery.executeUpdate(JpaQuery.java:779)
	at dataAccess.DataAccess.gertaeraEzabatu(DataAccess.java:506)
	at businessLogic.BLFacadeImplementation.gertaeraEzabatu(BLFacadeImplementation.java:207)
	at gui.GertaeraEzabatuGUI$2.actionPerformed(GertaeraEzabatuGUI.java:207)
	at java.desktop/javax.swing.AbstractButton.fireActionPerformed(AbstractButton.java:1967)
	at java.desktop/javax.swing.AbstractButton$Handler.actionPerformed(AbstractButton.java:2308)
	at java.desktop/javax.swing.DefaultButtonModel.fireActionPerformed(DefaultButtonModel.java:405)
	at java.desktop/javax.swing.DefaultButtonModel.setPressed(DefaultButtonModel.java:262)
	at java.desktop/javax.swing.plaf.basic.BasicButtonListener.mouseReleased(BasicButtonListener.java:279)
	at java.desktop/java.awt.Component.processMouseEvent(Component.java:6635)
	at java.desktop/javax.swing.JComponent.processMouseEvent(JComponent.java:3342)
	at java.desktop/java.awt.Component.processEvent(Component.java:6400)
	at java.desktop/java.awt.Container.processEvent(Container.java:2263)
	at java.desktop/java.awt.Component.dispatchEventImpl(Component.java:5011)
	at java.desktop/java.awt.Container.dispatchEventImpl(Container.java:2321)
	at java.desktop/java.awt.Component.dispatchEvent(Component.java:4843)
	at java.desktop/java.awt.LightweightDispatcher.retargetMouseEvent(Container.java:4918)
	at java.desktop/java.awt.LightweightDispatcher.processMouseEvent(Container.java:4547)
	at java.desktop/java.awt.LightweightDispatcher.dispatchEvent(Container.java:4488)
	at java.desktop/java.awt.Container.dispatchEventImpl(Container.java:2307)
	at java.desktop/java.awt.Window.dispatchEventImpl(Window.java:2772)
	at java.desktop/java.awt.Component.dispatchEvent(Component.java:4843)
	at java.desktop/java.awt.EventQueue.dispatchEventImpl(EventQueue.java:772)
	at java.desktop/java.awt.EventQueue$4.run(EventQueue.java:721)
	at java.desktop/java.awt.EventQueue$4.run(EventQueue.java:715)
	at java.base/java.security.AccessController.doPrivileged(Native Method)
	at java.base/java.security.ProtectionDomain$JavaSecurityAccessImpl.doIntersectionPrivilege(ProtectionDomain.java:85)
	at java.base/java.security.ProtectionDomain$JavaSecurityAccessImpl.doIntersectionPrivilege(ProtectionDomain.java:95)
	at java.desktop/java.awt.EventQueue$5.run(EventQueue.java:745)
	at java.desktop/java.awt.EventQueue$5.run(EventQueue.java:743)
	at java.base/java.security.AccessController.doPrivileged(Native Method)
	at java.base/java.security.ProtectionDomain$JavaSecurityAccessImpl.doIntersectionPrivilege(ProtectionDomain.java:85)
	at java.desktop/java.awt.EventQueue.dispatchEvent(EventQueue.java:742)
	at java.desktop/java.awt.EventDispatchThread.pumpOneEventForFilters(EventDispatchThread.java:203)
	at java.desktop/java.awt.EventDispatchThread.pumpEventsForFilter(EventDispatchThread.java:124)
	at java.desktop/java.awt.EventDispatchThread.pumpEventsForHierarchy(EventDispatchThread.java:113)
	at java.desktop/java.awt.EventDispatchThread.pumpEvents(EventDispatchThread.java:109)
	at java.desktop/java.awt.EventDispatchThread.pumpEvents(EventDispatchThread.java:101)
	at java.desktop/java.awt.EventDispatchThread.run(EventDispatchThread.java:90)

[2022-04-27 21:30:33 #11 *] 
com.objectdb.o.UserException: Optimistic lock failed for object domain.ApustuAnitza#41 (object has version 3 instead of 1)
	at com.objectdb.o.MSG.d(MSG.java:62)
	at com.objectdb.o.OBM.bW(OBM.java:1179)
	at com.objectdb.o.OBM.bO(OBM.java:875)
	at com.objectdb.o.OBM.bN(OBM.java:787)
	at com.objectdb.o.QRR.f(QRR.java:139)
	at com.objectdb.jpa.JpaQuery.executeUpdate(JpaQuery.java:779)
	at dataAccess.DataAccess.gertaeraEzabatu(DataAccess.java:506)
	at businessLogic.BLFacadeImplementation.gertaeraEzabatu(BLFacadeImplementation.java:207)
	at gui.GertaeraEzabatuGUI$2.actionPerformed(GertaeraEzabatuGUI.java:207)
	at java.desktop/javax.swing.AbstractButton.fireActionPerformed(AbstractButton.java:1967)
	at java.desktop/javax.swing.AbstractButton$Handler.actionPerformed(AbstractButton.java:2308)
	at java.desktop/javax.swing.DefaultButtonModel.fireActionPerformed(DefaultButtonModel.java:405)
	at java.desktop/javax.swing.DefaultButtonModel.setPressed(DefaultButtonModel.java:262)
	at java.desktop/javax.swing.plaf.basic.BasicButtonListener.mouseReleased(BasicButtonListener.java:279)
	at java.desktop/java.awt.Component.processMouseEvent(Component.java:6635)
	at java.desktop/javax.swing.JComponent.processMouseEvent(JComponent.java:3342)
	at java.desktop/java.awt.Component.processEvent(Component.java:6400)
	at java.desktop/java.awt.Container.processEvent(Container.java:2263)
	at java.desktop/java.awt.Component.dispatchEventImpl(Component.java:5011)
	at java.desktop/java.awt.Container.dispatchEventImpl(Container.java:2321)
	at java.desktop/java.awt.Component.dispatchEvent(Component.java:4843)
	at java.desktop/java.awt.LightweightDispatcher.retargetMouseEvent(Container.java:4918)
	at java.desktop/java.awt.LightweightDispatcher.processMouseEvent(Container.java:4547)
	at java.desktop/java.awt.LightweightDispatcher.dispatchEvent(Container.java:4488)
	at java.desktop/java.awt.Container.dispatchEventImpl(Container.java:2307)
	at java.desktop/java.awt.Window.dispatchEventImpl(Window.java:2772)
	at java.desktop/java.awt.Component.dispatchEvent(Component.java:4843)
	at java.desktop/java.awt.EventQueue.dispatchEventImpl(EventQueue.java:772)
	at java.desktop/java.awt.EventQueue$4.run(EventQueue.java:721)
	at java.desktop/java.awt.EventQueue$4.run(EventQueue.java:715)
	at java.base/java.security.AccessController.doPrivileged(Native Method)
	at java.base/java.security.ProtectionDomain$JavaSecurityAccessImpl.doIntersectionPrivilege(ProtectionDomain.java:85)
	at java.base/java.security.ProtectionDomain$JavaSecurityAccessImpl.doIntersectionPrivilege(ProtectionDomain.java:95)
	at java.desktop/java.awt.EventQueue$5.run(EventQueue.java:745)
	at java.desktop/java.awt.EventQueue$5.run(EventQueue.java:743)
	at java.base/java.security.AccessController.doPrivileged(Native Method)
	at java.base/java.security.ProtectionDomain$JavaSecurityAccessImpl.doIntersectionPrivilege(ProtectionDomain.java:85)
	at java.desktop/java.awt.EventQueue.dispatchEvent(EventQueue.java:742)
	at java.desktop/java.awt.EventDispatchThread.pumpOneEventForFilters(EventDispatchThread.java:203)
	at java.desktop/java.awt.EventDispatchThread.pumpEventsForFilter(EventDispatchThread.java:124)
	at java.desktop/java.awt.EventDispatchThread.pumpEventsForHierarchy(EventDispatchThread.java:113)
	at java.desktop/java.awt.EventDispatchThread.pumpEvents(EventDispatchThread.java:109)
	at java.desktop/java.awt.EventDispatchThread.pumpEvents(EventDispatchThread.java:101)
	at java.desktop/java.awt.EventDispatchThread.run(EventDispatchThread.java:90)

[2022-04-27 21:30:33 #12 *] 
com.objectdb.o.UserException: Optimistic lock failed for object domain.ApustuAnitza#41 (object has version 3 instead of 1)
	at com.objectdb.o.MSG.d(MSG.java:62)
	at com.objectdb.o.OBM.bW(OBM.java:1179)
	at com.objectdb.o.OBM.bO(OBM.java:875)
	at com.objectdb.o.OBM.bN(OBM.java:787)
	at com.objectdb.o.QRR.f(QRR.java:139)
	at com.objectdb.jpa.JpaQuery.executeUpdate(JpaQuery.java:779)
	at dataAccess.DataAccess.gertaeraEzabatu(DataAccess.java:510)
	at businessLogic.BLFacadeImplementation.gertaeraEzabatu(BLFacadeImplementation.java:207)
	at gui.GertaeraEzabatuGUI$2.actionPerformed(GertaeraEzabatuGUI.java:207)
	at java.desktop/javax.swing.AbstractButton.fireActionPerformed(AbstractButton.java:1967)
	at java.desktop/javax.swing.AbstractButton$Handler.actionPerformed(AbstractButton.java:2308)
	at java.desktop/javax.swing.DefaultButtonModel.fireActionPerformed(DefaultButtonModel.java:405)
	at java.desktop/javax.swing.DefaultButtonModel.setPressed(DefaultButtonModel.java:262)
	at java.desktop/javax.swing.plaf.basic.BasicButtonListener.mouseReleased(BasicButtonListener.java:279)
	at java.desktop/java.awt.Component.processMouseEvent(Component.java:6635)
	at java.desktop/javax.swing.JComponent.processMouseEvent(JComponent.java:3342)
	at java.desktop/java.awt.Component.processEvent(Component.java:6400)
	at java.desktop/java.awt.Container.processEvent(Container.java:2263)
	at java.desktop/java.awt.Component.dispatchEventImpl(Component.java:5011)
	at java.desktop/java.awt.Container.dispatchEventImpl(Container.java:2321)
	at java.desktop/java.awt.Component.dispatchEvent(Component.java:4843)
	at java.desktop/java.awt.LightweightDispatcher.retargetMouseEvent(Container.java:4918)
	at java.desktop/java.awt.LightweightDispatcher.processMouseEvent(Container.java:4547)
	at java.desktop/java.awt.LightweightDispatcher.dispatchEvent(Container.java:4488)
	at java.desktop/java.awt.Container.dispatchEventImpl(Container.java:2307)
	at java.desktop/java.awt.Window.dispatchEventImpl(Window.java:2772)
	at java.desktop/java.awt.Component.dispatchEvent(Component.java:4843)
	at java.desktop/java.awt.EventQueue.dispatchEventImpl(EventQueue.java:772)
	at java.desktop/java.awt.EventQueue$4.run(EventQueue.java:721)
	at java.desktop/java.awt.EventQueue$4.run(EventQueue.java:715)
	at java.base/java.security.AccessController.doPrivileged(Native Method)
	at java.base/java.security.ProtectionDomain$JavaSecurityAccessImpl.doIntersectionPrivilege(ProtectionDomain.java:85)
	at java.base/java.security.ProtectionDomain$JavaSecurityAccessImpl.doIntersectionPrivilege(ProtectionDomain.java:95)
	at java.desktop/java.awt.EventQueue$5.run(EventQueue.java:745)
	at java.desktop/java.awt.EventQueue$5.run(EventQueue.java:743)
	at java.base/java.security.AccessController.doPrivileged(Native Method)
	at java.base/java.security.ProtectionDomain$JavaSecurityAccessImpl.doIntersectionPrivilege(ProtectionDomain.java:85)
	at java.desktop/java.awt.EventQueue.dispatchEvent(EventQueue.java:742)
	at java.desktop/java.awt.EventDispatchThread.pumpOneEventForFilters(EventDispatchThread.java:203)
	at java.desktop/java.awt.EventDispatchThread.pumpEventsForFilter(EventDispatchThread.java:124)
	at java.desktop/java.awt.EventDispatchThread.pumpEventsForHierarchy(EventDispatchThread.java:113)
	at java.desktop/java.awt.EventDispatchThread.pumpEvents(EventDispatchThread.java:109)
	at java.desktop/java.awt.EventDispatchThread.pumpEvents(EventDispatchThread.java:101)
	at java.desktop/java.awt.EventDispatchThread.run(EventDispatchThread.java:90)

[2022-04-27 21:30:33 #13 *] 
com.objectdb.o.UserException: Optimistic lock failed for object domain.ApustuAnitza#41 (object has version 3 instead of 1)
	at com.objectdb.o.MSG.d(MSG.java:62)
	at com.objectdb.o.OBM.bW(OBM.java:1179)
	at com.objectdb.o.OBM.bO(OBM.java:875)
	at com.objectdb.o.OBM.bN(OBM.java:787)
	at com.objectdb.o.QRR.f(QRR.java:139)
	at com.objectdb.jpa.JpaQuery.executeUpdate(JpaQuery.java:779)
	at dataAccess.DataAccess.gertaeraEzabatu(DataAccess.java:510)
	at businessLogic.BLFacadeImplementation.gertaeraEzabatu(BLFacadeImplementation.java:207)
	at gui.GertaeraEzabatuGUI$2.actionPerformed(GertaeraEzabatuGUI.java:207)
	at java.desktop/javax.swing.AbstractButton.fireActionPerformed(AbstractButton.java:1967)
	at java.desktop/javax.swing.AbstractButton$Handler.actionPerformed(AbstractButton.java:2308)
	at java.desktop/javax.swing.DefaultButtonModel.fireActionPerformed(DefaultButtonModel.java:405)
	at java.desktop/javax.swing.DefaultButtonModel.setPressed(DefaultButtonModel.java:262)
	at java.desktop/javax.swing.plaf.basic.BasicButtonListener.mouseReleased(BasicButtonListener.java:279)
	at java.desktop/java.awt.Component.processMouseEvent(Component.java:6635)
	at java.desktop/javax.swing.JComponent.processMouseEvent(JComponent.java:3342)
	at java.desktop/java.awt.Component.processEvent(Component.java:6400)
	at java.desktop/java.awt.Container.processEvent(Container.java:2263)
	at java.desktop/java.awt.Component.dispatchEventImpl(Component.java:5011)
	at java.desktop/java.awt.Container.dispatchEventImpl(Container.java:2321)
	at java.desktop/java.awt.Component.dispatchEvent(Component.java:4843)
	at java.desktop/java.awt.LightweightDispatcher.retargetMouseEvent(Container.java:4918)
	at java.desktop/java.awt.LightweightDispatcher.processMouseEvent(Container.java:4547)
	at java.desktop/java.awt.LightweightDispatcher.dispatchEvent(Container.java:4488)
	at java.desktop/java.awt.Container.dispatchEventImpl(Container.java:2307)
	at java.desktop/java.awt.Window.dispatchEventImpl(Window.java:2772)
	at java.desktop/java.awt.Component.dispatchEvent(Component.java:4843)
	at java.desktop/java.awt.EventQueue.dispatchEventImpl(EventQueue.java:772)
	at java.desktop/java.awt.EventQueue$4.run(EventQueue.java:721)
	at java.desktop/java.awt.EventQueue$4.run(EventQueue.java:715)
	at java.base/java.security.AccessController.doPrivileged(Native Method)
	at java.base/java.security.ProtectionDomain$JavaSecurityAccessImpl.doIntersectionPrivilege(ProtectionDomain.java:85)
	at java.base/java.security.ProtectionDomain$JavaSecurityAccessImpl.doIntersectionPrivilege(ProtectionDomain.java:95)
	at java.desktop/java.awt.EventQueue$5.run(EventQueue.java:745)
	at java.desktop/java.awt.EventQueue$5.run(EventQueue.java:743)
	at java.base/java.security.AccessController.doPrivileged(Native Method)
	at java.base/java.security.ProtectionDomain$JavaSecurityAccessImpl.doIntersectionPrivilege(ProtectionDomain.java:85)
	at java.desktop/java.awt.EventQueue.dispatchEvent(EventQueue.java:742)
	at java.desktop/java.awt.EventDispatchThread.pumpOneEventForFilters(EventDispatchThread.java:203)
	at java.desktop/java.awt.EventDispatchThread.pumpEventsForFilter(EventDispatchThread.java:124)
	at java.desktop/java.awt.EventDispatchThread.pumpEventsForHierarchy(EventDispatchThread.java:113)
	at java.desktop/java.awt.EventDispatchThread.pumpEvents(EventDispatchThread.java:109)
	at java.desktop/java.awt.EventDispatchThread.pumpEvents(EventDispatchThread.java:101)
	at java.desktop/java.awt.EventDispatchThread.run(EventDispatchThread.java:90)

[2022-04-27 21:30:33 #14 *] 
com.objectdb.o.UserException: Optimistic lock failed for object domain.ApustuAnitza#41 (object has version 3 instead of 1)
	at com.objectdb.o.MSG.d(MSG.java:62)
	at com.objectdb.o.OBM.bW(OBM.java:1179)
	at com.objectdb.o.OBM.bO(OBM.java:875)
	at com.objectdb.o.OBM.bN(OBM.java:787)
	at com.objectdb.o.QRR.f(QRR.java:139)
	at com.objectdb.jpa.JpaQuery.executeUpdate(JpaQuery.java:779)
	at dataAccess.DataAccess.gertaeraEzabatu(DataAccess.java:514)
	at businessLogic.BLFacadeImplementation.gertaeraEzabatu(BLFacadeImplementation.java:207)
	at gui.GertaeraEzabatuGUI$2.actionPerformed(GertaeraEzabatuGUI.java:207)
	at java.desktop/javax.swing.AbstractButton.fireActionPerformed(AbstractButton.java:1967)
	at java.desktop/javax.swing.AbstractButton$Handler.actionPerformed(AbstractButton.java:2308)
	at java.desktop/javax.swing.DefaultButtonModel.fireActionPerformed(DefaultButtonModel.java:405)
	at java.desktop/javax.swing.DefaultButtonModel.setPressed(DefaultButtonModel.java:262)
	at java.desktop/javax.swing.plaf.basic.BasicButtonListener.mouseReleased(BasicButtonListener.java:279)
	at java.desktop/java.awt.Component.processMouseEvent(Component.java:6635)
	at java.desktop/javax.swing.JComponent.processMouseEvent(JComponent.java:3342)
	at java.desktop/java.awt.Component.processEvent(Component.java:6400)
	at java.desktop/java.awt.Container.processEvent(Container.java:2263)
	at java.desktop/java.awt.Component.dispatchEventImpl(Component.java:5011)
	at java.desktop/java.awt.Container.dispatchEventImpl(Container.java:2321)
	at java.desktop/java.awt.Component.dispatchEvent(Component.java:4843)
	at java.desktop/java.awt.LightweightDispatcher.retargetMouseEvent(Container.java:4918)
	at java.desktop/java.awt.LightweightDispatcher.processMouseEvent(Container.java:4547)
	at java.desktop/java.awt.LightweightDispatcher.dispatchEvent(Container.java:4488)
	at java.desktop/java.awt.Container.dispatchEventImpl(Container.java:2307)
	at java.desktop/java.awt.Window.dispatchEventImpl(Window.java:2772)
	at java.desktop/java.awt.Component.dispatchEvent(Component.java:4843)
	at java.desktop/java.awt.EventQueue.dispatchEventImpl(EventQueue.java:772)
	at java.desktop/java.awt.EventQueue$4.run(EventQueue.java:721)
	at java.desktop/java.awt.EventQueue$4.run(EventQueue.java:715)
	at java.base/java.security.AccessController.doPrivileged(Native Method)
	at java.base/java.security.ProtectionDomain$JavaSecurityAccessImpl.doIntersectionPrivilege(ProtectionDomain.java:85)
	at java.base/java.security.ProtectionDomain$JavaSecurityAccessImpl.doIntersectionPrivilege(ProtectionDomain.java:95)
	at java.desktop/java.awt.EventQueue$5.run(EventQueue.java:745)
	at java.desktop/java.awt.EventQueue$5.run(EventQueue.java:743)
	at java.base/java.security.AccessController.doPrivileged(Native Method)
	at java.base/java.security.ProtectionDomain$JavaSecurityAccessImpl.doIntersectionPrivilege(ProtectionDomain.java:85)
	at java.desktop/java.awt.EventQueue.dispatchEvent(EventQueue.java:742)
	at java.desktop/java.awt.EventDispatchThread.pumpOneEventForFilters(EventDispatchThread.java:203)
	at java.desktop/java.awt.EventDispatchThread.pumpEventsForFilter(EventDispatchThread.java:124)
	at java.desktop/java.awt.EventDispatchThread.pumpEventsForHierarchy(EventDispatchThread.java:113)
	at java.desktop/java.awt.EventDispatchThread.pumpEvents(EventDispatchThread.java:109)
	at java.desktop/java.awt.EventDispatchThread.pumpEvents(EventDispatchThread.java:101)
	at java.desktop/java.awt.EventDispatchThread.run(EventDispatchThread.java:90)

------------------------------------------------------------------------------------------------------------------------

[2022-04-27 21:35:07 #1 store] 
Database '/home/xairaur/eclipse-workspace1/Bets21.zip_expanded/Bets21/src/main/resources/bets.temp' has been recovered (tr. 20-21)

[2022-04-27 21:35:07 #2 store] 
Database '/home/xairaur/eclipse-workspace1/Bets21.zip_expanded/Bets21/src/main/resources/bets.temp' is opened by 16785@gorria

[2022-04-27 21:35:08 #3 type] 
Type domain.Erabiltzailea is not enhanced.

[2022-04-27 21:35:08 #4 type] 
Type domain.Apustua is not enhanced.

[2022-04-27 21:35:08 #5 type] 
Type domain.Mugimendua is not enhanced.

[2022-04-27 21:35:08 #6 type] 
Type domain.Kuota is not enhanced.

[2022-04-27 21:35:08 #7 type] 
Type domain.ApustuAnitza is not enhanced.

[2022-04-27 21:35:08 #8 type] 
Type domain.Question is not enhanced.

[2022-04-27 21:35:08 #9 type] 
Type domain.Event is not enhanced.

------------------------------------------------------------------------------------------------------------------------

[2022-04-27 21:43:09 #1 store] 
Database '/home/xairaur/eclipse-workspace1/Bets21.zip_expanded/Bets21/src/main/resources/bets.temp' has been recovered (tr. 34-56)

[2022-04-27 21:43:09 #2 store] 
Database '/home/xairaur/eclipse-workspace1/Bets21.zip_expanded/Bets21/src/main/resources/bets.temp' is opened by 17085@gorria

[2022-04-27 21:43:10 #3 type] 
Type domain.Erabiltzailea is not enhanced.

[2022-04-27 21:43:10 #4 type] 
Type domain.Apustua is not enhanced.

[2022-04-27 21:43:10 #5 type] 
Type domain.Mugimendua is not enhanced.

[2022-04-27 21:43:10 #6 type] 
Type domain.Kuota is not enhanced.

[2022-04-27 21:43:10 #7 type] 
Type domain.ApustuAnitza is not enhanced.

[2022-04-27 21:43:10 #8 type] 
Type domain.Question is not enhanced.

[2022-04-27 21:43:10 #9 type] 
Type domain.Event is not enhanced.

------------------------------------------------------------------------------------------------------------------------

[2022-04-27 21:45:31 #1 store] 
Database '/home/xairaur/eclipse-workspace1/Bets21.zip_expanded/Bets21/src/main/resources/bets.temp' has been recovered (tr. 57-58)

[2022-04-27 21:45:31 #2 store] 
Database '/home/xairaur/eclipse-workspace1/Bets21.zip_expanded/Bets21/src/main/resources/bets.temp' is opened by 17259@gorria

[2022-04-27 21:45:31 #3 type] 
Type domain.Erabiltzailea is not enhanced.

[2022-04-27 21:45:31 #4 type] 
Type domain.Apustua is not enhanced.

[2022-04-27 21:45:31 #5 type] 
Type domain.Mugimendua is not enhanced.

[2022-04-27 21:45:31 #6 type] 
Type domain.Kuota is not enhanced.

[2022-04-27 21:45:31 #7 type] 
Type domain.ApustuAnitza is not enhanced.

[2022-04-27 21:45:31 #8 type] 
Type domain.Question is not enhanced.

[2022-04-27 21:45:31 #9 type] 
Type domain.Event is not enhanced.

------------------------------------------------------------------------------------------------------------------------

[2022-04-27 21:51:21 #1 store] 
Database '/home/xairaur/eclipse-workspace1/Bets21.zip_expanded/Bets21/src/main/resources/bets.temp' is opened by 17697@gorria

[2022-04-27 21:51:21 #2 type] 
Type domain.Erabiltzailea is not enhanced.

[2022-04-27 21:51:21 #3 type] 
Type domain.Apustua is not enhanced.

[2022-04-27 21:51:21 #4 type] 
Type domain.Mugimendua is not enhanced.

[2022-04-27 21:51:21 #5 type] 
Type domain.Kuota is not enhanced.

[2022-04-27 21:51:21 #6 type] 
Type domain.ApustuAnitza is not enhanced.

[2022-04-27 21:51:21 #7 type] 
Type domain.Question is not enhanced.

[2022-04-27 21:51:21 #8 type] 
Type domain.Event is not enhanced.

------------------------------------------------------------------------------------------------------------------------

[2022-04-27 21:53:00 #1 store] 
Database '/home/xairaur/eclipse-workspace1/Bets21.zip_expanded/Bets21/src/main/resources/bets.temp' is opened by 17837@gorria

[2022-04-27 21:53:00 #2 type] 
Type domain.Erabiltzailea is not enhanced.

[2022-04-27 21:53:00 #3 type] 
Type domain.Apustua is not enhanced.

[2022-04-27 21:53:00 #4 type] 
Type domain.Mugimendua is not enhanced.

[2022-04-27 21:53:00 #5 type] 
Type domain.Kuota is not enhanced.

[2022-04-27 21:53:00 #6 type] 
Type domain.ApustuAnitza is not enhanced.

[2022-04-27 21:53:00 #7 type] 
Type domain.Question is not enhanced.

[2022-04-27 21:53:00 #8 type] 
Type domain.Event is not enhanced.

------------------------------------------------------------------------------------------------------------------------

[2022-04-27 22:01:29 #1 store] 
Database '/home/xairaur/eclipse-workspace1/Bets21.zip_expanded/Bets21/src/main/resources/bets.temp' is opened by 19054@gorria

[2022-04-27 22:01:29 #2 type] 
Type domain.Erabiltzailea is not enhanced.

[2022-04-27 22:01:29 #3 type] 
Type domain.Apustua is not enhanced.

[2022-04-27 22:01:29 #4 type] 
Type domain.Mugimendua is not enhanced.

[2022-04-27 22:01:29 #5 type] 
Type domain.Kuota is not enhanced.

[2022-04-27 22:01:29 #6 type] 
Type domain.ApustuAnitza is not enhanced.

[2022-04-27 22:01:29 #7 type] 
Type domain.Question is not enhanced.

[2022-04-27 22:01:29 #8 type] 
Type domain.Event is not enhanced.

------------------------------------------------------------------------------------------------------------------------

[2022-04-27 22:01:38 #1 store] 
Database '/home/xairaur/eclipse-workspace1/Bets21.zip_expanded/Bets21/src/main/resources/bets.temp' is opened by 19097@gorria

[2022-04-27 22:01:38 #2 type] 
Type domain.Erabiltzailea is not enhanced.

[2022-04-27 22:01:38 #3 type] 
Type domain.Apustua is not enhanced.

[2022-04-27 22:01:38 #4 type] 
Type domain.Mugimendua is not enhanced.

[2022-04-27 22:01:38 #5 type] 
Type domain.Kuota is not enhanced.

[2022-04-27 22:01:38 #6 type] 
Type domain.ApustuAnitza is not enhanced.

[2022-04-27 22:01:38 #7 type] 
Type domain.Question is not enhanced.

[2022-04-27 22:01:38 #8 type] 
Type domain.Event is not enhanced.

------------------------------------------------------------------------------------------------------------------------

[2022-04-27 22:02:44 #1 store] 
Database '/home/xairaur/eclipse-workspace1/Bets21.zip_expanded/Bets21/src/main/resources/bets.temp' is opened by 19170@gorria

[2022-04-27 22:02:44 #2 type] 
Type domain.Erabiltzailea is not enhanced.

[2022-04-27 22:02:44 #3 type] 
Type domain.Apustua is not enhanced.

[2022-04-27 22:02:44 #4 type] 
Type domain.Mugimendua is not enhanced.

[2022-04-27 22:02:44 #5 type] 
Type domain.Kuota is not enhanced.

[2022-04-27 22:02:44 #6 type] 
Type domain.ApustuAnitza is not enhanced.

[2022-04-27 22:02:44 #7 type] 
Type domain.Question is not enhanced.

[2022-04-27 22:02:44 #8 type] 
Type domain.Event is not enhanced.

------------------------------------------------------------------------------------------------------------------------

[2022-04-27 22:05:47 #1 store] 
Database '/home/xairaur/eclipse-workspace1/Bets21.zip_expanded/Bets21/src/main/resources/bets.temp' is opened by 19369@gorria

[2022-04-27 22:05:47 #2 type] 
Type domain.Erabiltzailea is not enhanced.

[2022-04-27 22:05:47 #3 type] 
Type domain.Apustua is not enhanced.

[2022-04-27 22:05:47 #4 type] 
Type domain.Mugimendua is not enhanced.

[2022-04-27 22:05:47 #5 type] 
Type domain.Kuota is not enhanced.

[2022-04-27 22:05:47 #6 type] 
Type domain.ApustuAnitza is not enhanced.

[2022-04-27 22:05:47 #7 type] 
Type domain.Question is not enhanced.

[2022-04-27 22:05:47 #8 type] 
Type domain.Event is not enhanced.

