------------------------------------------------------------------------------------------------------------------------

[2022-04-05 00:01:05 #1 store] 
Database '/home/xairaur/eclipse-workspace1/Bets21.zip_expanded/Bets21/src/main/resources/bets.temp' is opened by 41780@gorria

[2022-04-05 00:01:05 #2 type] 
Type domain.Erabiltzailea is not enhanced.

[2022-04-05 00:01:05 #3 type] 
Type domain.Apustua is not enhanced.

[2022-04-05 00:01:05 #4 type] 
Type domain.Mugimendua is not enhanced.

[2022-04-05 00:01:05 #5 type] 
Type domain.Kuota is not enhanced.

[2022-04-05 00:01:05 #6 type] 
Type domain.Question is not enhanced.

[2022-04-05 00:01:05 #7 type] 
Type domain.Event is not enhanced.

------------------------------------------------------------------------------------------------------------------------

[2022-04-05 00:01:43 #1 store] 
Database '/home/xairaur/eclipse-workspace1/Bets21.zip_expanded/Bets21/src/main/resources/bets.temp' has been recovered (tr. 134-135)

[2022-04-05 00:01:43 #2 store] 
Database '/home/xairaur/eclipse-workspace1/Bets21.zip_expanded/Bets21/src/main/resources/bets.temp' is opened by 41830@gorria

[2022-04-05 00:01:43 #3 type] 
Type domain.Erabiltzailea is not enhanced.

[2022-04-05 00:01:43 #4 type] 
Type domain.Apustua is not enhanced.

[2022-04-05 00:01:43 #5 type] 
Type domain.Mugimendua is not enhanced.

[2022-04-05 00:01:43 #6 type] 
Type domain.Kuota is not enhanced.

[2022-04-05 00:01:43 #7 type] 
Type domain.Question is not enhanced.

[2022-04-05 00:01:43 #8 type] 
Type domain.Event is not enhanced.

------------------------------------------------------------------------------------------------------------------------

[2022-04-05 00:05:33 #1 store] 
Database '/home/xairaur/eclipse-workspace1/Bets21.zip_expanded/Bets21/src/main/resources/bets.temp' is opened by 42059@gorria

[2022-04-05 00:05:33 #2 type] 
Type domain.Erabiltzailea is not enhanced.

[2022-04-05 00:05:33 #3 type] 
Type domain.Apustua is not enhanced.

[2022-04-05 00:05:33 #4 type] 
Type domain.Mugimendua is not enhanced.

[2022-04-05 00:05:33 #5 type] 
Type domain.Kuota is not enhanced.

[2022-04-05 00:05:33 #6 type] 
Type domain.Question is not enhanced.

[2022-04-05 00:05:33 #7 type] 
Type domain.Event is not enhanced.

------------------------------------------------------------------------------------------------------------------------

[2022-04-05 00:08:09 #1 store] 
Database '/home/xairaur/eclipse-workspace1/Bets21.zip_expanded/Bets21/src/main/resources/bets.temp' has been recovered (tr. 139-140)

[2022-04-05 00:08:09 #2 store] 
Database '/home/xairaur/eclipse-workspace1/Bets21.zip_expanded/Bets21/src/main/resources/bets.temp' is opened by 42392@gorria

[2022-04-05 00:08:09 #3 type] 
Type domain.Erabiltzailea is not enhanced.

[2022-04-05 00:08:09 #4 type] 
Type domain.Apustua is not enhanced.

[2022-04-05 00:08:09 #5 type] 
Type domain.Mugimendua is not enhanced.

[2022-04-05 00:08:09 #6 type] 
Type domain.Kuota is not enhanced.

[2022-04-05 00:08:09 #7 type] 
Type domain.Question is not enhanced.

[2022-04-05 00:08:09 #8 type] 
Type domain.Event is not enhanced.

------------------------------------------------------------------------------------------------------------------------

[2022-04-05 15:08:51 #1 store] 
Database '/home/xairaur/eclipse-workspace1/Bets21.zip_expanded/Bets21/src/main/resources/bets.temp' has been recovered (tr. 142-144)

[2022-04-05 15:08:51 #2 store] 
Database '/home/xairaur/eclipse-workspace1/Bets21.zip_expanded/Bets21/src/main/resources/bets.temp' is opened by 7811@gorria

[2022-04-05 15:08:51 #3 type] 
Type domain.Erabiltzailea is not enhanced.

[2022-04-05 15:08:51 #4 type] 
Type domain.Apustua is not enhanced.

[2022-04-05 15:08:51 #5 type] 
Type domain.Mugimendua is not enhanced.

[2022-04-05 15:08:51 #6 type] 
Type domain.Kuota is not enhanced.

[2022-04-05 15:08:51 #7 type] 
Type domain.Question is not enhanced.

[2022-04-05 15:08:51 #8 type] 
Type domain.Event is not enhanced.

------------------------------------------------------------------------------------------------------------------------

[2022-04-05 15:09:31 #1 store] 
Database '/home/xairaur/eclipse-workspace1/Bets21.zip_expanded/Bets21/src/main/resources/bets.temp' is opened by 7864@gorria

[2022-04-05 15:09:31 #2 type] 
Type domain.Erabiltzailea is not enhanced.

[2022-04-05 15:09:31 #3 type] 
Type domain.Apustua is not enhanced.

[2022-04-05 15:09:31 #4 type] 
Type domain.Mugimendua is not enhanced.

[2022-04-05 15:09:31 #5 type] 
Type domain.Kuota is not enhanced.

[2022-04-05 15:09:31 #6 type] 
Type domain.Question is not enhanced.

[2022-04-05 15:09:31 #7 type] 
Type domain.Event is not enhanced.

------------------------------------------------------------------------------------------------------------------------

[2022-04-05 15:14:06 #1 store] 
Database '/home/xairaur/eclipse-workspace1/Bets21.zip_expanded/Bets21/src/main/resources/bets.temp' has been recovered (tr. 145-145)

[2022-04-05 15:14:06 #2 store] 
Database '/home/xairaur/eclipse-workspace1/Bets21.zip_expanded/Bets21/src/main/resources/bets.temp' is opened by 7978@gorria

[2022-04-05 15:14:06 #3 type] 
Type domain.Erabiltzailea is not enhanced.

[2022-04-05 15:14:06 #4 type] 
Type domain.Apustua is not enhanced.

[2022-04-05 15:14:06 #5 type] 
Type domain.Mugimendua is not enhanced.

[2022-04-05 15:14:06 #6 type] 
Type domain.Kuota is not enhanced.

[2022-04-05 15:14:06 #7 type] 
Type domain.Question is not enhanced.

[2022-04-05 15:14:06 #8 type] 
Type domain.Event is not enhanced.

------------------------------------------------------------------------------------------------------------------------

[2022-04-05 15:17:27 #1 store] 
Database '/home/xairaur/eclipse-workspace1/Bets21.zip_expanded/Bets21/src/main/resources/bets.temp' is opened by 8095@gorria

[2022-04-05 15:17:27 #2 type] 
Type domain.Erabiltzailea is not enhanced.

[2022-04-05 15:17:28 #3 type] 
Type domain.Apustua is not enhanced.

[2022-04-05 15:17:28 #4 type] 
Type domain.Mugimendua is not enhanced.

[2022-04-05 15:17:28 #5 type] 
Type domain.Kuota is not enhanced.

[2022-04-05 15:17:28 #6 type] 
Type domain.Question is not enhanced.

[2022-04-05 15:17:28 #7 type] 
Type domain.Event is not enhanced.

------------------------------------------------------------------------------------------------------------------------

[2022-04-05 15:20:04 #1 store] 
Database '/home/xairaur/eclipse-workspace1/Bets21.zip_expanded/Bets21/src/main/resources/bets.temp' is opened by 8247@gorria

[2022-04-05 15:20:04 #2 type] 
Type domain.Erabiltzailea is not enhanced.

[2022-04-05 15:20:04 #3 type] 
Type domain.Apustua is not enhanced.

[2022-04-05 15:20:04 #4 type] 
Type domain.Mugimendua is not enhanced.

[2022-04-05 15:20:04 #5 type] 
Type domain.Kuota is not enhanced.

[2022-04-05 15:20:04 #6 type] 
Type domain.Question is not enhanced.

[2022-04-05 15:20:04 #7 type] 
Type domain.Event is not enhanced.

------------------------------------------------------------------------------------------------------------------------

[2022-04-05 15:22:07 #1 store] 
Database '/home/xairaur/eclipse-workspace1/Bets21.zip_expanded/Bets21/src/main/resources/bets.temp' is opened by 8365@gorria

[2022-04-05 15:22:07 #2 type] 
Type domain.Erabiltzailea is not enhanced.

[2022-04-05 15:22:07 #3 type] 
Type domain.Apustua is not enhanced.

[2022-04-05 15:22:07 #4 type] 
Type domain.Mugimendua is not enhanced.

[2022-04-05 15:22:07 #5 type] 
Type domain.Kuota is not enhanced.

[2022-04-05 15:22:07 #6 type] 
Type domain.Question is not enhanced.

[2022-04-05 15:22:07 #7 type] 
Type domain.Event is not enhanced.

------------------------------------------------------------------------------------------------------------------------

[2022-04-05 15:45:35 #1 store] 
Database '/home/xairaur/eclipse-workspace1/Bets21.zip_expanded/Bets21/src/main/resources/bets.temp' is opened by 9282@gorria

[2022-04-05 15:45:35 #2 type] 
Type domain.Erabiltzailea is not enhanced.

[2022-04-05 15:45:35 #3 type] 
Type domain.Apustua is not enhanced.

[2022-04-05 15:45:35 #4 type] 
Type domain.Mugimendua is not enhanced.

[2022-04-05 15:45:35 #5 type] 
Type domain.Kuota is not enhanced.

[2022-04-05 15:45:35 #6 type] 
Type domain.Question is not enhanced.

[2022-04-05 15:45:35 #7 type] 
Type domain.Event is not enhanced.

------------------------------------------------------------------------------------------------------------------------

[2022-04-05 15:49:32 #1 store] 
Database '/home/xairaur/eclipse-workspace1/Bets21.zip_expanded/Bets21/src/main/resources/bets.temp' has been recovered (tr. 146-147)

[2022-04-05 15:49:32 #2 store] 
Database '/home/xairaur/eclipse-workspace1/Bets21.zip_expanded/Bets21/src/main/resources/bets.temp' is opened by 9568@gorria

[2022-04-05 15:49:32 #3 type] 
Type domain.Erabiltzailea is not enhanced.

[2022-04-05 15:49:32 #4 type] 
Type domain.Apustua is not enhanced.

[2022-04-05 15:49:32 #5 type] 
Type domain.Mugimendua is not enhanced.

[2022-04-05 15:49:32 #6 type] 
Type domain.Kuota is not enhanced.

[2022-04-05 15:49:32 #7 type] 
Type domain.Question is not enhanced.

[2022-04-05 15:49:32 #8 type] 
Type domain.Event is not enhanced.

------------------------------------------------------------------------------------------------------------------------

[2022-04-05 15:50:28 #1 store] 
Database '/home/xairaur/eclipse-workspace1/Bets21.zip_expanded/Bets21/src/main/resources/bets.temp' has been recovered (tr. 148-149)

[2022-04-05 15:50:28 #2 store] 
Database '/home/xairaur/eclipse-workspace1/Bets21.zip_expanded/Bets21/src/main/resources/bets.temp' is opened by 9673@gorria

[2022-04-05 15:50:28 #3 type] 
Type domain.Erabiltzailea is not enhanced.

[2022-04-05 15:50:28 #4 type] 
Type domain.Apustua is not enhanced.

[2022-04-05 15:50:28 #5 type] 
Type domain.Mugimendua is not enhanced.

[2022-04-05 15:50:28 #6 type] 
Type domain.Kuota is not enhanced.

[2022-04-05 15:50:28 #7 type] 
Type domain.Question is not enhanced.

[2022-04-05 15:50:28 #8 type] 
Type domain.Event is not enhanced.

------------------------------------------------------------------------------------------------------------------------

[2022-04-05 15:51:53 #1 store] 
Database '/home/xairaur/eclipse-workspace1/Bets21.zip_expanded/Bets21/src/main/resources/bets.temp' is opened by 9817@gorria

[2022-04-05 15:51:53 #2 type] 
Type domain.Erabiltzailea is not enhanced.

[2022-04-05 15:51:54 #3 type] 
Type domain.Apustua is not enhanced.

[2022-04-05 15:51:54 #4 type] 
Type domain.Mugimendua is not enhanced.

[2022-04-05 15:51:54 #5 type] 
Type domain.Kuota is not enhanced.

[2022-04-05 15:51:54 #6 type] 
Type domain.Question is not enhanced.

[2022-04-05 15:51:54 #7 type] 
Type domain.Event is not enhanced.

------------------------------------------------------------------------------------------------------------------------

[2022-04-05 15:53:40 #1 store] 
Database '/home/xairaur/eclipse-workspace1/Bets21.zip_expanded/Bets21/src/main/resources/bets.temp' is opened by 9955@gorria

[2022-04-05 15:53:41 #2 type] 
Type domain.Erabiltzailea is not enhanced.

[2022-04-05 15:53:41 #3 type] 
Type domain.Apustua is not enhanced.

[2022-04-05 15:53:41 #4 type] 
Type domain.Mugimendua is not enhanced.

[2022-04-05 15:53:41 #5 type] 
Type domain.Kuota is not enhanced.

[2022-04-05 15:53:41 #6 type] 
Type domain.Question is not enhanced.

[2022-04-05 15:53:41 #7 type] 
Type domain.Event is not enhanced.

------------------------------------------------------------------------------------------------------------------------

[2022-04-05 15:57:14 #1 store] 
Database '/home/xairaur/eclipse-workspace1/Bets21.zip_expanded/Bets21/src/main/resources/bets.temp' is opened by 10107@gorria

[2022-04-05 15:57:14 #2 type] 
Type domain.Erabiltzailea is not enhanced.

[2022-04-05 15:57:14 #3 type] 
Type domain.Apustua is not enhanced.

[2022-04-05 15:57:14 #4 type] 
Type domain.Mugimendua is not enhanced.

[2022-04-05 15:57:14 #5 type] 
Type domain.Kuota is not enhanced.

[2022-04-05 15:57:14 #6 type] 
Type domain.Question is not enhanced.

[2022-04-05 15:57:14 #7 type] 
Type domain.Event is not enhanced.

------------------------------------------------------------------------------------------------------------------------

[2022-04-05 16:02:22 #1 store] 
Database '/home/xairaur/eclipse-workspace1/Bets21.zip_expanded/Bets21/src/main/resources/bets.temp' is opened by 10396@gorria

[2022-04-05 16:02:22 #2 type] 
Type domain.Erabiltzailea is not enhanced.

[2022-04-05 16:02:22 #3 type] 
Type domain.Apustua is not enhanced.

[2022-04-05 16:02:22 #4 type] 
Type domain.Mugimendua is not enhanced.

[2022-04-05 16:02:22 #5 type] 
Type domain.Kuota is not enhanced.

[2022-04-05 16:02:22 #6 type] 
Type domain.Question is not enhanced.

[2022-04-05 16:02:22 #7 type] 
Type domain.Event is not enhanced.

------------------------------------------------------------------------------------------------------------------------

[2022-04-05 16:06:36 #1 store] 
Database '/home/xairaur/eclipse-workspace1/Bets21.zip_expanded/Bets21/src/main/resources/bets.temp' is opened by 10798@gorria

[2022-04-05 16:06:36 #2 type] 
Type domain.Erabiltzailea is not enhanced.

[2022-04-05 16:06:36 #3 type] 
Type domain.Apustua is not enhanced.

[2022-04-05 16:06:36 #4 type] 
Type domain.Mugimendua is not enhanced.

[2022-04-05 16:06:36 #5 type] 
Type domain.Kuota is not enhanced.

[2022-04-05 16:06:36 #6 type] 
Type domain.Question is not enhanced.

[2022-04-05 16:06:36 #7 type] 
Type domain.Event is not enhanced.

------------------------------------------------------------------------------------------------------------------------

[2022-04-05 16:11:06 #1 store] 
Database '/home/xairaur/eclipse-workspace1/Bets21.zip_expanded/Bets21/src/main/resources/bets.temp' has been recovered (tr. 150-151)

[2022-04-05 16:11:06 #2 store] 
Database '/home/xairaur/eclipse-workspace1/Bets21.zip_expanded/Bets21/src/main/resources/bets.temp' is opened by 11064@gorria

[2022-04-05 16:11:06 #3 type] 
Type domain.Erabiltzailea is not enhanced.

[2022-04-05 16:11:06 #4 type] 
Type domain.Apustua is not enhanced.

[2022-04-05 16:11:06 #5 type] 
Type domain.Mugimendua is not enhanced.

[2022-04-05 16:11:06 #6 type] 
Type domain.Kuota is not enhanced.

[2022-04-05 16:11:06 #7 type] 
Type domain.Question is not enhanced.

[2022-04-05 16:11:06 #8 type] 
Type domain.Event is not enhanced.

------------------------------------------------------------------------------------------------------------------------

[2022-04-05 16:24:47 #1 store] 
Database '/home/xairaur/eclipse-workspace1/Bets21.zip_expanded/Bets21/src/main/resources/bets.temp' is opened by 11924@gorria

[2022-04-05 16:24:47 #2 type] 
Type domain.Erabiltzailea is not enhanced.

[2022-04-05 16:24:47 #3 type] 
Type domain.Apustua is not enhanced.

[2022-04-05 16:24:47 #4 type] 
Type domain.Mugimendua is not enhanced.

[2022-04-05 16:24:47 #5 type] 
Type domain.Kuota is not enhanced.

[2022-04-05 16:24:47 #6 type] 
Type domain.Question is not enhanced.

[2022-04-05 16:24:47 #7 type] 
Type domain.Event is not enhanced.

------------------------------------------------------------------------------------------------------------------------

[2022-04-05 16:31:14 #1 store] 
Database '/home/xairaur/eclipse-workspace1/Bets21.zip_expanded/Bets21/src/main/resources/bets.temp' is opened by 12225@gorria

[2022-04-05 16:31:14 #2 type] 
Type domain.Erabiltzailea is not enhanced.

[2022-04-05 16:31:14 #3 type] 
Type domain.Apustua is not enhanced.

[2022-04-05 16:31:14 #4 type] 
Type domain.Mugimendua is not enhanced.

[2022-04-05 16:31:14 #5 type] 
Type domain.Kuota is not enhanced.

[2022-04-05 16:31:14 #6 type] 
Type domain.Question is not enhanced.

[2022-04-05 16:31:14 #7 type] 
Type domain.Event is not enhanced.

------------------------------------------------------------------------------------------------------------------------

[2022-04-05 16:35:19 #1 store] 
Database '/home/xairaur/eclipse-workspace1/Bets21.zip_expanded/Bets21/src/main/resources/bets.temp' is opened by 12575@gorria

[2022-04-05 16:35:19 #2 type] 
Type domain.Erabiltzailea is not enhanced.

[2022-04-05 16:35:19 #3 type] 
Type domain.Apustua is not enhanced.

[2022-04-05 16:35:19 #4 type] 
Type domain.Mugimendua is not enhanced.

[2022-04-05 16:35:19 #5 type] 
Type domain.Kuota is not enhanced.

[2022-04-05 16:35:19 #6 type] 
Type domain.Question is not enhanced.

[2022-04-05 16:35:19 #7 type] 
Type domain.Event is not enhanced.

------------------------------------------------------------------------------------------------------------------------

[2022-04-05 16:38:50 #1 store] 
Database '/home/xairaur/eclipse-workspace1/Bets21.zip_expanded/Bets21/src/main/resources/bets.temp' is opened by 12809@gorria

[2022-04-05 16:38:50 #2 type] 
Type domain.Erabiltzailea is not enhanced.

[2022-04-05 16:38:50 #3 type] 
Type domain.Apustua is not enhanced.

[2022-04-05 16:38:50 #4 type] 
Type domain.Mugimendua is not enhanced.

[2022-04-05 16:38:50 #5 type] 
Type domain.Kuota is not enhanced.

[2022-04-05 16:38:50 #6 type] 
Type domain.Question is not enhanced.

[2022-04-05 16:38:50 #7 type] 
Type domain.Event is not enhanced.

------------------------------------------------------------------------------------------------------------------------

[2022-04-05 16:57:08 #1 store] 
Database '/home/xairaur/eclipse-workspace1/Bets21.zip_expanded/Bets21/src/main/resources/bets.temp' is opened by 13744@gorria

[2022-04-05 16:57:08 #2 type] 
Type domain.Erabiltzailea is not enhanced.

[2022-04-05 16:57:08 #3 type] 
Type domain.Apustua is not enhanced.

[2022-04-05 16:57:08 #4 type] 
Type domain.Mugimendua is not enhanced.

[2022-04-05 16:57:08 #5 type] 
Type domain.Kuota is not enhanced.

[2022-04-05 16:57:08 #6 type] 
Type domain.Question is not enhanced.

[2022-04-05 16:57:08 #7 type] 
Type domain.Event is not enhanced.

------------------------------------------------------------------------------------------------------------------------

[2022-04-05 16:58:38 #1 store] 
Database '/home/xairaur/eclipse-workspace1/Bets21.zip_expanded/Bets21/src/main/resources/bets.temp' has been recovered (tr. 152-152)

[2022-04-05 16:58:38 #2 store] 
Database '/home/xairaur/eclipse-workspace1/Bets21.zip_expanded/Bets21/src/main/resources/bets.temp' is opened by 13908@gorria

[2022-04-05 16:58:39 #3 type] 
Type domain.Erabiltzailea is not enhanced.

[2022-04-05 16:58:39 #4 type] 
Type domain.Apustua is not enhanced.

[2022-04-05 16:58:39 #5 type] 
Type domain.Mugimendua is not enhanced.

[2022-04-05 16:58:39 #6 type] 
Type domain.Kuota is not enhanced.

[2022-04-05 16:58:39 #7 type] 
Type domain.Question is not enhanced.

[2022-04-05 16:58:39 #8 type] 
Type domain.Event is not enhanced.

------------------------------------------------------------------------------------------------------------------------

[2022-04-05 17:00:13 #1 store] 
Database '/home/xairaur/eclipse-workspace1/Bets21.zip_expanded/Bets21/src/main/resources/bets.temp' is opened by 14093@gorria

[2022-04-05 17:00:14 #2 type] 
Type domain.Erabiltzailea is not enhanced.

[2022-04-05 17:00:14 #3 type] 
Type domain.Apustua is not enhanced.

[2022-04-05 17:00:14 #4 type] 
Type domain.Mugimendua is not enhanced.

[2022-04-05 17:00:14 #5 type] 
Type domain.Kuota is not enhanced.

[2022-04-05 17:00:14 #6 type] 
Type domain.Question is not enhanced.

[2022-04-05 17:00:14 #7 type] 
Type domain.Event is not enhanced.

------------------------------------------------------------------------------------------------------------------------

[2022-04-05 17:00:39 #1 store] 
Database '/home/xairaur/eclipse-workspace1/Bets21.zip_expanded/Bets21/src/main/resources/bets.temp' is opened by 14164@gorria

[2022-04-05 17:00:39 #2 type] 
Type domain.Erabiltzailea is not enhanced.

[2022-04-05 17:00:39 #3 type] 
Type domain.Apustua is not enhanced.

[2022-04-05 17:00:39 #4 type] 
Type domain.Mugimendua is not enhanced.

[2022-04-05 17:00:39 #5 type] 
Type domain.Kuota is not enhanced.

[2022-04-05 17:00:39 #6 type] 
Type domain.Question is not enhanced.

[2022-04-05 17:00:39 #7 type] 
Type domain.Event is not enhanced.

------------------------------------------------------------------------------------------------------------------------

[2022-04-05 17:01:42 #1 store] 
Database '/home/xairaur/eclipse-workspace1/Bets21.zip_expanded/Bets21/src/main/resources/bets.temp' has been recovered (tr. 154-157)

[2022-04-05 17:01:42 #2 store] 
Database '/home/xairaur/eclipse-workspace1/Bets21.zip_expanded/Bets21/src/main/resources/bets.temp' is opened by 14233@gorria

[2022-04-05 17:01:42 #3 type] 
Type domain.Erabiltzailea is not enhanced.

[2022-04-05 17:01:42 #4 type] 
Type domain.Apustua is not enhanced.

[2022-04-05 17:01:42 #5 type] 
Type domain.Mugimendua is not enhanced.

[2022-04-05 17:01:42 #6 type] 
Type domain.Kuota is not enhanced.

[2022-04-05 17:01:42 #7 type] 
Type domain.Question is not enhanced.

[2022-04-05 17:01:42 #8 type] 
Type domain.Event is not enhanced.

------------------------------------------------------------------------------------------------------------------------

[2022-04-05 17:03:06 #1 store] 
Database '/home/xairaur/eclipse-workspace1/Bets21.zip_expanded/Bets21/src/main/resources/bets.temp' is opened by 14346@gorria

[2022-04-05 17:03:06 #2 type.registry] 
New type domain.Erabiltzailea

[2022-04-05 17:03:06 #3 type] 
Type domain.Erabiltzailea is not enhanced.

[2022-04-05 17:03:06 #4 type.registry] 
New type domain.Apustua

[2022-04-05 17:03:06 #5 type.registry] 
New type java.util.Vector<domain.Apustua>

[2022-04-05 17:03:06 #6 type.registry] 
New type domain.Mugimendua

[2022-04-05 17:03:06 #7 type.registry] 
New type java.util.Vector<domain.Mugimendua>

[2022-04-05 17:03:06 #8 type] 
Type domain.Apustua is not enhanced.

[2022-04-05 17:03:06 #9 type.registry] 
New type domain.Kuota

[2022-04-05 17:03:06 #10 type] 
Type domain.Mugimendua is not enhanced.

[2022-04-05 17:03:06 #11 type] 
Type domain.Kuota is not enhanced.

[2022-04-05 17:03:06 #12 type.registry] 
New type domain.Question

[2022-04-05 17:03:06 #13 type] 
Type domain.Question is not enhanced.

[2022-04-05 17:03:06 #14 type.registry] 
New type java.util.Vector<domain.Kuota>

[2022-04-05 17:03:06 #15 type.registry] 
New type domain.Event

[2022-04-05 17:03:06 #16 type] 
Type domain.Event is not enhanced.

[2022-04-05 17:03:06 #17 type.registry] 
New type java.util.Vector<domain.Question>

[2022-04-05 17:03:06 #18 type.registry] 
New type java.util.Vector<java.lang.Object>

------------------------------------------------------------------------------------------------------------------------

[2022-04-05 17:04:41 #1 store] 
Database '/home/xairaur/eclipse-workspace1/Bets21.zip_expanded/Bets21/src/main/resources/bets.temp' is opened by 14400@gorria

[2022-04-05 17:04:41 #2 type.registry] 
New type domain.Erabiltzailea

[2022-04-05 17:04:41 #3 type] 
Type domain.Erabiltzailea is not enhanced.

[2022-04-05 17:04:41 #4 type.registry] 
New type domain.Apustua

[2022-04-05 17:04:41 #5 type.registry] 
New type java.util.Vector<domain.Apustua>

[2022-04-05 17:04:41 #6 type.registry] 
New type domain.Mugimendua

[2022-04-05 17:04:41 #7 type.registry] 
New type java.util.Vector<domain.Mugimendua>

[2022-04-05 17:04:41 #8 type] 
Type domain.Apustua is not enhanced.

[2022-04-05 17:04:42 #9 type.registry] 
New type domain.Kuota

[2022-04-05 17:04:42 #10 type] 
Type domain.Mugimendua is not enhanced.

[2022-04-05 17:04:42 #11 type] 
Type domain.Kuota is not enhanced.

[2022-04-05 17:04:42 #12 type.registry] 
New type domain.Question

[2022-04-05 17:04:42 #13 type] 
Type domain.Question is not enhanced.

[2022-04-05 17:04:42 #14 type.registry] 
New type java.util.Vector<domain.Kuota>

[2022-04-05 17:04:42 #15 type.registry] 
New type domain.Event

[2022-04-05 17:04:42 #16 type] 
Type domain.Event is not enhanced.

[2022-04-05 17:04:42 #17 type.registry] 
New type java.util.Vector<domain.Question>

[2022-04-05 17:04:42 #18 type.registry] 
New type java.util.Vector<java.lang.Object>

------------------------------------------------------------------------------------------------------------------------

[2022-04-05 19:04:49 #1 store] 
Database '/home/xairaur/eclipse-workspace1/Bets21.zip_expanded/Bets21/src/main/resources/bets.temp' is opened by 18768@gorria

[2022-04-05 19:04:49 #2 type.registry] 
New type domain.Erabiltzailea

[2022-04-05 19:04:49 #3 type] 
Type domain.Erabiltzailea is not enhanced.

[2022-04-05 19:04:49 #4 type.registry] 
New type domain.Apustua

[2022-04-05 19:04:49 #5 type.registry] 
New type java.util.Vector<domain.Apustua>

[2022-04-05 19:04:49 #6 type.registry] 
New type domain.Mugimendua

[2022-04-05 19:04:49 #7 type.registry] 
New type java.util.Vector<domain.Mugimendua>

[2022-04-05 19:04:49 #8 type] 
Type domain.Apustua is not enhanced.

[2022-04-05 19:04:49 #9 type.registry] 
New type domain.Kuota

[2022-04-05 19:04:49 #10 type] 
Type domain.Mugimendua is not enhanced.

[2022-04-05 19:04:49 #11 type] 
Type domain.Kuota is not enhanced.

[2022-04-05 19:04:49 #12 type.registry] 
New type domain.Question

[2022-04-05 19:04:49 #13 type] 
Type domain.Question is not enhanced.

[2022-04-05 19:04:49 #14 type.registry] 
New type java.util.Vector<domain.Kuota>

[2022-04-05 19:04:49 #15 type.registry] 
New type domain.Event

[2022-04-05 19:04:49 #16 type] 
Type domain.Event is not enhanced.

[2022-04-05 19:04:49 #17 type.registry] 
New type java.util.Vector<domain.Question>

[2022-04-05 19:04:49 #18 type.registry] 
New type java.util.Vector<java.lang.Object>

------------------------------------------------------------------------------------------------------------------------

[2022-04-05 19:22:58 #1 store] 
Database '/home/xairaur/eclipse-workspace1/Bets21.zip_expanded/Bets21/src/main/resources/bets.temp' is opened by 20145@gorria

[2022-04-05 19:22:58 #2 type.registry] 
New type domain.Erabiltzailea

[2022-04-05 19:22:58 #3 type] 
Type domain.Erabiltzailea is not enhanced.

[2022-04-05 19:22:58 #4 type.registry] 
New type domain.Apustua

[2022-04-05 19:22:58 #5 type.registry] 
New type java.util.Vector<domain.Apustua>

[2022-04-05 19:22:58 #6 type.registry] 
New type domain.Mugimendua

[2022-04-05 19:22:58 #7 type.registry] 
New type java.util.Vector<domain.Mugimendua>

[2022-04-05 19:22:58 #8 type.registry] 
New type java.util.Vector<java.lang.Integer>

[2022-04-05 19:22:58 #9 type] 
Type domain.Apustua is not enhanced.

[2022-04-05 19:22:58 #10 type.registry] 
New type domain.Kuota

[2022-04-05 19:22:58 #11 type] 
Type domain.Mugimendua is not enhanced.

[2022-04-05 19:22:58 #12 type] 
Type domain.Kuota is not enhanced.

[2022-04-05 19:22:58 #13 type.registry] 
New type domain.Question

[2022-04-05 19:22:58 #14 type] 
Type domain.Question is not enhanced.

[2022-04-05 19:22:58 #15 type.registry] 
New type java.util.Vector<domain.Kuota>

[2022-04-05 19:22:58 #16 type.registry] 
New type domain.Event

[2022-04-05 19:22:58 #17 type] 
Type domain.Event is not enhanced.

[2022-04-05 19:22:58 #18 type.registry] 
New type java.util.Vector<domain.Question>

[2022-04-05 19:22:58 #19 type.registry] 
New type java.util.Vector<java.lang.Object>

------------------------------------------------------------------------------------------------------------------------

[2022-04-05 19:23:26 #1 store] 
Database '/home/xairaur/eclipse-workspace1/Bets21.zip_expanded/Bets21/src/main/resources/bets.temp' is opened by 20202@gorria

[2022-04-05 19:23:26 #2 type.registry] 
New type domain.Erabiltzailea

[2022-04-05 19:23:26 #3 type] 
Type domain.Erabiltzailea is not enhanced.

[2022-04-05 19:23:26 #4 type.registry] 
New type domain.Apustua

[2022-04-05 19:23:26 #5 type.registry] 
New type java.util.Vector<domain.Apustua>

[2022-04-05 19:23:26 #6 type.registry] 
New type domain.Mugimendua

[2022-04-05 19:23:26 #7 type.registry] 
New type java.util.Vector<domain.Mugimendua>

[2022-04-05 19:23:26 #8 type.registry] 
New type java.util.Vector<java.lang.Integer>

[2022-04-05 19:23:26 #9 type] 
Type domain.Apustua is not enhanced.

[2022-04-05 19:23:26 #10 type.registry] 
New type domain.Kuota

[2022-04-05 19:23:26 #11 type] 
Type domain.Mugimendua is not enhanced.

[2022-04-05 19:23:26 #12 type] 
Type domain.Kuota is not enhanced.

[2022-04-05 19:23:26 #13 type.registry] 
New type domain.Question

[2022-04-05 19:23:26 #14 type] 
Type domain.Question is not enhanced.

[2022-04-05 19:23:26 #15 type.registry] 
New type java.util.Vector<domain.Kuota>

[2022-04-05 19:23:26 #16 type.registry] 
New type domain.Event

[2022-04-05 19:23:26 #17 type] 
Type domain.Event is not enhanced.

[2022-04-05 19:23:26 #18 type.registry] 
New type java.util.Vector<domain.Question>

[2022-04-05 19:23:26 #19 type.registry] 
New type java.util.Vector<java.lang.Object>

------------------------------------------------------------------------------------------------------------------------

[2022-04-05 19:26:14 #1 store] 
Database '/home/xairaur/eclipse-workspace1/Bets21.zip_expanded/Bets21/src/main/resources/bets.temp' is opened by 20488@gorria

[2022-04-05 19:26:14 #2 type.registry] 
New type domain.Erabiltzailea

[2022-04-05 19:26:14 #3 type] 
Type domain.Erabiltzailea is not enhanced.

[2022-04-05 19:26:14 #4 type.registry] 
New type domain.Apustua

[2022-04-05 19:26:14 #5 type.registry] 
New type java.util.Vector<domain.Apustua>

[2022-04-05 19:26:14 #6 type.registry] 
New type domain.Mugimendua

[2022-04-05 19:26:14 #7 type.registry] 
New type java.util.Vector<domain.Mugimendua>

[2022-04-05 19:26:14 #8 type.registry] 
New type java.util.Vector<java.lang.Integer>

[2022-04-05 19:26:14 #9 type] 
Type domain.Apustua is not enhanced.

[2022-04-05 19:26:14 #10 type.registry] 
New type domain.Kuota

[2022-04-05 19:26:14 #11 type] 
Type domain.Mugimendua is not enhanced.

[2022-04-05 19:26:14 #12 type] 
Type domain.Kuota is not enhanced.

[2022-04-05 19:26:14 #13 type.registry] 
New type domain.Question

[2022-04-05 19:26:14 #14 type] 
Type domain.Question is not enhanced.

[2022-04-05 19:26:14 #15 type.registry] 
New type java.util.Vector<domain.Kuota>

[2022-04-05 19:26:14 #16 type.registry] 
New type domain.Event

[2022-04-05 19:26:14 #17 type] 
Type domain.Event is not enhanced.

[2022-04-05 19:26:14 #18 type.registry] 
New type java.util.Vector<domain.Question>

[2022-04-05 19:26:14 #19 type.registry] 
New type java.util.Vector<java.lang.Object>

------------------------------------------------------------------------------------------------------------------------

[2022-04-05 19:31:43 #1 store] 
Database '/home/xairaur/eclipse-workspace1/Bets21.zip_expanded/Bets21/src/main/resources/bets.temp' is opened by 20992@gorria

[2022-04-05 19:31:43 #2 type.registry] 
New type domain.Erabiltzailea

[2022-04-05 19:31:43 #3 type] 
Type domain.Erabiltzailea is not enhanced.

[2022-04-05 19:31:43 #4 type.registry] 
New type domain.Apustua

[2022-04-05 19:31:43 #5 type.registry] 
New type java.util.Vector<domain.Apustua>

[2022-04-05 19:31:43 #6 type.registry] 
New type domain.Mugimendua

[2022-04-05 19:31:43 #7 type.registry] 
New type java.util.Vector<domain.Mugimendua>

[2022-04-05 19:31:43 #8 type.registry] 
New type java.util.Vector<java.lang.Integer>

[2022-04-05 19:31:43 #9 type] 
Type domain.Apustua is not enhanced.

[2022-04-05 19:31:43 #10 type.registry] 
New type domain.Kuota

[2022-04-05 19:31:43 #11 type] 
Type domain.Mugimendua is not enhanced.

[2022-04-05 19:31:43 #12 type] 
Type domain.Kuota is not enhanced.

[2022-04-05 19:31:43 #13 type.registry] 
New type domain.Question

[2022-04-05 19:31:43 #14 type] 
Type domain.Question is not enhanced.

[2022-04-05 19:31:43 #15 type.registry] 
New type java.util.Vector<domain.Kuota>

[2022-04-05 19:31:43 #16 type.registry] 
New type domain.Event

[2022-04-05 19:31:43 #17 type] 
Type domain.Event is not enhanced.

[2022-04-05 19:31:43 #18 type.registry] 
New type java.util.Vector<domain.Question>

[2022-04-05 19:31:43 #19 type.registry] 
New type java.util.Vector<java.lang.Object>

------------------------------------------------------------------------------------------------------------------------

[2022-04-05 19:33:41 #1 store] 
Database '/home/xairaur/eclipse-workspace1/Bets21.zip_expanded/Bets21/src/main/resources/bets.temp' has been recovered (tr. 1-9)

[2022-04-05 19:33:41 #2 store] 
Database '/home/xairaur/eclipse-workspace1/Bets21.zip_expanded/Bets21/src/main/resources/bets.temp' is opened by 21106@gorria

[2022-04-05 19:33:41 #3 type] 
Type domain.Erabiltzailea is not enhanced.

[2022-04-05 19:33:41 #4 type] 
Type domain.Apustua is not enhanced.

[2022-04-05 19:33:41 #5 type] 
Type domain.Mugimendua is not enhanced.

[2022-04-05 19:33:41 #6 type] 
Type domain.Kuota is not enhanced.

[2022-04-05 19:33:41 #7 type] 
Type domain.Question is not enhanced.

[2022-04-05 19:33:41 #8 type] 
Type domain.Event is not enhanced.

------------------------------------------------------------------------------------------------------------------------

[2022-04-05 19:35:59 #1 store] 
Database '/home/xairaur/eclipse-workspace1/Bets21.zip_expanded/Bets21/src/main/resources/bets.temp' has been recovered (tr. 11-11)

[2022-04-05 19:35:59 #2 store] 
Database '/home/xairaur/eclipse-workspace1/Bets21.zip_expanded/Bets21/src/main/resources/bets.temp' is opened by 21348@gorria

[2022-04-05 19:35:59 #3 type] 
Type domain.Erabiltzailea is not enhanced.

[2022-04-05 19:35:59 #4 type] 
Type domain.Apustua is not enhanced.

[2022-04-05 19:35:59 #5 type] 
Type domain.Mugimendua is not enhanced.

[2022-04-05 19:35:59 #6 type] 
Type domain.Kuota is not enhanced.

[2022-04-05 19:35:59 #7 type] 
Type domain.Question is not enhanced.

[2022-04-05 19:35:59 #8 type] 
Type domain.Event is not enhanced.

------------------------------------------------------------------------------------------------------------------------

[2022-04-05 19:36:34 #1 store] 
Database '/home/xairaur/eclipse-workspace1/Bets21.zip_expanded/Bets21/src/main/resources/bets.temp' has been recovered (tr. 12-13)

[2022-04-05 19:36:34 #2 store] 
Database '/home/xairaur/eclipse-workspace1/Bets21.zip_expanded/Bets21/src/main/resources/bets.temp' is opened by 21431@gorria

[2022-04-05 19:36:34 #3 type] 
Type domain.Erabiltzailea is not enhanced.

[2022-04-05 19:36:34 #4 type] 
Type domain.Apustua is not enhanced.

[2022-04-05 19:36:34 #5 type] 
Type domain.Mugimendua is not enhanced.

[2022-04-05 19:36:34 #6 type] 
Type domain.Kuota is not enhanced.

[2022-04-05 19:36:34 #7 type] 
Type domain.Question is not enhanced.

[2022-04-05 19:36:34 #8 type] 
Type domain.Event is not enhanced.

------------------------------------------------------------------------------------------------------------------------

[2022-04-05 21:47:14 #1 store] 
Database '/home/xairaur/eclipse-workspace1/Bets21.zip_expanded/Bets21/src/main/resources/bets.temp' has been recovered (tr. 15-16)

[2022-04-05 21:47:14 #2 store] 
Database '/home/xairaur/eclipse-workspace1/Bets21.zip_expanded/Bets21/src/main/resources/bets.temp' is opened by 25714@gorria

[2022-04-05 21:47:15 #3 type] 
Type domain.Erabiltzailea is not enhanced.

[2022-04-05 21:47:15 #4 type] 
Type domain.Apustua is not enhanced.

[2022-04-05 21:47:15 #5 type] 
Type domain.Mugimendua is not enhanced.

[2022-04-05 21:47:15 #6 type] 
Type domain.Kuota is not enhanced.

[2022-04-05 21:47:15 #7 type] 
Type domain.Question is not enhanced.

[2022-04-05 21:47:15 #8 type] 
Type domain.Event is not enhanced.

------------------------------------------------------------------------------------------------------------------------

[2022-04-05 21:48:57 #1 store] 
Database '/home/xairaur/eclipse-workspace1/Bets21.zip_expanded/Bets21/src/main/resources/bets.temp' is opened by 25860@gorria

[2022-04-05 21:48:57 #2 type] 
Type domain.Erabiltzailea is not enhanced.

[2022-04-05 21:48:57 #3 type] 
Type domain.Apustua is not enhanced.

[2022-04-05 21:48:57 #4 type] 
Type domain.Mugimendua is not enhanced.

[2022-04-05 21:48:57 #5 type] 
Type domain.Kuota is not enhanced.

[2022-04-05 21:48:57 #6 type] 
Type domain.Question is not enhanced.

[2022-04-05 21:48:57 #7 type] 
Type domain.Event is not enhanced.

------------------------------------------------------------------------------------------------------------------------

[2022-04-05 21:54:21 #1 store] 
Database '/home/xairaur/eclipse-workspace1/Bets21.zip_expanded/Bets21/src/main/resources/bets.temp' is opened by 26156@gorria

[2022-04-05 21:54:21 #2 type] 
Type domain.Erabiltzailea is not enhanced.

[2022-04-05 21:54:21 #3 type] 
Type domain.Apustua is not enhanced.

[2022-04-05 21:54:21 #4 type] 
Type domain.Mugimendua is not enhanced.

[2022-04-05 21:54:21 #5 type] 
Type domain.Kuota is not enhanced.

[2022-04-05 21:54:21 #6 type] 
Type domain.Question is not enhanced.

[2022-04-05 21:54:21 #7 type] 
Type domain.Event is not enhanced.

------------------------------------------------------------------------------------------------------------------------

[2022-04-05 21:56:36 #1 store] 
Database '/home/xairaur/eclipse-workspace1/Bets21.zip_expanded/Bets21/src/main/resources/bets.temp' has been recovered (tr. 17-17)

[2022-04-05 21:56:36 #2 store] 
Database '/home/xairaur/eclipse-workspace1/Bets21.zip_expanded/Bets21/src/main/resources/bets.temp' is opened by 26330@gorria

[2022-04-05 21:56:36 #3 type] 
Type domain.Erabiltzailea is not enhanced.

[2022-04-05 21:56:36 #4 type] 
Type domain.Apustua is not enhanced.

[2022-04-05 21:56:36 #5 type] 
Type domain.Mugimendua is not enhanced.

[2022-04-05 21:56:36 #6 type] 
Type domain.Kuota is not enhanced.

[2022-04-05 21:56:36 #7 type] 
Type domain.Question is not enhanced.

[2022-04-05 21:56:36 #8 type] 
Type domain.Event is not enhanced.

------------------------------------------------------------------------------------------------------------------------

[2022-04-05 22:09:20 #1 store] 
Database '/home/xairaur/eclipse-workspace1/Bets21.zip_expanded/Bets21/src/main/resources/bets.temp' has been recovered (tr. 18-24)

[2022-04-05 22:09:20 #2 store] 
Database '/home/xairaur/eclipse-workspace1/Bets21.zip_expanded/Bets21/src/main/resources/bets.temp' is opened by 26837@gorria

[2022-04-05 22:09:20 #3 type] 
Type domain.Erabiltzailea is not enhanced.

[2022-04-05 22:09:20 #4 type] 
Type domain.Apustua is not enhanced.

[2022-04-05 22:09:20 #5 type] 
Type domain.Mugimendua is not enhanced.

[2022-04-05 22:09:20 #6 type] 
Type domain.Kuota is not enhanced.

[2022-04-05 22:09:20 #7 type] 
Type domain.Question is not enhanced.

[2022-04-05 22:09:20 #8 type] 
Type domain.Event is not enhanced.

------------------------------------------------------------------------------------------------------------------------

[2022-04-05 22:36:11 #1 store] 
Database '/home/xairaur/eclipse-workspace1/Bets21.zip_expanded/Bets21/src/main/resources/bets.temp' has been recovered (tr. 25-26)

[2022-04-05 22:36:12 #2 store] 
Database '/home/xairaur/eclipse-workspace1/Bets21.zip_expanded/Bets21/src/main/resources/bets.temp' is opened by 27589@gorria

[2022-04-05 22:36:12 #3 type] 
Type domain.Erabiltzailea is not enhanced.

[2022-04-05 22:36:12 #4 type] 
Type domain.Apustua is not enhanced.

[2022-04-05 22:36:12 #5 type] 
Type domain.Mugimendua is not enhanced.

[2022-04-05 22:36:12 #6 type] 
Type domain.Kuota is not enhanced.

[2022-04-05 22:36:12 #7 type] 
Type domain.Question is not enhanced.

[2022-04-05 22:36:12 #8 type] 
Type domain.Event is not enhanced.

------------------------------------------------------------------------------------------------------------------------

[2022-04-05 22:38:22 #1 store] 
Database '/home/xairaur/eclipse-workspace1/Bets21.zip_expanded/Bets21/src/main/resources/bets.temp' has been recovered (tr. 27-28)

[2022-04-05 22:38:22 #2 store] 
Database '/home/xairaur/eclipse-workspace1/Bets21.zip_expanded/Bets21/src/main/resources/bets.temp' is opened by 27751@gorria

[2022-04-05 22:38:22 #3 type] 
Type domain.Erabiltzailea is not enhanced.

[2022-04-05 22:38:22 #4 type] 
Type domain.Apustua is not enhanced.

[2022-04-05 22:38:22 #5 type] 
Type domain.Mugimendua is not enhanced.

[2022-04-05 22:38:22 #6 type] 
Type domain.Kuota is not enhanced.

[2022-04-05 22:38:22 #7 type] 
Type domain.Question is not enhanced.

[2022-04-05 22:38:22 #8 type] 
Type domain.Event is not enhanced.

------------------------------------------------------------------------------------------------------------------------

[2022-04-05 22:49:54 #1 store] 
Database '/home/xairaur/eclipse-workspace1/Bets21.zip_expanded/Bets21/src/main/resources/bets.temp' has been recovered (tr. 29-37)

[2022-04-05 22:49:54 #2 store] 
Database '/home/xairaur/eclipse-workspace1/Bets21.zip_expanded/Bets21/src/main/resources/bets.temp' is opened by 28335@gorria

[2022-04-05 22:49:54 #3 type] 
Type domain.Erabiltzailea is not enhanced.

[2022-04-05 22:49:54 #4 type] 
Type domain.Apustua is not enhanced.

[2022-04-05 22:49:54 #5 type] 
Type domain.Mugimendua is not enhanced.

[2022-04-05 22:49:54 #6 type] 
Type domain.Kuota is not enhanced.

[2022-04-05 22:49:54 #7 type] 
Type domain.Question is not enhanced.

[2022-04-05 22:49:54 #8 type] 
Type domain.Event is not enhanced.

------------------------------------------------------------------------------------------------------------------------

[2022-04-05 22:52:00 #1 store] 
Database '/home/xairaur/eclipse-workspace1/Bets21.zip_expanded/Bets21/src/main/resources/bets.temp' has been recovered (tr. 38-39)

[2022-04-05 22:52:00 #2 store] 
Database '/home/xairaur/eclipse-workspace1/Bets21.zip_expanded/Bets21/src/main/resources/bets.temp' is opened by 28463@gorria

[2022-04-05 22:52:00 #3 type] 
Type domain.Erabiltzailea is not enhanced.

[2022-04-05 22:52:00 #4 type] 
Type domain.Apustua is not enhanced.

[2022-04-05 22:52:00 #5 type] 
Type domain.Mugimendua is not enhanced.

[2022-04-05 22:52:00 #6 type] 
Type domain.Kuota is not enhanced.

[2022-04-05 22:52:00 #7 type] 
Type domain.Question is not enhanced.

[2022-04-05 22:52:00 #8 type] 
Type domain.Event is not enhanced.

------------------------------------------------------------------------------------------------------------------------

[2022-04-05 22:56:45 #1 store] 
Database '/home/xairaur/eclipse-workspace1/Bets21.zip_expanded/Bets21/src/main/resources/bets.temp' is opened by 28840@gorria

[2022-04-05 22:56:45 #2 type] 
Type domain.Erabiltzailea is not enhanced.

[2022-04-05 22:56:45 #3 type] 
Type domain.Apustua is not enhanced.

[2022-04-05 22:56:45 #4 type] 
Type domain.Mugimendua is not enhanced.

[2022-04-05 22:56:45 #5 type] 
Type domain.Kuota is not enhanced.

[2022-04-05 22:56:45 #6 type] 
Type domain.Question is not enhanced.

[2022-04-05 22:56:45 #7 type] 
Type domain.Event is not enhanced.

------------------------------------------------------------------------------------------------------------------------

[2022-04-05 23:00:08 #1 store] 
Database '/home/xairaur/eclipse-workspace1/Bets21.zip_expanded/Bets21/src/main/resources/bets.temp' is opened by 29262@gorria

[2022-04-05 23:00:08 #2 type] 
Type domain.Erabiltzailea is not enhanced.

[2022-04-05 23:00:08 #3 type] 
Type domain.Apustua is not enhanced.

[2022-04-05 23:00:08 #4 type] 
Type domain.Mugimendua is not enhanced.

[2022-04-05 23:00:08 #5 type] 
Type domain.Kuota is not enhanced.

[2022-04-05 23:00:08 #6 type] 
Type domain.Question is not enhanced.

[2022-04-05 23:00:09 #7 type] 
Type domain.Event is not enhanced.

------------------------------------------------------------------------------------------------------------------------

[2022-04-05 23:07:20 #1 store] 
Database '/home/xairaur/eclipse-workspace1/Bets21.zip_expanded/Bets21/src/main/resources/bets.temp' is opened by 29510@gorria

[2022-04-05 23:07:20 #2 type] 
Type domain.Erabiltzailea is not enhanced.

[2022-04-05 23:07:20 #3 type] 
Type domain.Apustua is not enhanced.

[2022-04-05 23:07:20 #4 type] 
Type domain.Mugimendua is not enhanced.

[2022-04-05 23:07:20 #5 type] 
Type domain.Kuota is not enhanced.

[2022-04-05 23:07:20 #6 type] 
Type domain.Question is not enhanced.

[2022-04-05 23:07:20 #7 type] 
Type domain.Event is not enhanced.

------------------------------------------------------------------------------------------------------------------------

[2022-04-05 23:13:16 #1 store] 
Database '/home/xairaur/eclipse-workspace1/Bets21.zip_expanded/Bets21/src/main/resources/bets.temp' has been recovered (tr. 47-55)

[2022-04-05 23:13:16 #2 store] 
Database '/home/xairaur/eclipse-workspace1/Bets21.zip_expanded/Bets21/src/main/resources/bets.temp' is opened by 29813@gorria

[2022-04-05 23:13:16 #3 type] 
Type domain.Erabiltzailea is not enhanced.

[2022-04-05 23:13:16 #4 type] 
Type domain.Apustua is not enhanced.

[2022-04-05 23:13:16 #5 type] 
Type domain.Mugimendua is not enhanced.

[2022-04-05 23:13:16 #6 type] 
Type domain.Kuota is not enhanced.

[2022-04-05 23:13:16 #7 type] 
Type domain.Question is not enhanced.

[2022-04-05 23:13:16 #8 type] 
Type domain.Event is not enhanced.

------------------------------------------------------------------------------------------------------------------------

[2022-04-05 23:16:08 #1 store] 
Database '/home/xairaur/eclipse-workspace1/Bets21.zip_expanded/Bets21/src/main/resources/bets.temp' is opened by 29979@gorria

[2022-04-05 23:16:08 #2 type] 
Type domain.Erabiltzailea is not enhanced.

[2022-04-05 23:16:08 #3 type] 
Type domain.Apustua is not enhanced.

[2022-04-05 23:16:08 #4 type] 
Type domain.Mugimendua is not enhanced.

[2022-04-05 23:16:08 #5 type] 
Type domain.Kuota is not enhanced.

[2022-04-05 23:16:08 #6 type] 
Type domain.Question is not enhanced.

[2022-04-05 23:16:08 #7 type] 
Type domain.Event is not enhanced.

------------------------------------------------------------------------------------------------------------------------

[2022-04-05 23:24:21 #1 store] 
Database '/home/xairaur/eclipse-workspace1/Bets21.zip_expanded/Bets21/src/main/resources/bets.temp' is opened by 30435@gorria

[2022-04-05 23:24:21 #2 type] 
Type domain.Erabiltzailea is not enhanced.

[2022-04-05 23:24:21 #3 type] 
Type domain.Apustua is not enhanced.

[2022-04-05 23:24:21 #4 type] 
Type domain.Mugimendua is not enhanced.

[2022-04-05 23:24:21 #5 type] 
Type domain.Kuota is not enhanced.

[2022-04-05 23:24:21 #6 type] 
Type domain.Question is not enhanced.

[2022-04-05 23:24:21 #7 type] 
Type domain.Event is not enhanced.

------------------------------------------------------------------------------------------------------------------------

[2022-04-05 23:28:21 #1 store] 
Database '/home/xairaur/eclipse-workspace1/Bets21.zip_expanded/Bets21/src/main/resources/bets.temp' is opened by 30727@gorria

[2022-04-05 23:28:21 #2 type] 
Type domain.Erabiltzailea is not enhanced.

[2022-04-05 23:28:21 #3 type] 
Type domain.Apustua is not enhanced.

[2022-04-05 23:28:21 #4 type] 
Type domain.Mugimendua is not enhanced.

[2022-04-05 23:28:21 #5 type] 
Type domain.Kuota is not enhanced.

[2022-04-05 23:28:21 #6 type] 
Type domain.Question is not enhanced.

[2022-04-05 23:28:21 #7 type] 
Type domain.Event is not enhanced.

------------------------------------------------------------------------------------------------------------------------

[2022-04-05 23:29:57 #1 store] 
Database '/home/xairaur/eclipse-workspace1/Bets21.zip_expanded/Bets21/src/main/resources/bets.temp' is opened by 30984@gorria

[2022-04-05 23:29:57 #2 type] 
Type domain.Erabiltzailea is not enhanced.

[2022-04-05 23:29:57 #3 type] 
Type domain.Apustua is not enhanced.

[2022-04-05 23:29:57 #4 type] 
Type domain.Mugimendua is not enhanced.

[2022-04-05 23:29:57 #5 type] 
Type domain.Kuota is not enhanced.

[2022-04-05 23:29:57 #6 type] 
Type domain.Question is not enhanced.

[2022-04-05 23:29:57 #7 type] 
Type domain.Event is not enhanced.

------------------------------------------------------------------------------------------------------------------------

[2022-04-05 23:32:58 #1 store] 
Database '/home/xairaur/eclipse-workspace1/Bets21.zip_expanded/Bets21/src/main/resources/bets.temp' has been recovered (tr. 63-69)

[2022-04-05 23:32:58 #2 store] 
Database '/home/xairaur/eclipse-workspace1/Bets21.zip_expanded/Bets21/src/main/resources/bets.temp' is opened by 31159@gorria

[2022-04-05 23:32:58 #3 type] 
Type domain.Erabiltzailea is not enhanced.

[2022-04-05 23:32:58 #4 type] 
Type domain.Apustua is not enhanced.

[2022-04-05 23:32:58 #5 type] 
Type domain.Mugimendua is not enhanced.

[2022-04-05 23:32:58 #6 type] 
Type domain.Kuota is not enhanced.

[2022-04-05 23:32:58 #7 type] 
Type domain.Question is not enhanced.

[2022-04-05 23:32:58 #8 type] 
Type domain.Event is not enhanced.

------------------------------------------------------------------------------------------------------------------------

[2022-04-05 23:41:36 #1 store] 
Database '/home/xairaur/eclipse-workspace1/Bets21.zip_expanded/Bets21/src/main/resources/bets.temp' has been recovered (tr. 81-91)

[2022-04-05 23:41:36 #2 store] 
Database '/home/xairaur/eclipse-workspace1/Bets21.zip_expanded/Bets21/src/main/resources/bets.temp' is opened by 31577@gorria

[2022-04-05 23:41:36 #3 type] 
Type domain.Erabiltzailea is not enhanced.

[2022-04-05 23:41:36 #4 type] 
Type domain.Apustua is not enhanced.

[2022-04-05 23:41:36 #5 type] 
Type domain.Mugimendua is not enhanced.

[2022-04-05 23:41:36 #6 type] 
Type domain.Kuota is not enhanced.

[2022-04-05 23:41:36 #7 type] 
Type domain.Question is not enhanced.

[2022-04-05 23:41:36 #8 type] 
Type domain.Event is not enhanced.

------------------------------------------------------------------------------------------------------------------------

[2022-04-05 23:43:45 #1 store] 
Database '/home/xairaur/eclipse-workspace1/Bets21.zip_expanded/Bets21/src/main/resources/bets.temp' is opened by 31802@gorria

[2022-04-05 23:43:45 #2 type.registry] 
New type domain.Erabiltzailea

[2022-04-05 23:43:45 #3 type] 
Type domain.Erabiltzailea is not enhanced.

[2022-04-05 23:43:45 #4 type.registry] 
New type domain.Apustua

[2022-04-05 23:43:45 #5 type.registry] 
New type java.util.Vector<domain.Apustua>

[2022-04-05 23:43:45 #6 type.registry] 
New type domain.Mugimendua

[2022-04-05 23:43:45 #7 type.registry] 
New type java.util.Vector<domain.Mugimendua>

[2022-04-05 23:43:45 #8 type.registry] 
New type java.util.Vector<java.lang.Integer>

[2022-04-05 23:43:45 #9 type] 
Type domain.Apustua is not enhanced.

[2022-04-05 23:43:45 #10 type.registry] 
New type domain.Kuota

[2022-04-05 23:43:45 #11 type] 
Type domain.Mugimendua is not enhanced.

[2022-04-05 23:43:45 #12 type] 
Type domain.Kuota is not enhanced.

[2022-04-05 23:43:45 #13 type.registry] 
New type domain.Question

[2022-04-05 23:43:45 #14 type] 
Type domain.Question is not enhanced.

[2022-04-05 23:43:45 #15 type.registry] 
New type java.util.Vector<domain.Kuota>

[2022-04-05 23:43:45 #16 type.registry] 
New type domain.Event

[2022-04-05 23:43:45 #17 type] 
Type domain.Event is not enhanced.

[2022-04-05 23:43:45 #18 type.registry] 
New type java.util.Vector<domain.Question>

[2022-04-05 23:43:45 #19 type.registry] 
New type java.util.Vector<java.lang.Object>

------------------------------------------------------------------------------------------------------------------------

[2022-04-05 23:51:52 #1 store] 
Database '/home/xairaur/eclipse-workspace1/Bets21.zip_expanded/Bets21/src/main/resources/bets.temp' is opened by 34138@gorria

[2022-04-05 23:51:53 #2 type.registry] 
New type domain.Erabiltzailea

[2022-04-05 23:51:53 #3 type] 
Type domain.Erabiltzailea is not enhanced.

[2022-04-05 23:51:53 #4 type.registry] 
New type domain.Apustua

[2022-04-05 23:51:53 #5 type.registry] 
New type java.util.Vector<domain.Apustua>

[2022-04-05 23:51:53 #6 type.registry] 
New type domain.Mugimendua

[2022-04-05 23:51:53 #7 type.registry] 
New type java.util.Vector<domain.Mugimendua>

[2022-04-05 23:51:53 #8 type.registry] 
New type java.util.Vector<java.lang.Integer>

[2022-04-05 23:51:53 #9 type] 
Type domain.Apustua is not enhanced.

[2022-04-05 23:51:53 #10 type.registry] 
New type domain.Kuota

[2022-04-05 23:51:53 #11 type] 
Type domain.Mugimendua is not enhanced.

[2022-04-05 23:51:53 #12 type] 
Type domain.Kuota is not enhanced.

[2022-04-05 23:51:53 #13 type.registry] 
New type domain.Question

[2022-04-05 23:51:53 #14 type] 
Type domain.Question is not enhanced.

[2022-04-05 23:51:53 #15 type.registry] 
New type java.util.Vector<domain.Kuota>

[2022-04-05 23:51:53 #16 type.registry] 
New type domain.Event

[2022-04-05 23:51:53 #17 type] 
Type domain.Event is not enhanced.

[2022-04-05 23:51:53 #18 type.registry] 
New type java.util.Vector<domain.Question>

[2022-04-05 23:51:53 #19 type.registry] 
New type java.util.Vector<java.lang.Object>

------------------------------------------------------------------------------------------------------------------------

[2022-04-05 23:53:52 #1 store] 
Database '/home/xairaur/eclipse-workspace1/Bets21.zip_expanded/Bets21/src/main/resources/bets.temp' has been recovered (tr. 1-5)

[2022-04-05 23:53:52 #2 store] 
Database '/home/xairaur/eclipse-workspace1/Bets21.zip_expanded/Bets21/src/main/resources/bets.temp' is opened by 34371@gorria

[2022-04-05 23:53:52 #3 type] 
Type domain.Erabiltzailea is not enhanced.

[2022-04-05 23:53:52 #4 type] 
Type domain.Apustua is not enhanced.

[2022-04-05 23:53:52 #5 type] 
Type domain.Mugimendua is not enhanced.

[2022-04-05 23:53:52 #6 type] 
Type domain.Kuota is not enhanced.

[2022-04-05 23:53:52 #7 type] 
Type domain.Question is not enhanced.

[2022-04-05 23:53:52 #8 type] 
Type domain.Event is not enhanced.

